[2026-03-08T00:03:06.806+0000] {local_task_job_runner.py:123} INFO - ::group::Pre task execution logs
[2026-03-08T00:03:06.815+0000] {taskinstance.py:2612} INFO - Dependencies all met for dep_context=non-requeueable deps ti=<TaskInstance: weather_ETL_incremental.load manual__2026-03-08T00:03:02.786377+00:00 [queued]>
[2026-03-08T00:03:06.819+0000] {taskinstance.py:2612} INFO - Dependencies all met for dep_context=requeueable deps ti=<TaskInstance: weather_ETL_incremental.load manual__2026-03-08T00:03:02.786377+00:00 [queued]>
[2026-03-08T00:03:06.819+0000] {taskinstance.py:2865} INFO - Starting attempt 1 of 1
[2026-03-08T00:03:06.824+0000] {taskinstance.py:2888} INFO - Executing <Task(_PythonDecoratedOperator): load> on 2026-03-08 00:03:02.786377+00:00
[2026-03-08T00:03:06.831+0000] {logging_mixin.py:190} WARNING - /home/***/.local/lib/python3.12/site-packages/***/task/task_runner/standard_task_runner.py:70 DeprecationWarning: This process (pid=1522) is multi-threaded, use of fork() may lead to deadlocks in the child.
[2026-03-08T00:03:06.832+0000] {standard_task_runner.py:72} INFO - Started process 1525 to run task
[2026-03-08T00:03:06.831+0000] {standard_task_runner.py:104} INFO - Running: ['***', 'tasks', 'run', 'weather_ETL_incremental', 'load', 'manual__2026-03-08T00:03:02.786377+00:00', '--job-id', '25', '--raw', '--subdir', 'DAGS_FOLDER/hw6_placeholder.py', '--cfg-path', '/tmp/tmpzxu_jute']
[2026-03-08T00:03:06.835+0000] {standard_task_runner.py:105} INFO - Job 25: Subtask load
[2026-03-08T00:03:06.861+0000] {task_command.py:467} INFO - Running <TaskInstance: weather_ETL_incremental.load manual__2026-03-08T00:03:02.786377+00:00 [running]> on host 24e32a6f0b7c
[2026-03-08T00:03:06.910+0000] {taskinstance.py:3131} INFO - Exporting env vars: AIRFLOW_CTX_DAG_OWNER='***' AIRFLOW_CTX_DAG_ID='weather_ETL_incremental' AIRFLOW_CTX_TASK_ID='load' AIRFLOW_CTX_EXECUTION_DATE='2026-03-08T00:03:02.786377+00:00' AIRFLOW_CTX_TRY_NUMBER='1' AIRFLOW_CTX_DAG_RUN_ID='manual__2026-03-08T00:03:02.786377+00:00'
[2026-03-08T00:03:06.911+0000] {taskinstance.py:731} INFO - ::endgroup::
[2026-03-08T00:03:06.913+0000] {logging_mixin.py:190} INFO - ========= Updating 2026-03-08's data ===========
[2026-03-08T00:03:06.919+0000] {base.py:84} INFO - Retrieving connection 'snowflake_conn'
[2026-03-08T00:03:06.920+0000] {connection.py:413} INFO - Snowflake Connector for Python Version: 3.12.1, Python Version: 3.12.5, Platform: Linux-6.12.68-linuxkit-aarch64-with-glibc2.36
[2026-03-08T00:03:06.920+0000] {connection.py:1196} INFO - Connecting to GLOBAL Snowflake domain
[2026-03-08T00:03:06.920+0000] {connection.py:1277} INFO - This connection is in OCSP Fail Open Mode. TLS Certificates would be checked for validity and revocation status. Any other Certificate Revocation related exceptions or OCSP Responder failures would be disregarded in favor of connectivity.
[2026-03-08T00:03:09.653+0000] {cursor.py:1156} INFO - Number of results in first chunk: 1
[2026-03-08T00:03:10.161+0000] {cursor.py:1156} INFO - Number of results in first chunk: 1
[2026-03-08T00:03:11.692+0000] {cursor.py:1156} INFO - Number of results in first chunk: 1
[2026-03-08T00:03:12.162+0000] {cursor.py:1156} INFO - Number of results in first chunk: 1
[2026-03-08T00:03:14.303+0000] {cursor.py:1156} INFO - Number of results in first chunk: 1
[2026-03-08T00:03:15.891+0000] {cursor.py:1156} INFO - Number of results in first chunk: 1
[2026-03-08T00:03:15.893+0000] {python.py:240} INFO - Done. Returned value was: None
[2026-03-08T00:03:15.943+0000] {taskinstance.py:340} INFO - ::group::Post task execution logs
[2026-03-08T00:03:15.944+0000] {taskinstance.py:352} INFO - Marking task as SUCCESS. dag_id=weather_ETL_incremental, task_id=load, run_id=manual__2026-03-08T00:03:02.786377+00:00, execution_date=20260308T000302, start_date=20260308T000306, end_date=20260308T000315
[2026-03-08T00:03:16.027+0000] {local_task_job_runner.py:266} INFO - Task exited with return code 0
[2026-03-08T00:03:16.227+0000] {taskinstance.py:3900} INFO - 0 downstream tasks scheduled from follow-on schedule check
[2026-03-08T00:03:16.228+0000] {local_task_job_runner.py:245} INFO - ::endgroup::
