[2026-03-03T02:30:20.290+0000] {local_task_job_runner.py:123} INFO - ::group::Pre task execution logs
[2026-03-03T02:30:20.304+0000] {taskinstance.py:2612} INFO - Dependencies all met for dep_context=non-requeueable deps ti=<TaskInstance: Lab1_ETL.load_V2 scheduled__2026-03-02T02:30:00+00:00 [queued]>
[2026-03-03T02:30:20.310+0000] {taskinstance.py:2612} INFO - Dependencies all met for dep_context=requeueable deps ti=<TaskInstance: Lab1_ETL.load_V2 scheduled__2026-03-02T02:30:00+00:00 [queued]>
[2026-03-03T02:30:20.310+0000] {taskinstance.py:2865} INFO - Starting attempt 1 of 1
[2026-03-03T02:30:20.319+0000] {taskinstance.py:2888} INFO - Executing <Task(_PythonDecoratedOperator): load_V2> on 2026-03-02 02:30:00+00:00
[2026-03-03T02:30:20.329+0000] {logging_mixin.py:190} WARNING - /home/***/.local/lib/python3.12/site-packages/***/task/task_runner/standard_task_runner.py:70 DeprecationWarning: This process (pid=11847) is multi-threaded, use of fork() may lead to deadlocks in the child.
[2026-03-03T02:30:20.330+0000] {standard_task_runner.py:72} INFO - Started process 11850 to run task
[2026-03-03T02:30:20.330+0000] {standard_task_runner.py:104} INFO - Running: ['***', 'tasks', 'run', 'Lab1_ETL', 'load_V2', 'scheduled__2026-03-02T02:30:00+00:00', '--job-id', '22', '--raw', '--subdir', 'DAGS_FOLDER/ETL.py', '--cfg-path', '/tmp/tmpji6z1dop']
[2026-03-03T02:30:20.333+0000] {standard_task_runner.py:105} INFO - Job 22: Subtask load_V2
[2026-03-03T02:30:20.392+0000] {task_command.py:467} INFO - Running <TaskInstance: Lab1_ETL.load_V2 scheduled__2026-03-02T02:30:00+00:00 [running]> on host 26a15a446f7c
[2026-03-03T02:30:20.461+0000] {taskinstance.py:3131} INFO - Exporting env vars: AIRFLOW_CTX_DAG_OWNER='***' AIRFLOW_CTX_DAG_ID='Lab1_ETL' AIRFLOW_CTX_TASK_ID='load_V2' AIRFLOW_CTX_EXECUTION_DATE='2026-03-02T02:30:00+00:00' AIRFLOW_CTX_TRY_NUMBER='1' AIRFLOW_CTX_DAG_RUN_ID='scheduled__2026-03-02T02:30:00+00:00'
[2026-03-03T02:30:20.462+0000] {taskinstance.py:731} INFO - ::endgroup::
[2026-03-03T02:30:20.480+0000] {base.py:84} INFO - Retrieving connection 'snowflake_conn'
[2026-03-03T02:30:20.481+0000] {connection.py:413} INFO - Snowflake Connector for Python Version: 3.12.1, Python Version: 3.12.5, Platform: Linux-6.12.68-linuxkit-aarch64-with-glibc2.36
[2026-03-03T02:30:20.482+0000] {connection.py:1196} INFO - Connecting to GLOBAL Snowflake domain
[2026-03-03T02:30:20.482+0000] {connection.py:1277} INFO - This connection is in OCSP Fail Open Mode. TLS Certificates would be checked for validity and revocation status. Any other Certificate Revocation related exceptions or OCSP Responder failures would be disregarded in favor of connectivity.
[2026-03-03T02:30:22.103+0000] {cursor.py:1156} INFO - Number of results in first chunk: 1
[2026-03-03T02:30:22.283+0000] {cursor.py:1156} INFO - Number of results in first chunk: 1
[2026-03-03T02:30:26.424+0000] {cursor.py:1156} INFO - Number of results in first chunk: 1
[2026-03-03T02:30:26.427+0000] {logging_mixin.py:190} INFO - Successfully loaded 120 rows for multiple locations!
[2026-03-03T02:30:26.428+0000] {connection.py:788} INFO - closed
[2026-03-03T02:30:26.484+0000] {connection.py:794} INFO - No async queries seem to be running, deleting session
[2026-03-03T02:30:26.568+0000] {python.py:240} INFO - Done. Returned value was: None
[2026-03-03T02:30:26.588+0000] {taskinstance.py:340} INFO - ::group::Post task execution logs
[2026-03-03T02:30:26.588+0000] {taskinstance.py:352} INFO - Marking task as SUCCESS. dag_id=Lab1_ETL, task_id=load_V2, run_id=scheduled__2026-03-02T02:30:00+00:00, execution_date=20260302T023000, start_date=20260303T023020, end_date=20260303T023026
[2026-03-03T02:30:26.632+0000] {local_task_job_runner.py:266} INFO - Task exited with return code 0
[2026-03-03T02:30:26.645+0000] {taskinstance.py:3900} INFO - 0 downstream tasks scheduled from follow-on schedule check
[2026-03-03T02:30:26.647+0000] {local_task_job_runner.py:245} INFO - ::endgroup::
