[2026-03-02T02:04:02.755+0000] {local_task_job_runner.py:123} INFO - ::group::Pre task execution logs
[2026-03-02T02:04:02.789+0000] {taskinstance.py:2612} INFO - Dependencies all met for dep_context=non-requeueable deps ti=<TaskInstance: Lab1_ML_Forecasting.forecast_and_union scheduled__2026-02-28T02:45:00+00:00 [queued]>
[2026-03-02T02:04:02.800+0000] {taskinstance.py:2612} INFO - Dependencies all met for dep_context=requeueable deps ti=<TaskInstance: Lab1_ML_Forecasting.forecast_and_union scheduled__2026-02-28T02:45:00+00:00 [queued]>
[2026-03-02T02:04:02.800+0000] {taskinstance.py:2865} INFO - Starting attempt 1 of 1
[2026-03-02T02:04:02.819+0000] {taskinstance.py:2888} INFO - Executing <Task(_PythonDecoratedOperator): forecast_and_union> on 2026-02-28 02:45:00+00:00
[2026-03-02T02:04:02.853+0000] {logging_mixin.py:190} WARNING - /home/***/.local/lib/python3.12/site-packages/***/task/task_runner/standard_task_runner.py:70 DeprecationWarning: This process (pid=1711) is multi-threaded, use of fork() may lead to deadlocks in the child.
[2026-03-02T02:04:02.871+0000] {standard_task_runner.py:72} INFO - Started process 1717 to run task
[2026-03-02T02:04:02.854+0000] {standard_task_runner.py:104} INFO - Running: ['***', 'tasks', 'run', 'Lab1_ML_Forecasting', 'forecast_and_union', 'scheduled__2026-02-28T02:45:00+00:00', '--job-id', '8', '--raw', '--subdir', 'DAGS_FOLDER/ML.py', '--cfg-path', '/tmp/tmpigish8_l']
[2026-03-02T02:04:02.877+0000] {standard_task_runner.py:105} INFO - Job 8: Subtask forecast_and_union
[2026-03-02T02:04:03.006+0000] {task_command.py:467} INFO - Running <TaskInstance: Lab1_ML_Forecasting.forecast_and_union scheduled__2026-02-28T02:45:00+00:00 [running]> on host 26a15a446f7c
[2026-03-02T02:04:03.121+0000] {taskinstance.py:3131} INFO - Exporting env vars: AIRFLOW_CTX_DAG_OWNER='***' AIRFLOW_CTX_DAG_ID='Lab1_ML_Forecasting' AIRFLOW_CTX_TASK_ID='forecast_and_union' AIRFLOW_CTX_EXECUTION_DATE='2026-02-28T02:45:00+00:00' AIRFLOW_CTX_TRY_NUMBER='1' AIRFLOW_CTX_DAG_RUN_ID='scheduled__2026-02-28T02:45:00+00:00'
[2026-03-02T02:04:03.124+0000] {taskinstance.py:731} INFO - ::endgroup::
[2026-03-02T02:04:03.180+0000] {base.py:84} INFO - Retrieving connection 'snowflake_conn'
[2026-03-02T02:04:03.184+0000] {connection.py:413} INFO - Snowflake Connector for Python Version: 3.12.1, Python Version: 3.12.5, Platform: Linux-6.12.68-linuxkit-aarch64-with-glibc2.36
[2026-03-02T02:04:03.187+0000] {connection.py:1196} INFO - Connecting to GLOBAL Snowflake domain
[2026-03-02T02:04:03.188+0000] {connection.py:1277} INFO - This connection is in OCSP Fail Open Mode. TLS Certificates would be checked for validity and revocation status. Any other Certificate Revocation related exceptions or OCSP Responder failures would be disregarded in favor of connectivity.
[2026-03-02T02:04:04.163+0000] {ML.py:24} INFO - Starting ML Training and Union operation...
[2026-03-02T02:04:04.454+0000] {cursor.py:1156} INFO - Number of results in first chunk: 1
[2026-03-02T02:05:33.532+0000] {cursor.py:1156} INFO - Number of results in first chunk: 1
[2026-03-02T02:05:39.244+0000] {cursor.py:1156} INFO - Number of results in first chunk: 1
[2026-03-02T02:05:39.254+0000] {ML.py:74} ERROR - ML Pipeline failed: 210012 (P0001): 01c2bfbd-0307-f2e7-001b-e5430029e306: [MLUserError] Invalid FORECAST interface: model created with exogenous features. Please pass in exogenous data for forecasting.
[2026-03-02T02:05:39.256+0000] {connection.py:788} INFO - closed
[2026-03-02T02:05:39.312+0000] {connection.py:794} INFO - No async queries seem to be running, deleting session
[2026-03-02T02:05:39.419+0000] {taskinstance.py:3310} ERROR - Task failed with exception
Traceback (most recent call last):
  File "/home/airflow/.local/lib/python3.12/site-packages/airflow/models/taskinstance.py", line 767, in _execute_task
    result = _execute_callable(context=context, **execute_callable_kwargs)
             ^^^^^^^^^^^^^^^^^^^^^^^^^^^^^^^^^^^^^^^^^^^^^^^^^^^^^^^^^^^^^
  File "/home/airflow/.local/lib/python3.12/site-packages/airflow/models/taskinstance.py", line 733, in _execute_callable
    return ExecutionCallableRunner(
           ^^^^^^^^^^^^^^^^^^^^^^^^
  File "/home/airflow/.local/lib/python3.12/site-packages/airflow/utils/operator_helpers.py", line 252, in run
    return self.func(*args, **kwargs)
           ^^^^^^^^^^^^^^^^^^^^^^^^^^
  File "/home/airflow/.local/lib/python3.12/site-packages/airflow/models/baseoperator.py", line 406, in wrapper
    return func(self, *args, **kwargs)
           ^^^^^^^^^^^^^^^^^^^^^^^^^^^
  File "/home/airflow/.local/lib/python3.12/site-packages/airflow/decorators/base.py", line 266, in execute
    return_value = super().execute(context)
                   ^^^^^^^^^^^^^^^^^^^^^^^^
  File "/home/airflow/.local/lib/python3.12/site-packages/airflow/models/baseoperator.py", line 406, in wrapper
    return func(self, *args, **kwargs)
           ^^^^^^^^^^^^^^^^^^^^^^^^^^^
  File "/home/airflow/.local/lib/python3.12/site-packages/airflow/operators/python.py", line 238, in execute
    return_value = self.execute_callable()
                   ^^^^^^^^^^^^^^^^^^^^^^^
  File "/home/airflow/.local/lib/python3.12/site-packages/airflow/operators/python.py", line 256, in execute_callable
    return runner.run(*self.op_args, **self.op_kwargs)
           ^^^^^^^^^^^^^^^^^^^^^^^^^^^^^^^^^^^^^^^^^^^
  File "/home/airflow/.local/lib/python3.12/site-packages/airflow/utils/operator_helpers.py", line 252, in run
    return self.func(*args, **kwargs)
           ^^^^^^^^^^^^^^^^^^^^^^^^^^
  File "/opt/airflow/dags/ML.py", line 75, in forecast_and_union
    raise e
  File "/opt/airflow/dags/ML.py", line 39, in forecast_and_union
    cur.execute(f"""
  File "/home/airflow/.local/lib/python3.12/site-packages/snowflake/connector/cursor.py", line 1087, in execute
    Error.errorhandler_wrapper(self.connection, self, error_class, errvalue)
  File "/home/airflow/.local/lib/python3.12/site-packages/snowflake/connector/errors.py", line 284, in errorhandler_wrapper
    handed_over = Error.hand_to_other_handler(
                  ^^^^^^^^^^^^^^^^^^^^^^^^^^^^
  File "/home/airflow/.local/lib/python3.12/site-packages/snowflake/connector/errors.py", line 339, in hand_to_other_handler
    cursor.errorhandler(connection, cursor, error_class, error_value)
  File "/home/airflow/.local/lib/python3.12/site-packages/snowflake/connector/errors.py", line 215, in default_errorhandler
    raise error_class(
snowflake.connector.errors.ProgrammingError: 210012 (P0001): 01c2bfbd-0307-f2e7-001b-e5430029e306: [MLUserError] Invalid FORECAST interface: model created with exogenous features. Please pass in exogenous data for forecasting.
[2026-03-02T02:05:39.485+0000] {taskinstance.py:1225} INFO - Marking task as FAILED. dag_id=Lab1_ML_Forecasting, task_id=forecast_and_union, run_id=scheduled__2026-02-28T02:45:00+00:00, execution_date=20260228T024500, start_date=20260302T020402, end_date=20260302T020539
[2026-03-02T02:05:39.521+0000] {taskinstance.py:340} INFO - ::group::Post task execution logs
[2026-03-02T02:05:39.522+0000] {standard_task_runner.py:124} ERROR - Failed to execute job 8 for task forecast_and_union (210012 (P0001): 01c2bfbd-0307-f2e7-001b-e5430029e306: [MLUserError] Invalid FORECAST interface: model created with exogenous features. Please pass in exogenous data for forecasting.; 1717)
Traceback (most recent call last):
  File "/home/airflow/.local/lib/python3.12/site-packages/airflow/task/task_runner/standard_task_runner.py", line 117, in _start_by_fork
    ret = args.func(args, dag=self.dag)
          ^^^^^^^^^^^^^^^^^^^^^^^^^^^^^
  File "/home/airflow/.local/lib/python3.12/site-packages/airflow/cli/cli_config.py", line 49, in command
    return func(*args, **kwargs)
           ^^^^^^^^^^^^^^^^^^^^^
  File "/home/airflow/.local/lib/python3.12/site-packages/airflow/utils/cli.py", line 115, in wrapper
    return f(*args, **kwargs)
           ^^^^^^^^^^^^^^^^^^
  File "/home/airflow/.local/lib/python3.12/site-packages/airflow/cli/commands/task_command.py", line 483, in task_run
    task_return_code = _run_task_by_selected_method(args, _dag, ti)
                       ^^^^^^^^^^^^^^^^^^^^^^^^^^^^^^^^^^^^^^^^^^^^
  File "/home/airflow/.local/lib/python3.12/site-packages/airflow/cli/commands/task_command.py", line 256, in _run_task_by_selected_method
    return _run_raw_task(args, ti)
           ^^^^^^^^^^^^^^^^^^^^^^^
  File "/home/airflow/.local/lib/python3.12/site-packages/airflow/cli/commands/task_command.py", line 341, in _run_raw_task
    return ti._run_raw_task(
           ^^^^^^^^^^^^^^^^^
  File "/home/airflow/.local/lib/python3.12/site-packages/airflow/utils/session.py", line 97, in wrapper
    return func(*args, session=session, **kwargs)
           ^^^^^^^^^^^^^^^^^^^^^^^^^^^^^^^^^^^^^^
  File "/home/airflow/.local/lib/python3.12/site-packages/airflow/models/taskinstance.py", line 3004, in _run_raw_task
    return _run_raw_task(
           ^^^^^^^^^^^^^^
  File "/home/airflow/.local/lib/python3.12/site-packages/airflow/models/taskinstance.py", line 273, in _run_raw_task
    TaskInstance._execute_task_with_callbacks(
  File "/home/airflow/.local/lib/python3.12/site-packages/airflow/models/taskinstance.py", line 3158, in _execute_task_with_callbacks
    result = self._execute_task(context, task_orig)
             ^^^^^^^^^^^^^^^^^^^^^^^^^^^^^^^^^^^^^^
  File "/home/airflow/.local/lib/python3.12/site-packages/airflow/models/taskinstance.py", line 3182, in _execute_task
    return _execute_task(self, context, task_orig)
           ^^^^^^^^^^^^^^^^^^^^^^^^^^^^^^^^^^^^^^^
  File "/home/airflow/.local/lib/python3.12/site-packages/airflow/models/taskinstance.py", line 767, in _execute_task
    result = _execute_callable(context=context, **execute_callable_kwargs)
             ^^^^^^^^^^^^^^^^^^^^^^^^^^^^^^^^^^^^^^^^^^^^^^^^^^^^^^^^^^^^^
  File "/home/airflow/.local/lib/python3.12/site-packages/airflow/models/taskinstance.py", line 733, in _execute_callable
    return ExecutionCallableRunner(
           ^^^^^^^^^^^^^^^^^^^^^^^^
  File "/home/airflow/.local/lib/python3.12/site-packages/airflow/utils/operator_helpers.py", line 252, in run
    return self.func(*args, **kwargs)
           ^^^^^^^^^^^^^^^^^^^^^^^^^^
  File "/home/airflow/.local/lib/python3.12/site-packages/airflow/models/baseoperator.py", line 406, in wrapper
    return func(self, *args, **kwargs)
           ^^^^^^^^^^^^^^^^^^^^^^^^^^^
  File "/home/airflow/.local/lib/python3.12/site-packages/airflow/decorators/base.py", line 266, in execute
    return_value = super().execute(context)
                   ^^^^^^^^^^^^^^^^^^^^^^^^
  File "/home/airflow/.local/lib/python3.12/site-packages/airflow/models/baseoperator.py", line 406, in wrapper
    return func(self, *args, **kwargs)
           ^^^^^^^^^^^^^^^^^^^^^^^^^^^
  File "/home/airflow/.local/lib/python3.12/site-packages/airflow/operators/python.py", line 238, in execute
    return_value = self.execute_callable()
                   ^^^^^^^^^^^^^^^^^^^^^^^
  File "/home/airflow/.local/lib/python3.12/site-packages/airflow/operators/python.py", line 256, in execute_callable
    return runner.run(*self.op_args, **self.op_kwargs)
           ^^^^^^^^^^^^^^^^^^^^^^^^^^^^^^^^^^^^^^^^^^^
  File "/home/airflow/.local/lib/python3.12/site-packages/airflow/utils/operator_helpers.py", line 252, in run
    return self.func(*args, **kwargs)
           ^^^^^^^^^^^^^^^^^^^^^^^^^^
  File "/opt/airflow/dags/ML.py", line 75, in forecast_and_union
    raise e
  File "/opt/airflow/dags/ML.py", line 39, in forecast_and_union
    cur.execute(f"""
  File "/home/airflow/.local/lib/python3.12/site-packages/snowflake/connector/cursor.py", line 1087, in execute
    Error.errorhandler_wrapper(self.connection, self, error_class, errvalue)
  File "/home/airflow/.local/lib/python3.12/site-packages/snowflake/connector/errors.py", line 284, in errorhandler_wrapper
    handed_over = Error.hand_to_other_handler(
                  ^^^^^^^^^^^^^^^^^^^^^^^^^^^^
  File "/home/airflow/.local/lib/python3.12/site-packages/snowflake/connector/errors.py", line 339, in hand_to_other_handler
    cursor.errorhandler(connection, cursor, error_class, error_value)
  File "/home/airflow/.local/lib/python3.12/site-packages/snowflake/connector/errors.py", line 215, in default_errorhandler
    raise error_class(
snowflake.connector.errors.ProgrammingError: 210012 (P0001): 01c2bfbd-0307-f2e7-001b-e5430029e306: [MLUserError] Invalid FORECAST interface: model created with exogenous features. Please pass in exogenous data for forecasting.
[2026-03-02T02:05:39.558+0000] {local_task_job_runner.py:266} INFO - Task exited with return code 1
[2026-03-02T02:05:39.584+0000] {taskinstance.py:3900} INFO - 0 downstream tasks scheduled from follow-on schedule check
[2026-03-02T02:05:39.587+0000] {local_task_job_runner.py:245} INFO - ::endgroup::
