[2026-03-02T22:07:52.493+0000] {local_task_job_runner.py:123} INFO - ::group::Pre task execution logs
[2026-03-02T22:07:52.504+0000] {taskinstance.py:2612} INFO - Dependencies all met for dep_context=non-requeueable deps ti=<TaskInstance: Lab1_ML_Forecasting.forecast_and_union manual__2026-03-02T22:07:50.932325+00:00 [queued]>
[2026-03-02T22:07:52.509+0000] {taskinstance.py:2612} INFO - Dependencies all met for dep_context=requeueable deps ti=<TaskInstance: Lab1_ML_Forecasting.forecast_and_union manual__2026-03-02T22:07:50.932325+00:00 [queued]>
[2026-03-02T22:07:52.509+0000] {taskinstance.py:2865} INFO - Starting attempt 1 of 1
[2026-03-02T22:07:52.518+0000] {taskinstance.py:2888} INFO - Executing <Task(_PythonDecoratedOperator): forecast_and_union> on 2026-03-02 22:07:50.932325+00:00
[2026-03-02T22:07:52.527+0000] {logging_mixin.py:190} WARNING - /home/***/.local/lib/python3.12/site-packages/***/task/task_runner/standard_task_runner.py:70 DeprecationWarning: This process (pid=9268) is multi-threaded, use of fork() may lead to deadlocks in the child.
[2026-03-02T22:07:52.528+0000] {standard_task_runner.py:72} INFO - Started process 9271 to run task
[2026-03-02T22:07:52.527+0000] {standard_task_runner.py:104} INFO - Running: ['***', 'tasks', 'run', 'Lab1_ML_Forecasting', 'forecast_and_union', 'manual__2026-03-02T22:07:50.932325+00:00', '--job-id', '17', '--raw', '--subdir', 'DAGS_FOLDER/ML.py', '--cfg-path', '/tmp/tmpz9k87hq8']
[2026-03-02T22:07:52.529+0000] {standard_task_runner.py:105} INFO - Job 17: Subtask forecast_and_union
[2026-03-02T22:07:52.576+0000] {task_command.py:467} INFO - Running <TaskInstance: Lab1_ML_Forecasting.forecast_and_union manual__2026-03-02T22:07:50.932325+00:00 [running]> on host 26a15a446f7c
[2026-03-02T22:07:52.645+0000] {taskinstance.py:3131} INFO - Exporting env vars: AIRFLOW_CTX_DAG_OWNER='***' AIRFLOW_CTX_DAG_ID='Lab1_ML_Forecasting' AIRFLOW_CTX_TASK_ID='forecast_and_union' AIRFLOW_CTX_EXECUTION_DATE='2026-03-02T22:07:50.932325+00:00' AIRFLOW_CTX_TRY_NUMBER='1' AIRFLOW_CTX_DAG_RUN_ID='manual__2026-03-02T22:07:50.932325+00:00'
[2026-03-02T22:07:52.651+0000] {taskinstance.py:731} INFO - ::endgroup::
[2026-03-02T22:07:52.723+0000] {base.py:84} INFO - Retrieving connection 'snowflake_conn'
[2026-03-02T22:07:52.736+0000] {connection.py:413} INFO - Snowflake Connector for Python Version: 3.12.1, Python Version: 3.12.5, Platform: Linux-6.12.68-linuxkit-aarch64-with-glibc2.36
[2026-03-02T22:07:52.742+0000] {connection.py:1196} INFO - Connecting to GLOBAL Snowflake domain
[2026-03-02T22:07:52.743+0000] {connection.py:1277} INFO - This connection is in OCSP Fail Open Mode. TLS Certificates would be checked for validity and revocation status. Any other Certificate Revocation related exceptions or OCSP Responder failures would be disregarded in favor of connectivity.
[2026-03-02T22:07:53.746+0000] {ML.py:26} INFO - Initiating Snowflake Cortex ML Training Phase...
[2026-03-02T22:07:54.065+0000] {cursor.py:1156} INFO - Number of results in first chunk: 1
[2026-03-02T22:08:00.229+0000] {cursor.py:1156} INFO - Number of results in first chunk: 1
[2026-03-02T22:08:00.232+0000] {ML.py:84} ERROR - Critical error during ML Pipeline execution: 000944 (42601): 01c2c46f-0307-f52a-001b-e543002aa4ca: Uncaught exception of type 'STATEMENT_ERROR' on line 0 at position -1 : SQL compilation error: error line 1 at position 7
named arguments [INPUT_DATA, SERIES_COLNAME, TIMESTAMP_COLNAME, TARGET_COLNAME] do not match any signature for function SYSTEM$DUMMY_CONSTRUCT_FOR_CREATION
[2026-03-02T22:08:00.233+0000] {connection.py:788} INFO - closed
[2026-03-02T22:08:00.343+0000] {connection.py:794} INFO - No async queries seem to be running, deleting session
[2026-03-02T22:08:00.458+0000] {taskinstance.py:3310} ERROR - Task failed with exception
Traceback (most recent call last):
  File "/home/airflow/.local/lib/python3.12/site-packages/airflow/models/taskinstance.py", line 767, in _execute_task
    result = _execute_callable(context=context, **execute_callable_kwargs)
             ^^^^^^^^^^^^^^^^^^^^^^^^^^^^^^^^^^^^^^^^^^^^^^^^^^^^^^^^^^^^^
  File "/home/airflow/.local/lib/python3.12/site-packages/airflow/models/taskinstance.py", line 733, in _execute_callable
    return ExecutionCallableRunner(
           ^^^^^^^^^^^^^^^^^^^^^^^^
  File "/home/airflow/.local/lib/python3.12/site-packages/airflow/utils/operator_helpers.py", line 252, in run
    return self.func(*args, **kwargs)
           ^^^^^^^^^^^^^^^^^^^^^^^^^^
  File "/home/airflow/.local/lib/python3.12/site-packages/airflow/models/baseoperator.py", line 406, in wrapper
    return func(self, *args, **kwargs)
           ^^^^^^^^^^^^^^^^^^^^^^^^^^^
  File "/home/airflow/.local/lib/python3.12/site-packages/airflow/decorators/base.py", line 266, in execute
    return_value = super().execute(context)
                   ^^^^^^^^^^^^^^^^^^^^^^^^
  File "/home/airflow/.local/lib/python3.12/site-packages/airflow/models/baseoperator.py", line 406, in wrapper
    return func(self, *args, **kwargs)
           ^^^^^^^^^^^^^^^^^^^^^^^^^^^
  File "/home/airflow/.local/lib/python3.12/site-packages/airflow/operators/python.py", line 238, in execute
    return_value = self.execute_callable()
                   ^^^^^^^^^^^^^^^^^^^^^^^
  File "/home/airflow/.local/lib/python3.12/site-packages/airflow/operators/python.py", line 256, in execute_callable
    return runner.run(*self.op_args, **self.op_kwargs)
           ^^^^^^^^^^^^^^^^^^^^^^^^^^^^^^^^^^^^^^^^^^^
  File "/home/airflow/.local/lib/python3.12/site-packages/airflow/utils/operator_helpers.py", line 252, in run
    return self.func(*args, **kwargs)
           ^^^^^^^^^^^^^^^^^^^^^^^^^^
  File "/opt/airflow/dags/ML.py", line 85, in forecast_and_union
    raise e
  File "/opt/airflow/dags/ML.py", line 33, in forecast_and_union
    cur.execute(f"""
  File "/home/airflow/.local/lib/python3.12/site-packages/snowflake/connector/cursor.py", line 1087, in execute
    Error.errorhandler_wrapper(self.connection, self, error_class, errvalue)
  File "/home/airflow/.local/lib/python3.12/site-packages/snowflake/connector/errors.py", line 284, in errorhandler_wrapper
    handed_over = Error.hand_to_other_handler(
                  ^^^^^^^^^^^^^^^^^^^^^^^^^^^^
  File "/home/airflow/.local/lib/python3.12/site-packages/snowflake/connector/errors.py", line 339, in hand_to_other_handler
    cursor.errorhandler(connection, cursor, error_class, error_value)
  File "/home/airflow/.local/lib/python3.12/site-packages/snowflake/connector/errors.py", line 215, in default_errorhandler
    raise error_class(
snowflake.connector.errors.ProgrammingError: 000944 (42601): 01c2c46f-0307-f52a-001b-e543002aa4ca: Uncaught exception of type 'STATEMENT_ERROR' on line 0 at position -1 : SQL compilation error: error line 1 at position 7
named arguments [INPUT_DATA, SERIES_COLNAME, TIMESTAMP_COLNAME, TARGET_COLNAME] do not match any signature for function SYSTEM$DUMMY_CONSTRUCT_FOR_CREATION
[2026-03-02T22:08:00.513+0000] {taskinstance.py:1225} INFO - Marking task as FAILED. dag_id=Lab1_ML_Forecasting, task_id=forecast_and_union, run_id=manual__2026-03-02T22:07:50.932325+00:00, execution_date=20260302T220750, start_date=20260302T220752, end_date=20260302T220800
[2026-03-02T22:08:00.536+0000] {taskinstance.py:340} INFO - ::group::Post task execution logs
[2026-03-02T22:08:00.537+0000] {standard_task_runner.py:124} ERROR - Failed to execute job 17 for task forecast_and_union (000944 (42601): 01c2c46f-0307-f52a-001b-e543002aa4ca: Uncaught exception of type 'STATEMENT_ERROR' on line 0 at position -1 : SQL compilation error: error line 1 at position 7
named arguments [INPUT_DATA, SERIES_COLNAME, TIMESTAMP_COLNAME, TARGET_COLNAME] do not match any signature for function SYSTEM$DUMMY_CONSTRUCT_FOR_CREATION; 9271)
Traceback (most recent call last):
  File "/home/airflow/.local/lib/python3.12/site-packages/airflow/task/task_runner/standard_task_runner.py", line 117, in _start_by_fork
    ret = args.func(args, dag=self.dag)
          ^^^^^^^^^^^^^^^^^^^^^^^^^^^^^
  File "/home/airflow/.local/lib/python3.12/site-packages/airflow/cli/cli_config.py", line 49, in command
    return func(*args, **kwargs)
           ^^^^^^^^^^^^^^^^^^^^^
  File "/home/airflow/.local/lib/python3.12/site-packages/airflow/utils/cli.py", line 115, in wrapper
    return f(*args, **kwargs)
           ^^^^^^^^^^^^^^^^^^
  File "/home/airflow/.local/lib/python3.12/site-packages/airflow/cli/commands/task_command.py", line 483, in task_run
    task_return_code = _run_task_by_selected_method(args, _dag, ti)
                       ^^^^^^^^^^^^^^^^^^^^^^^^^^^^^^^^^^^^^^^^^^^^
  File "/home/airflow/.local/lib/python3.12/site-packages/airflow/cli/commands/task_command.py", line 256, in _run_task_by_selected_method
    return _run_raw_task(args, ti)
           ^^^^^^^^^^^^^^^^^^^^^^^
  File "/home/airflow/.local/lib/python3.12/site-packages/airflow/cli/commands/task_command.py", line 341, in _run_raw_task
    return ti._run_raw_task(
           ^^^^^^^^^^^^^^^^^
  File "/home/airflow/.local/lib/python3.12/site-packages/airflow/utils/session.py", line 97, in wrapper
    return func(*args, session=session, **kwargs)
           ^^^^^^^^^^^^^^^^^^^^^^^^^^^^^^^^^^^^^^
  File "/home/airflow/.local/lib/python3.12/site-packages/airflow/models/taskinstance.py", line 3004, in _run_raw_task
    return _run_raw_task(
           ^^^^^^^^^^^^^^
  File "/home/airflow/.local/lib/python3.12/site-packages/airflow/models/taskinstance.py", line 273, in _run_raw_task
    TaskInstance._execute_task_with_callbacks(
  File "/home/airflow/.local/lib/python3.12/site-packages/airflow/models/taskinstance.py", line 3158, in _execute_task_with_callbacks
    result = self._execute_task(context, task_orig)
             ^^^^^^^^^^^^^^^^^^^^^^^^^^^^^^^^^^^^^^
  File "/home/airflow/.local/lib/python3.12/site-packages/airflow/models/taskinstance.py", line 3182, in _execute_task
    return _execute_task(self, context, task_orig)
           ^^^^^^^^^^^^^^^^^^^^^^^^^^^^^^^^^^^^^^^
  File "/home/airflow/.local/lib/python3.12/site-packages/airflow/models/taskinstance.py", line 767, in _execute_task
    result = _execute_callable(context=context, **execute_callable_kwargs)
             ^^^^^^^^^^^^^^^^^^^^^^^^^^^^^^^^^^^^^^^^^^^^^^^^^^^^^^^^^^^^^
  File "/home/airflow/.local/lib/python3.12/site-packages/airflow/models/taskinstance.py", line 733, in _execute_callable
    return ExecutionCallableRunner(
           ^^^^^^^^^^^^^^^^^^^^^^^^
  File "/home/airflow/.local/lib/python3.12/site-packages/airflow/utils/operator_helpers.py", line 252, in run
    return self.func(*args, **kwargs)
           ^^^^^^^^^^^^^^^^^^^^^^^^^^
  File "/home/airflow/.local/lib/python3.12/site-packages/airflow/models/baseoperator.py", line 406, in wrapper
    return func(self, *args, **kwargs)
           ^^^^^^^^^^^^^^^^^^^^^^^^^^^
  File "/home/airflow/.local/lib/python3.12/site-packages/airflow/decorators/base.py", line 266, in execute
    return_value = super().execute(context)
                   ^^^^^^^^^^^^^^^^^^^^^^^^
  File "/home/airflow/.local/lib/python3.12/site-packages/airflow/models/baseoperator.py", line 406, in wrapper
    return func(self, *args, **kwargs)
           ^^^^^^^^^^^^^^^^^^^^^^^^^^^
  File "/home/airflow/.local/lib/python3.12/site-packages/airflow/operators/python.py", line 238, in execute
    return_value = self.execute_callable()
                   ^^^^^^^^^^^^^^^^^^^^^^^
  File "/home/airflow/.local/lib/python3.12/site-packages/airflow/operators/python.py", line 256, in execute_callable
    return runner.run(*self.op_args, **self.op_kwargs)
           ^^^^^^^^^^^^^^^^^^^^^^^^^^^^^^^^^^^^^^^^^^^
  File "/home/airflow/.local/lib/python3.12/site-packages/airflow/utils/operator_helpers.py", line 252, in run
    return self.func(*args, **kwargs)
           ^^^^^^^^^^^^^^^^^^^^^^^^^^
  File "/opt/airflow/dags/ML.py", line 85, in forecast_and_union
    raise e
  File "/opt/airflow/dags/ML.py", line 33, in forecast_and_union
    cur.execute(f"""
  File "/home/airflow/.local/lib/python3.12/site-packages/snowflake/connector/cursor.py", line 1087, in execute
    Error.errorhandler_wrapper(self.connection, self, error_class, errvalue)
  File "/home/airflow/.local/lib/python3.12/site-packages/snowflake/connector/errors.py", line 284, in errorhandler_wrapper
    handed_over = Error.hand_to_other_handler(
                  ^^^^^^^^^^^^^^^^^^^^^^^^^^^^
  File "/home/airflow/.local/lib/python3.12/site-packages/snowflake/connector/errors.py", line 339, in hand_to_other_handler
    cursor.errorhandler(connection, cursor, error_class, error_value)
  File "/home/airflow/.local/lib/python3.12/site-packages/snowflake/connector/errors.py", line 215, in default_errorhandler
    raise error_class(
snowflake.connector.errors.ProgrammingError: 000944 (42601): 01c2c46f-0307-f52a-001b-e543002aa4ca: Uncaught exception of type 'STATEMENT_ERROR' on line 0 at position -1 : SQL compilation error: error line 1 at position 7
named arguments [INPUT_DATA, SERIES_COLNAME, TIMESTAMP_COLNAME, TARGET_COLNAME] do not match any signature for function SYSTEM$DUMMY_CONSTRUCT_FOR_CREATION
[2026-03-02T22:08:00.562+0000] {local_task_job_runner.py:266} INFO - Task exited with return code 1
[2026-03-02T22:08:00.580+0000] {taskinstance.py:3900} INFO - 0 downstream tasks scheduled from follow-on schedule check
[2026-03-02T22:08:00.581+0000] {local_task_job_runner.py:245} INFO - ::endgroup::
