[2026-03-07T23:05:37.248+0000] {manager.py:486} INFO - Processing files using up to 2 processes at a time 
[2026-03-07T23:05:37.249+0000] {manager.py:487} INFO - Process each file at most once every 30 seconds
[2026-03-07T23:05:37.250+0000] {manager.py:488} INFO - Checking for new files in /opt/airflow/dags every 300 seconds
[2026-03-07T23:05:37.250+0000] {manager.py:832} INFO - Searching for files in /opt/airflow/dags
[2026-03-07T23:05:37.254+0000] {manager.py:835} INFO - There are 0 files in /opt/airflow/dags
[2026-03-07T23:10:37.695+0000] {manager.py:832} INFO - Searching for files in /opt/airflow/dags
[2026-03-07T23:10:37.708+0000] {manager.py:835} INFO - There are 0 files in /opt/airflow/dags
[2026-03-07T23:15:38.336+0000] {manager.py:832} INFO - Searching for files in /opt/airflow/dags
[2026-03-07T23:15:38.344+0000] {manager.py:835} INFO - There are 0 files in /opt/airflow/dags
[2026-03-07T23:20:38.707+0000] {manager.py:832} INFO - Searching for files in /opt/airflow/dags
[2026-03-07T23:20:38.728+0000] {manager.py:835} INFO - There are 1 files in /opt/airflow/dags
[2026-03-07T23:20:47.805+0000] {manager.py:1008} INFO - 
================================================================================
DAG File Processing Stats

File Path                             PID    Runtime      # DAGs    # Errors  Last Runtime    Last Run               Last # of DB Queries
------------------------------------  -----  ---------  --------  ----------  --------------  -------------------  ----------------------
/opt/airflow/dags/hw6_placeholder.py                           1           0  0.28s           2026-03-07T23:20:39                      47
================================================================================
[2026-03-07T23:21:18.286+0000] {manager.py:1008} INFO - 
================================================================================
DAG File Processing Stats

File Path                             PID    Runtime      # DAGs    # Errors  Last Runtime    Last Run               Last # of DB Queries
------------------------------------  -----  ---------  --------  ----------  --------------  -------------------  ----------------------
/opt/airflow/dags/hw6_placeholder.py                           1           0  0.16s           2026-03-07T23:21:10                      14
================================================================================
[2026-03-07T23:21:48.698+0000] {manager.py:1008} INFO - 
================================================================================
DAG File Processing Stats

File Path                             PID    Runtime      # DAGs    # Errors  Last Runtime    Last Run               Last # of DB Queries
------------------------------------  -----  ---------  --------  ----------  --------------  -------------------  ----------------------
/opt/airflow/dags/hw6_placeholder.py                           1           0  0.13s           2026-03-07T23:21:40                      14
================================================================================
[2026-03-07T23:22:19.206+0000] {manager.py:1008} INFO - 
================================================================================
DAG File Processing Stats

File Path                             PID    Runtime      # DAGs    # Errors  Last Runtime    Last Run               Last # of DB Queries
------------------------------------  -----  ---------  --------  ----------  --------------  -------------------  ----------------------
/opt/airflow/dags/hw6_placeholder.py                           1           0  0.17s           2026-03-07T23:22:11                      14
================================================================================
[2026-03-07T23:22:49.636+0000] {manager.py:1008} INFO - 
================================================================================
DAG File Processing Stats

File Path                             PID    Runtime      # DAGs    # Errors  Last Runtime    Last Run               Last # of DB Queries
------------------------------------  -----  ---------  --------  ----------  --------------  -------------------  ----------------------
/opt/airflow/dags/hw6_placeholder.py                           1           0  0.16s           2026-03-07T23:22:41                      14
================================================================================
[2026-03-07T23:23:20.093+0000] {manager.py:1008} INFO - 
================================================================================
DAG File Processing Stats

File Path                             PID    Runtime      # DAGs    # Errors  Last Runtime    Last Run               Last # of DB Queries
------------------------------------  -----  ---------  --------  ----------  --------------  -------------------  ----------------------
/opt/airflow/dags/hw6_placeholder.py                           1           0  0.18s           2026-03-07T23:23:12                      14
================================================================================
[2026-03-07T23:23:50.519+0000] {manager.py:1008} INFO - 
================================================================================
DAG File Processing Stats

File Path                             PID    Runtime      # DAGs    # Errors  Last Runtime    Last Run               Last # of DB Queries
------------------------------------  -----  ---------  --------  ----------  --------------  -------------------  ----------------------
/opt/airflow/dags/hw6_placeholder.py                           1           0  0.13s           2026-03-07T23:23:42                      14
================================================================================
[2026-03-07T23:24:20.909+0000] {manager.py:1008} INFO - 
================================================================================
DAG File Processing Stats

File Path                             PID    Runtime      # DAGs    # Errors  Last Runtime    Last Run               Last # of DB Queries
------------------------------------  -----  ---------  --------  ----------  --------------  -------------------  ----------------------
/opt/airflow/dags/hw6_placeholder.py                           1           0  0.16s           2026-03-07T23:24:12                      14
================================================================================
[2026-03-07T23:24:51.285+0000] {manager.py:1008} INFO - 
================================================================================
DAG File Processing Stats

File Path                             PID    Runtime      # DAGs    # Errors  Last Runtime    Last Run               Last # of DB Queries
------------------------------------  -----  ---------  --------  ----------  --------------  -------------------  ----------------------
/opt/airflow/dags/hw6_placeholder.py                           1           0  0.14s           2026-03-07T23:24:43                      14
================================================================================
[2026-03-07T23:25:21.670+0000] {manager.py:1008} INFO - 
================================================================================
DAG File Processing Stats

File Path                             PID    Runtime      # DAGs    # Errors  Last Runtime    Last Run               Last # of DB Queries
------------------------------------  -----  ---------  --------  ----------  --------------  -------------------  ----------------------
/opt/airflow/dags/hw6_placeholder.py                           1           0  0.20s           2026-03-07T23:25:13                      14
================================================================================
[2026-03-07T23:25:38.846+0000] {manager.py:832} INFO - Searching for files in /opt/airflow/dags
[2026-03-07T23:25:38.863+0000] {manager.py:835} INFO - There are 1 files in /opt/airflow/dags
[2026-03-07T23:25:52.182+0000] {manager.py:1008} INFO - 
================================================================================
DAG File Processing Stats

File Path                             PID    Runtime      # DAGs    # Errors  Last Runtime    Last Run               Last # of DB Queries
------------------------------------  -----  ---------  --------  ----------  --------------  -------------------  ----------------------
/opt/airflow/dags/hw6_placeholder.py                           1           0  0.14s           2026-03-07T23:25:44                      14
================================================================================
[2026-03-07T23:26:22.695+0000] {manager.py:1008} INFO - 
================================================================================
DAG File Processing Stats

File Path                             PID    Runtime      # DAGs    # Errors  Last Runtime    Last Run               Last # of DB Queries
------------------------------------  -----  ---------  --------  ----------  --------------  -------------------  ----------------------
/opt/airflow/dags/hw6_placeholder.py                           1           0  0.16s           2026-03-07T23:26:14                      14
================================================================================
[2026-03-07T23:26:53.120+0000] {manager.py:1008} INFO - 
================================================================================
DAG File Processing Stats

File Path                             PID    Runtime      # DAGs    # Errors  Last Runtime    Last Run               Last # of DB Queries
------------------------------------  -----  ---------  --------  ----------  --------------  -------------------  ----------------------
/opt/airflow/dags/hw6_placeholder.py                           1           0  0.14s           2026-03-07T23:26:45                      14
================================================================================
[2026-03-07T23:27:23.545+0000] {manager.py:1008} INFO - 
================================================================================
DAG File Processing Stats

File Path                             PID    Runtime      # DAGs    # Errors  Last Runtime    Last Run               Last # of DB Queries
------------------------------------  -----  ---------  --------  ----------  --------------  -------------------  ----------------------
/opt/airflow/dags/hw6_placeholder.py                           1           0  0.12s           2026-03-07T23:27:15                      14
================================================================================
[2026-03-07T23:27:53.931+0000] {manager.py:1008} INFO - 
================================================================================
DAG File Processing Stats

File Path                             PID    Runtime      # DAGs    # Errors  Last Runtime    Last Run               Last # of DB Queries
------------------------------------  -----  ---------  --------  ----------  --------------  -------------------  ----------------------
/opt/airflow/dags/hw6_placeholder.py                           1           0  0.09s           2026-03-07T23:27:45                      14
================================================================================
[2026-03-07T23:28:24.269+0000] {manager.py:1008} INFO - 
================================================================================
DAG File Processing Stats

File Path                             PID    Runtime      # DAGs    # Errors  Last Runtime    Last Run               Last # of DB Queries
------------------------------------  -----  ---------  --------  ----------  --------------  -------------------  ----------------------
/opt/airflow/dags/hw6_placeholder.py                           1           0  0.14s           2026-03-07T23:28:16                      14
================================================================================
[2026-03-07T23:28:54.697+0000] {manager.py:1008} INFO - 
================================================================================
DAG File Processing Stats

File Path                             PID    Runtime      # DAGs    # Errors  Last Runtime    Last Run               Last # of DB Queries
------------------------------------  -----  ---------  --------  ----------  --------------  -------------------  ----------------------
/opt/airflow/dags/hw6_placeholder.py                           1           0  0.18s           2026-03-07T23:28:46                      14
================================================================================
[2026-03-07T23:29:25.122+0000] {manager.py:1008} INFO - 
================================================================================
DAG File Processing Stats

File Path                             PID    Runtime      # DAGs    # Errors  Last Runtime    Last Run               Last # of DB Queries
------------------------------------  -----  ---------  --------  ----------  --------------  -------------------  ----------------------
/opt/airflow/dags/hw6_placeholder.py                           1           0  0.17s           2026-03-07T23:29:17                      14
================================================================================
[2026-03-07T23:29:55.529+0000] {manager.py:1008} INFO - 
================================================================================
DAG File Processing Stats

File Path                             PID    Runtime      # DAGs    # Errors  Last Runtime    Last Run               Last # of DB Queries
------------------------------------  -----  ---------  --------  ----------  --------------  -------------------  ----------------------
/opt/airflow/dags/hw6_placeholder.py                           1           0  0.16s           2026-03-07T23:29:47                      14
================================================================================
[2026-03-07T23:30:26.074+0000] {manager.py:1008} INFO - 
================================================================================
DAG File Processing Stats

File Path                             PID    Runtime      # DAGs    # Errors  Last Runtime    Last Run               Last # of DB Queries
------------------------------------  -----  ---------  --------  ----------  --------------  -------------------  ----------------------
/opt/airflow/dags/hw6_placeholder.py                           1           0  0.13s           2026-03-07T23:29:56                      14
================================================================================
[2026-03-07T23:30:39.315+0000] {manager.py:832} INFO - Searching for files in /opt/airflow/dags
[2026-03-07T23:30:39.323+0000] {manager.py:835} INFO - There are 1 files in /opt/airflow/dags
[2026-03-07T23:30:56.549+0000] {manager.py:1008} INFO - 
================================================================================
DAG File Processing Stats

File Path                             PID    Runtime      # DAGs    # Errors  Last Runtime    Last Run               Last # of DB Queries
------------------------------------  -----  ---------  --------  ----------  --------------  -------------------  ----------------------
/opt/airflow/dags/hw6_placeholder.py                           1           0  0.19s           2026-03-07T23:30:27                      14
================================================================================
[2026-03-07T23:31:26.949+0000] {manager.py:1008} INFO - 
================================================================================
DAG File Processing Stats

File Path                             PID    Runtime      # DAGs    # Errors  Last Runtime    Last Run               Last # of DB Queries
------------------------------------  -----  ---------  --------  ----------  --------------  -------------------  ----------------------
/opt/airflow/dags/hw6_placeholder.py                           1           0  0.15s           2026-03-07T23:30:57                      14
================================================================================
[2026-03-07T23:31:57.335+0000] {manager.py:1008} INFO - 
================================================================================
DAG File Processing Stats

File Path                             PID    Runtime      # DAGs    # Errors  Last Runtime    Last Run               Last # of DB Queries
------------------------------------  -----  ---------  --------  ----------  --------------  -------------------  ----------------------
/opt/airflow/dags/hw6_placeholder.py                           1           0  0.15s           2026-03-07T23:31:28                      14
================================================================================
[2026-03-07T23:32:27.761+0000] {manager.py:1008} INFO - 
================================================================================
DAG File Processing Stats

File Path                             PID    Runtime      # DAGs    # Errors  Last Runtime    Last Run               Last # of DB Queries
------------------------------------  -----  ---------  --------  ----------  --------------  -------------------  ----------------------
/opt/airflow/dags/hw6_placeholder.py                           1           0  0.15s           2026-03-07T23:31:58                      14
================================================================================
[2026-03-07T23:32:58.230+0000] {manager.py:1008} INFO - 
================================================================================
DAG File Processing Stats

File Path                             PID    Runtime      # DAGs    # Errors  Last Runtime    Last Run               Last # of DB Queries
------------------------------------  -----  ---------  --------  ----------  --------------  -------------------  ----------------------
/opt/airflow/dags/hw6_placeholder.py                           1           0  0.24s           2026-03-07T23:32:29                      14
================================================================================
[2026-03-07T23:33:28.691+0000] {manager.py:1008} INFO - 
================================================================================
DAG File Processing Stats

File Path                             PID    Runtime      # DAGs    # Errors  Last Runtime    Last Run               Last # of DB Queries
------------------------------------  -----  ---------  --------  ----------  --------------  -------------------  ----------------------
/opt/airflow/dags/hw6_placeholder.py                           1           0  0.21s           2026-03-07T23:32:59                      14
================================================================================
[2026-03-07T23:33:59.195+0000] {manager.py:1008} INFO - 
================================================================================
DAG File Processing Stats

File Path                             PID    Runtime      # DAGs    # Errors  Last Runtime    Last Run               Last # of DB Queries
------------------------------------  -----  ---------  --------  ----------  --------------  -------------------  ----------------------
/opt/airflow/dags/hw6_placeholder.py                           1           0  0.25s           2026-03-07T23:33:30                      14
================================================================================
[2026-03-07T23:34:29.710+0000] {manager.py:1008} INFO - 
================================================================================
DAG File Processing Stats

File Path                             PID    Runtime      # DAGs    # Errors  Last Runtime    Last Run               Last # of DB Queries
------------------------------------  -----  ---------  --------  ----------  --------------  -------------------  ----------------------
/opt/airflow/dags/hw6_placeholder.py                           1           0  0.17s           2026-03-07T23:34:00                      14
================================================================================
[2026-03-07T23:35:00.160+0000] {manager.py:1008} INFO - 
================================================================================
DAG File Processing Stats

File Path                             PID    Runtime      # DAGs    # Errors  Last Runtime    Last Run               Last # of DB Queries
------------------------------------  -----  ---------  --------  ----------  --------------  -------------------  ----------------------
/opt/airflow/dags/hw6_placeholder.py                           1           0  0.17s           2026-03-07T23:34:30                      14
================================================================================
[2026-03-07T23:35:30.611+0000] {manager.py:1008} INFO - 
================================================================================
DAG File Processing Stats

File Path                             PID    Runtime      # DAGs    # Errors  Last Runtime    Last Run               Last # of DB Queries
------------------------------------  -----  ---------  --------  ----------  --------------  -------------------  ----------------------
/opt/airflow/dags/hw6_placeholder.py                           1           0  0.16s           2026-03-07T23:35:01                      14
================================================================================
[2026-03-07T23:35:39.766+0000] {manager.py:832} INFO - Searching for files in /opt/airflow/dags
[2026-03-07T23:35:39.776+0000] {manager.py:835} INFO - There are 1 files in /opt/airflow/dags
[2026-03-07T23:36:01.018+0000] {manager.py:1008} INFO - 
================================================================================
DAG File Processing Stats

File Path                             PID    Runtime      # DAGs    # Errors  Last Runtime    Last Run               Last # of DB Queries
------------------------------------  -----  ---------  --------  ----------  --------------  -------------------  ----------------------
/opt/airflow/dags/hw6_placeholder.py                           1           0  0.15s           2026-03-07T23:35:31                      14
================================================================================
[2026-03-07T23:36:31.412+0000] {manager.py:1008} INFO - 
================================================================================
DAG File Processing Stats

File Path                             PID    Runtime      # DAGs    # Errors  Last Runtime    Last Run               Last # of DB Queries
------------------------------------  -----  ---------  --------  ----------  --------------  -------------------  ----------------------
/opt/airflow/dags/hw6_placeholder.py                           1           0  0.16s           2026-03-07T23:36:02                      14
================================================================================
[2026-03-07T23:37:01.938+0000] {manager.py:1008} INFO - 
================================================================================
DAG File Processing Stats

File Path                             PID    Runtime      # DAGs    # Errors  Last Runtime    Last Run               Last # of DB Queries
------------------------------------  -----  ---------  --------  ----------  --------------  -------------------  ----------------------
/opt/airflow/dags/hw6_placeholder.py                           1           0  0.10s           2026-03-07T23:36:32                      14
================================================================================
[2026-03-07T23:37:32.512+0000] {manager.py:1008} INFO - 
================================================================================
DAG File Processing Stats

File Path                             PID    Runtime      # DAGs    # Errors  Last Runtime    Last Run               Last # of DB Queries
------------------------------------  -----  ---------  --------  ----------  --------------  -------------------  ----------------------
/opt/airflow/dags/hw6_placeholder.py                           1           0  0.19s           2026-03-07T23:37:13                      14
================================================================================
[2026-03-07T23:38:02.965+0000] {manager.py:1008} INFO - 
================================================================================
DAG File Processing Stats

File Path                             PID    Runtime      # DAGs    # Errors  Last Runtime    Last Run               Last # of DB Queries
------------------------------------  -----  ---------  --------  ----------  --------------  -------------------  ----------------------
/opt/airflow/dags/hw6_placeholder.py                           1           0  0.40s           2026-03-07T23:37:44                      14
================================================================================
[2026-03-07T23:38:33.384+0000] {manager.py:1008} INFO - 
================================================================================
DAG File Processing Stats

File Path                             PID    Runtime      # DAGs    # Errors  Last Runtime    Last Run               Last # of DB Queries
------------------------------------  -----  ---------  --------  ----------  --------------  -------------------  ----------------------
/opt/airflow/dags/hw6_placeholder.py                           1           0  0.20s           2026-03-07T23:38:14                      14
================================================================================
[2026-03-07T23:39:03.918+0000] {manager.py:1008} INFO - 
================================================================================
DAG File Processing Stats

File Path                             PID    Runtime      # DAGs    # Errors  Last Runtime    Last Run               Last # of DB Queries
------------------------------------  -----  ---------  --------  ----------  --------------  -------------------  ----------------------
/opt/airflow/dags/hw6_placeholder.py                           1           0  0.19s           2026-03-07T23:38:44                      14
================================================================================
[2026-03-07T23:39:34.400+0000] {manager.py:1008} INFO - 
================================================================================
DAG File Processing Stats

File Path                             PID    Runtime      # DAGs    # Errors  Last Runtime    Last Run               Last # of DB Queries
------------------------------------  -----  ---------  --------  ----------  --------------  -------------------  ----------------------
/opt/airflow/dags/hw6_placeholder.py                           1           0  0.17s           2026-03-07T23:39:15                      14
================================================================================
[2026-03-07T23:40:04.863+0000] {manager.py:1008} INFO - 
================================================================================
DAG File Processing Stats

File Path                             PID    Runtime      # DAGs    # Errors  Last Runtime    Last Run               Last # of DB Queries
------------------------------------  -----  ---------  --------  ----------  --------------  -------------------  ----------------------
/opt/airflow/dags/hw6_placeholder.py                           1           0  0.16s           2026-03-07T23:39:45                      14
================================================================================
[2026-03-07T23:40:35.236+0000] {manager.py:1008} INFO - 
================================================================================
DAG File Processing Stats

File Path                             PID    Runtime      # DAGs    # Errors  Last Runtime    Last Run               Last # of DB Queries
------------------------------------  -----  ---------  --------  ----------  --------------  -------------------  ----------------------
/opt/airflow/dags/hw6_placeholder.py                           1           0  0.16s           2026-03-07T23:40:16                      14
================================================================================
[2026-03-07T23:40:40.299+0000] {manager.py:832} INFO - Searching for files in /opt/airflow/dags
[2026-03-07T23:40:40.311+0000] {manager.py:835} INFO - There are 1 files in /opt/airflow/dags
[2026-03-07T23:41:05.753+0000] {manager.py:1008} INFO - 
================================================================================
DAG File Processing Stats

File Path                             PID    Runtime      # DAGs    # Errors  Last Runtime    Last Run               Last # of DB Queries
------------------------------------  -----  ---------  --------  ----------  --------------  -------------------  ----------------------
/opt/airflow/dags/hw6_placeholder.py                           1           0  0.21s           2026-03-07T23:40:46                      14
================================================================================
[2026-03-07T23:41:36.212+0000] {manager.py:1008} INFO - 
================================================================================
DAG File Processing Stats

File Path                             PID    Runtime      # DAGs    # Errors  Last Runtime    Last Run               Last # of DB Queries
------------------------------------  -----  ---------  --------  ----------  --------------  -------------------  ----------------------
/opt/airflow/dags/hw6_placeholder.py                           1           0  0.18s           2026-03-07T23:41:17                      14
================================================================================
[2026-03-07T23:42:06.640+0000] {manager.py:1008} INFO - 
================================================================================
DAG File Processing Stats

File Path                             PID    Runtime      # DAGs    # Errors  Last Runtime    Last Run               Last # of DB Queries
------------------------------------  -----  ---------  --------  ----------  --------------  -------------------  ----------------------
/opt/airflow/dags/hw6_placeholder.py                           1           0  0.18s           2026-03-07T23:41:47                      14
================================================================================
[2026-03-07T23:42:37.091+0000] {manager.py:1008} INFO - 
================================================================================
DAG File Processing Stats

File Path                             PID    Runtime      # DAGs    # Errors  Last Runtime    Last Run               Last # of DB Queries
------------------------------------  -----  ---------  --------  ----------  --------------  -------------------  ----------------------
/opt/airflow/dags/hw6_placeholder.py                           1           0  0.19s           2026-03-07T23:42:13                      14
================================================================================
[2026-03-07T23:43:07.554+0000] {manager.py:1008} INFO - 
================================================================================
DAG File Processing Stats

File Path                             PID    Runtime      # DAGs    # Errors  Last Runtime    Last Run               Last # of DB Queries
------------------------------------  -----  ---------  --------  ----------  --------------  -------------------  ----------------------
/opt/airflow/dags/hw6_placeholder.py                           1           0  0.17s           2026-03-07T23:42:44                      14
================================================================================
[2026-03-07T23:43:37.940+0000] {manager.py:1008} INFO - 
================================================================================
DAG File Processing Stats

File Path                             PID    Runtime      # DAGs    # Errors  Last Runtime    Last Run               Last # of DB Queries
------------------------------------  -----  ---------  --------  ----------  --------------  -------------------  ----------------------
/opt/airflow/dags/hw6_placeholder.py                           1           0  0.15s           2026-03-07T23:43:14                      14
================================================================================
[2026-03-07T23:44:08.339+0000] {manager.py:1008} INFO - 
================================================================================
DAG File Processing Stats

File Path                             PID    Runtime      # DAGs    # Errors  Last Runtime    Last Run               Last # of DB Queries
------------------------------------  -----  ---------  --------  ----------  --------------  -------------------  ----------------------
/opt/airflow/dags/hw6_placeholder.py                           1           0  0.11s           2026-03-07T23:43:45                      14
================================================================================
[2026-03-07T23:44:38.763+0000] {manager.py:1008} INFO - 
================================================================================
DAG File Processing Stats

File Path                             PID    Runtime      # DAGs    # Errors  Last Runtime    Last Run               Last # of DB Queries
------------------------------------  -----  ---------  --------  ----------  --------------  -------------------  ----------------------
/opt/airflow/dags/hw6_placeholder.py                           1           0  0.14s           2026-03-07T23:44:15                      14
================================================================================
[2026-03-07T23:45:09.193+0000] {manager.py:1008} INFO - 
================================================================================
DAG File Processing Stats

File Path                             PID    Runtime      # DAGs    # Errors  Last Runtime    Last Run               Last # of DB Queries
------------------------------------  -----  ---------  --------  ----------  --------------  -------------------  ----------------------
/opt/airflow/dags/hw6_placeholder.py                           1           0  0.14s           2026-03-07T23:44:46                      14
================================================================================
[2026-03-07T23:45:39.618+0000] {manager.py:1008} INFO - 
================================================================================
DAG File Processing Stats

File Path                             PID    Runtime      # DAGs    # Errors  Last Runtime    Last Run               Last # of DB Queries
------------------------------------  -----  ---------  --------  ----------  --------------  -------------------  ----------------------
/opt/airflow/dags/hw6_placeholder.py                           1           0  0.15s           2026-03-07T23:45:16                      14
================================================================================
[2026-03-07T23:45:40.631+0000] {manager.py:832} INFO - Searching for files in /opt/airflow/dags
[2026-03-07T23:45:40.644+0000] {manager.py:835} INFO - There are 1 files in /opt/airflow/dags
[2026-03-07T23:46:10.053+0000] {manager.py:1008} INFO - 
================================================================================
DAG File Processing Stats

File Path                             PID    Runtime      # DAGs    # Errors  Last Runtime    Last Run               Last # of DB Queries
------------------------------------  -----  ---------  --------  ----------  --------------  -------------------  ----------------------
/opt/airflow/dags/hw6_placeholder.py                           1           0  0.15s           2026-03-07T23:45:46                      14
================================================================================
[2026-03-07T23:46:40.479+0000] {manager.py:1008} INFO - 
================================================================================
DAG File Processing Stats

File Path                             PID    Runtime      # DAGs    # Errors  Last Runtime    Last Run               Last # of DB Queries
------------------------------------  -----  ---------  --------  ----------  --------------  -------------------  ----------------------
/opt/airflow/dags/hw6_placeholder.py                           1           0  0.15s           2026-03-07T23:46:17                      14
================================================================================
[2026-03-07T23:47:10.884+0000] {manager.py:1008} INFO - 
================================================================================
DAG File Processing Stats

File Path                             PID    Runtime      # DAGs    # Errors  Last Runtime    Last Run               Last # of DB Queries
------------------------------------  -----  ---------  --------  ----------  --------------  -------------------  ----------------------
/opt/airflow/dags/hw6_placeholder.py                           1           0  0.15s           2026-03-07T23:46:47                      14
================================================================================
[2026-03-07T23:47:41.291+0000] {manager.py:1008} INFO - 
================================================================================
DAG File Processing Stats

File Path                             PID    Runtime      # DAGs    # Errors  Last Runtime    Last Run               Last # of DB Queries
------------------------------------  -----  ---------  --------  ----------  --------------  -------------------  ----------------------
/opt/airflow/dags/hw6_placeholder.py                           1           0  0.16s           2026-03-07T23:47:18                      14
================================================================================
[2026-03-07T23:48:11.736+0000] {manager.py:1008} INFO - 
================================================================================
DAG File Processing Stats

File Path                             PID    Runtime      # DAGs    # Errors  Last Runtime    Last Run               Last # of DB Queries
------------------------------------  -----  ---------  --------  ----------  --------------  -------------------  ----------------------
/opt/airflow/dags/hw6_placeholder.py                           1           0  0.15s           2026-03-07T23:47:48                      14
================================================================================
[2026-03-07T23:48:42.192+0000] {manager.py:1008} INFO - 
================================================================================
DAG File Processing Stats

File Path                             PID    Runtime      # DAGs    # Errors  Last Runtime    Last Run               Last # of DB Queries
------------------------------------  -----  ---------  --------  ----------  --------------  -------------------  ----------------------
/opt/airflow/dags/hw6_placeholder.py                           1           0  0.16s           2026-03-07T23:48:18                      14
================================================================================
[2026-03-07T23:49:12.736+0000] {manager.py:1008} INFO - 
================================================================================
DAG File Processing Stats

File Path                             PID    Runtime      # DAGs    # Errors  Last Runtime    Last Run               Last # of DB Queries
------------------------------------  -----  ---------  --------  ----------  --------------  -------------------  ----------------------
/opt/airflow/dags/hw6_placeholder.py                           1           0  0.29s           2026-03-07T23:48:43                      14
================================================================================
[2026-03-07T23:49:43.133+0000] {manager.py:1008} INFO - 
================================================================================
DAG File Processing Stats

File Path                             PID    Runtime      # DAGs    # Errors  Last Runtime    Last Run               Last # of DB Queries
------------------------------------  -----  ---------  --------  ----------  --------------  -------------------  ----------------------
/opt/airflow/dags/hw6_placeholder.py                           1           0  0.18s           2026-03-07T23:49:13                      14
================================================================================
[2026-03-07T23:50:13.650+0000] {manager.py:1008} INFO - 
================================================================================
DAG File Processing Stats

File Path                             PID    Runtime      # DAGs    # Errors  Last Runtime    Last Run               Last # of DB Queries
------------------------------------  -----  ---------  --------  ----------  --------------  -------------------  ----------------------
/opt/airflow/dags/hw6_placeholder.py                           1           0  0.16s           2026-03-07T23:49:44                      14
================================================================================
[2026-03-07T23:50:41.151+0000] {manager.py:832} INFO - Searching for files in /opt/airflow/dags
[2026-03-07T23:50:41.158+0000] {manager.py:835} INFO - There are 1 files in /opt/airflow/dags
[2026-03-07T23:50:44.190+0000] {manager.py:1008} INFO - 
================================================================================
DAG File Processing Stats

File Path                             PID    Runtime      # DAGs    # Errors  Last Runtime    Last Run               Last # of DB Queries
------------------------------------  -----  ---------  --------  ----------  --------------  -------------------  ----------------------
/opt/airflow/dags/hw6_placeholder.py                           1           0  0.18s           2026-03-07T23:50:31                      14
================================================================================
[2026-03-07T23:51:14.673+0000] {manager.py:1008} INFO - 
================================================================================
DAG File Processing Stats

File Path                             PID    Runtime      # DAGs    # Errors  Last Runtime    Last Run               Last # of DB Queries
------------------------------------  -----  ---------  --------  ----------  --------------  -------------------  ----------------------
/opt/airflow/dags/hw6_placeholder.py                           1           0  0.21s           2026-03-07T23:51:01                      14
================================================================================
[2026-03-07T23:51:45.046+0000] {manager.py:1008} INFO - 
================================================================================
DAG File Processing Stats

File Path                             PID    Runtime      # DAGs    # Errors  Last Runtime    Last Run               Last # of DB Queries
------------------------------------  -----  ---------  --------  ----------  --------------  -------------------  ----------------------
/opt/airflow/dags/hw6_placeholder.py                           1           0  0.15s           2026-03-07T23:51:32                      14
================================================================================
[2026-03-07T23:52:15.486+0000] {manager.py:1008} INFO - 
================================================================================
DAG File Processing Stats

File Path                             PID    Runtime      # DAGs    # Errors  Last Runtime    Last Run               Last # of DB Queries
------------------------------------  -----  ---------  --------  ----------  --------------  -------------------  ----------------------
/opt/airflow/dags/hw6_placeholder.py                           1           0  0.19s           2026-03-07T23:52:02                      14
================================================================================
[2026-03-07T23:52:45.985+0000] {manager.py:1008} INFO - 
================================================================================
DAG File Processing Stats

File Path                             PID    Runtime      # DAGs    # Errors  Last Runtime    Last Run               Last # of DB Queries
------------------------------------  -----  ---------  --------  ----------  --------------  -------------------  ----------------------
/opt/airflow/dags/hw6_placeholder.py                           1           0  0.19s           2026-03-07T23:52:32                      14
================================================================================
[2026-03-07T23:53:16.385+0000] {manager.py:1008} INFO - 
================================================================================
DAG File Processing Stats

File Path                             PID    Runtime      # DAGs    # Errors  Last Runtime    Last Run               Last # of DB Queries
------------------------------------  -----  ---------  --------  ----------  --------------  -------------------  ----------------------
/opt/airflow/dags/hw6_placeholder.py                           1           0  0.17s           2026-03-07T23:53:03                      14
================================================================================
[2026-03-07T23:53:46.798+0000] {manager.py:1008} INFO - 
================================================================================
DAG File Processing Stats

File Path                             PID    Runtime      # DAGs    # Errors  Last Runtime    Last Run               Last # of DB Queries
------------------------------------  -----  ---------  --------  ----------  --------------  -------------------  ----------------------
/opt/airflow/dags/hw6_placeholder.py                           1           0  0.11s           2026-03-07T23:53:33                      14
================================================================================
[2026-03-07T23:54:17.362+0000] {manager.py:1008} INFO - 
================================================================================
DAG File Processing Stats

File Path                             PID    Runtime      # DAGs    # Errors  Last Runtime    Last Run               Last # of DB Queries
------------------------------------  -----  ---------  --------  ----------  --------------  -------------------  ----------------------
/opt/airflow/dags/hw6_placeholder.py                           1           0  0.21s           2026-03-07T23:54:08                      14
================================================================================
[2026-03-07T23:54:47.798+0000] {manager.py:1008} INFO - 
================================================================================
DAG File Processing Stats

File Path                             PID    Runtime      # DAGs    # Errors  Last Runtime    Last Run               Last # of DB Queries
------------------------------------  -----  ---------  --------  ----------  --------------  -------------------  ----------------------
/opt/airflow/dags/hw6_placeholder.py                           1           0  0.14s           2026-03-07T23:54:38                      14
================================================================================
[2026-03-07T23:55:18.246+0000] {manager.py:1008} INFO - 
================================================================================
DAG File Processing Stats

File Path                             PID    Runtime      # DAGs    # Errors  Last Runtime    Last Run               Last # of DB Queries
------------------------------------  -----  ---------  --------  ----------  --------------  -------------------  ----------------------
/opt/airflow/dags/hw6_placeholder.py                           1           0  0.17s           2026-03-07T23:55:09                      14
================================================================================
[2026-03-07T23:55:41.615+0000] {manager.py:832} INFO - Searching for files in /opt/airflow/dags
[2026-03-07T23:55:41.624+0000] {manager.py:835} INFO - There are 1 files in /opt/airflow/dags
[2026-03-07T23:55:48.723+0000] {manager.py:1008} INFO - 
================================================================================
DAG File Processing Stats

File Path                             PID    Runtime      # DAGs    # Errors  Last Runtime    Last Run               Last # of DB Queries
------------------------------------  -----  ---------  --------  ----------  --------------  -------------------  ----------------------
/opt/airflow/dags/hw6_placeholder.py                           1           0  0.17s           2026-03-07T23:55:39                      14
================================================================================
[2026-03-07T23:56:19.119+0000] {manager.py:1008} INFO - 
================================================================================
DAG File Processing Stats

File Path                             PID    Runtime      # DAGs    # Errors  Last Runtime    Last Run               Last # of DB Queries
------------------------------------  -----  ---------  --------  ----------  --------------  -------------------  ----------------------
/opt/airflow/dags/hw6_placeholder.py                           1           0  0.14s           2026-03-07T23:56:10                      14
================================================================================
[2026-03-07T23:56:49.530+0000] {manager.py:1008} INFO - 
================================================================================
DAG File Processing Stats

File Path                             PID    Runtime      # DAGs    # Errors  Last Runtime    Last Run               Last # of DB Queries
------------------------------------  -----  ---------  --------  ----------  --------------  -------------------  ----------------------
/opt/airflow/dags/hw6_placeholder.py                           1           0  0.14s           2026-03-07T23:56:40                      14
================================================================================
[2026-03-07T23:57:20.026+0000] {manager.py:1008} INFO - 
================================================================================
DAG File Processing Stats

File Path                             PID    Runtime      # DAGs    # Errors  Last Runtime    Last Run               Last # of DB Queries
------------------------------------  -----  ---------  --------  ----------  --------------  -------------------  ----------------------
/opt/airflow/dags/hw6_placeholder.py                           1           0  0.15s           2026-03-07T23:57:10                      14
================================================================================
[2026-03-07T23:57:50.429+0000] {manager.py:1008} INFO - 
================================================================================
DAG File Processing Stats

File Path                             PID    Runtime      # DAGs    # Errors  Last Runtime    Last Run               Last # of DB Queries
------------------------------------  -----  ---------  --------  ----------  --------------  -------------------  ----------------------
/opt/airflow/dags/hw6_placeholder.py                           1           0  0.15s           2026-03-07T23:57:41                      14
================================================================================
[2026-03-07T23:58:20.873+0000] {manager.py:1008} INFO - 
================================================================================
DAG File Processing Stats

File Path                             PID    Runtime      # DAGs    # Errors  Last Runtime    Last Run               Last # of DB Queries
------------------------------------  -----  ---------  --------  ----------  --------------  -------------------  ----------------------
/opt/airflow/dags/hw6_placeholder.py                           1           0  0.17s           2026-03-07T23:58:11                      14
================================================================================
[2026-03-07T23:58:51.281+0000] {manager.py:1008} INFO - 
================================================================================
DAG File Processing Stats

File Path                             PID    Runtime      # DAGs    # Errors  Last Runtime    Last Run               Last # of DB Queries
------------------------------------  -----  ---------  --------  ----------  --------------  -------------------  ----------------------
/opt/airflow/dags/hw6_placeholder.py                           1           0  0.14s           2026-03-07T23:58:42                      14
================================================================================
[2026-03-07T23:59:21.749+0000] {manager.py:1008} INFO - 
================================================================================
DAG File Processing Stats

File Path                             PID    Runtime      # DAGs    # Errors  Last Runtime    Last Run               Last # of DB Queries
------------------------------------  -----  ---------  --------  ----------  --------------  -------------------  ----------------------
/opt/airflow/dags/hw6_placeholder.py                           1           0  0.16s           2026-03-07T23:59:12                      14
================================================================================
[2026-03-07T23:59:52.170+0000] {manager.py:1008} INFO - 
================================================================================
DAG File Processing Stats

File Path                             PID    Runtime      # DAGs    # Errors  Last Runtime    Last Run               Last # of DB Queries
------------------------------------  -----  ---------  --------  ----------  --------------  -------------------  ----------------------
/opt/airflow/dags/hw6_placeholder.py                           1           0  0.16s           2026-03-07T23:59:43                      14
================================================================================
[2026-03-08T00:00:22.520+0000] {manager.py:1008} INFO - 
================================================================================
DAG File Processing Stats

File Path                             PID    Runtime      # DAGs    # Errors  Last Runtime    Last Run               Last # of DB Queries
------------------------------------  -----  ---------  --------  ----------  --------------  -------------------  ----------------------
/opt/airflow/dags/hw6_placeholder.py                           1           0  0.15s           2026-03-08T00:00:13                      14
================================================================================
[2026-03-08T00:00:41.774+0000] {manager.py:832} INFO - Searching for files in /opt/airflow/dags
[2026-03-08T00:00:41.785+0000] {manager.py:835} INFO - There are 1 files in /opt/airflow/dags
[2026-03-08T00:00:52.993+0000] {manager.py:1008} INFO - 
================================================================================
DAG File Processing Stats

File Path                             PID    Runtime      # DAGs    # Errors  Last Runtime    Last Run               Last # of DB Queries
------------------------------------  -----  ---------  --------  ----------  --------------  -------------------  ----------------------
/opt/airflow/dags/hw6_placeholder.py                           1           0  0.14s           2026-03-08T00:00:43                      14
================================================================================
[2026-03-08T00:01:23.469+0000] {manager.py:1008} INFO - 
================================================================================
DAG File Processing Stats

File Path                             PID    Runtime      # DAGs    # Errors  Last Runtime    Last Run               Last # of DB Queries
------------------------------------  -----  ---------  --------  ----------  --------------  -------------------  ----------------------
/opt/airflow/dags/hw6_placeholder.py                           1           0  0.16s           2026-03-08T00:01:14                      14
================================================================================
[2026-03-08T00:01:53.931+0000] {manager.py:1008} INFO - 
================================================================================
DAG File Processing Stats

File Path                             PID    Runtime      # DAGs    # Errors  Last Runtime    Last Run               Last # of DB Queries
------------------------------------  -----  ---------  --------  ----------  --------------  -------------------  ----------------------
/opt/airflow/dags/hw6_placeholder.py                           1           0  0.15s           2026-03-08T00:01:44                      14
================================================================================
[2026-03-08T00:02:24.317+0000] {manager.py:1008} INFO - 
================================================================================
DAG File Processing Stats

File Path                             PID    Runtime      # DAGs    # Errors  Last Runtime    Last Run               Last # of DB Queries
------------------------------------  -----  ---------  --------  ----------  --------------  -------------------  ----------------------
/opt/airflow/dags/hw6_placeholder.py                           1           0  0.13s           2026-03-08T00:02:15                      14
================================================================================
[2026-03-08T00:02:54.792+0000] {manager.py:1008} INFO - 
================================================================================
DAG File Processing Stats

File Path                             PID    Runtime      # DAGs    # Errors  Last Runtime    Last Run               Last # of DB Queries
------------------------------------  -----  ---------  --------  ----------  --------------  -------------------  ----------------------
/opt/airflow/dags/hw6_placeholder.py                           1           0  0.17s           2026-03-08T00:02:45                      14
================================================================================
[2026-03-08T00:03:25.394+0000] {manager.py:1008} INFO - 
================================================================================
DAG File Processing Stats

File Path                             PID    Runtime      # DAGs    # Errors  Last Runtime    Last Run               Last # of DB Queries
------------------------------------  -----  ---------  --------  ----------  --------------  -------------------  ----------------------
/opt/airflow/dags/hw6_placeholder.py                           1           0  0.13s           2026-03-08T00:03:16                      14
================================================================================
[2026-03-08T00:03:55.873+0000] {manager.py:1008} INFO - 
================================================================================
DAG File Processing Stats

File Path                             PID    Runtime      # DAGs    # Errors  Last Runtime    Last Run               Last # of DB Queries
------------------------------------  -----  ---------  --------  ----------  --------------  -------------------  ----------------------
/opt/airflow/dags/hw6_placeholder.py                           1           0  0.17s           2026-03-08T00:03:46                      14
================================================================================
[2026-03-08T00:04:26.355+0000] {manager.py:1008} INFO - 
================================================================================
DAG File Processing Stats

File Path                             PID    Runtime      # DAGs    # Errors  Last Runtime    Last Run               Last # of DB Queries
------------------------------------  -----  ---------  --------  ----------  --------------  -------------------  ----------------------
/opt/airflow/dags/hw6_placeholder.py                           1           0  0.18s           2026-03-08T00:04:17                      14
================================================================================
[2026-03-08T00:04:56.849+0000] {manager.py:1008} INFO - 
================================================================================
DAG File Processing Stats

File Path                             PID    Runtime      # DAGs    # Errors  Last Runtime    Last Run               Last # of DB Queries
------------------------------------  -----  ---------  --------  ----------  --------------  -------------------  ----------------------
/opt/airflow/dags/hw6_placeholder.py                           1           0  0.18s           2026-03-08T00:04:47                      14
================================================================================
[2026-03-08T00:05:27.320+0000] {manager.py:1008} INFO - 
================================================================================
DAG File Processing Stats

File Path                             PID    Runtime      # DAGs    # Errors  Last Runtime    Last Run               Last # of DB Queries
------------------------------------  -----  ---------  --------  ----------  --------------  -------------------  ----------------------
/opt/airflow/dags/hw6_placeholder.py                           1           0  0.18s           2026-03-08T00:05:18                      14
================================================================================
[2026-03-08T00:05:42.494+0000] {manager.py:832} INFO - Searching for files in /opt/airflow/dags
[2026-03-08T00:05:42.505+0000] {manager.py:835} INFO - There are 1 files in /opt/airflow/dags
[2026-03-08T00:05:57.783+0000] {manager.py:1008} INFO - 
================================================================================
DAG File Processing Stats

File Path                             PID    Runtime      # DAGs    # Errors  Last Runtime    Last Run               Last # of DB Queries
------------------------------------  -----  ---------  --------  ----------  --------------  -------------------  ----------------------
/opt/airflow/dags/hw6_placeholder.py                           1           0  0.15s           2026-03-08T00:05:48                      14
================================================================================
[2026-03-08T00:06:28.256+0000] {manager.py:1008} INFO - 
================================================================================
DAG File Processing Stats

File Path                             PID    Runtime      # DAGs    # Errors  Last Runtime    Last Run               Last # of DB Queries
------------------------------------  -----  ---------  --------  ----------  --------------  -------------------  ----------------------
/opt/airflow/dags/hw6_placeholder.py                           1           0  0.15s           2026-03-08T00:06:19                      14
================================================================================
[2026-03-08T00:06:58.650+0000] {manager.py:1008} INFO - 
================================================================================
DAG File Processing Stats

File Path                             PID    Runtime      # DAGs    # Errors  Last Runtime    Last Run               Last # of DB Queries
------------------------------------  -----  ---------  --------  ----------  --------------  -------------------  ----------------------
/opt/airflow/dags/hw6_placeholder.py                           1           0  0.15s           2026-03-08T00:06:49                      14
================================================================================
[2026-03-08T00:07:29.151+0000] {manager.py:1008} INFO - 
================================================================================
DAG File Processing Stats

File Path                             PID    Runtime      # DAGs    # Errors  Last Runtime    Last Run               Last # of DB Queries
------------------------------------  -----  ---------  --------  ----------  --------------  -------------------  ----------------------
/opt/airflow/dags/hw6_placeholder.py                           1           0  0.17s           2026-03-08T00:07:20                      14
================================================================================
[2026-03-08T00:07:59.562+0000] {manager.py:1008} INFO - 
================================================================================
DAG File Processing Stats

File Path                             PID    Runtime      # DAGs    # Errors  Last Runtime    Last Run               Last # of DB Queries
------------------------------------  -----  ---------  --------  ----------  --------------  -------------------  ----------------------
/opt/airflow/dags/hw6_placeholder.py                           1           0  0.10s           2026-03-08T00:07:50                      14
================================================================================
[2026-03-08T00:08:30.013+0000] {manager.py:1008} INFO - 
================================================================================
DAG File Processing Stats

File Path                             PID    Runtime      # DAGs    # Errors  Last Runtime    Last Run               Last # of DB Queries
------------------------------------  -----  ---------  --------  ----------  --------------  -------------------  ----------------------
/opt/airflow/dags/hw6_placeholder.py                           1           0  0.18s           2026-03-08T00:08:21                      14
================================================================================
[2026-03-08T00:09:00.454+0000] {manager.py:1008} INFO - 
================================================================================
DAG File Processing Stats

File Path                             PID    Runtime      # DAGs    # Errors  Last Runtime    Last Run               Last # of DB Queries
------------------------------------  -----  ---------  --------  ----------  --------------  -------------------  ----------------------
/opt/airflow/dags/hw6_placeholder.py                           1           0  0.17s           2026-03-08T00:08:51                      14
================================================================================
[2026-03-08T00:09:30.997+0000] {manager.py:1008} INFO - 
================================================================================
DAG File Processing Stats

File Path                             PID    Runtime      # DAGs    # Errors  Last Runtime    Last Run               Last # of DB Queries
------------------------------------  -----  ---------  --------  ----------  --------------  -------------------  ----------------------
/opt/airflow/dags/hw6_placeholder.py                           1           0  0.19s           2026-03-08T00:09:21                      14
================================================================================
[2026-03-08T00:10:01.455+0000] {manager.py:1008} INFO - 
================================================================================
DAG File Processing Stats

File Path                             PID    Runtime      # DAGs    # Errors  Last Runtime    Last Run               Last # of DB Queries
------------------------------------  -----  ---------  --------  ----------  --------------  -------------------  ----------------------
/opt/airflow/dags/hw6_placeholder.py                           1           0  0.17s           2026-03-08T00:09:52                      14
================================================================================
[2026-03-08T00:10:31.910+0000] {manager.py:1008} INFO - 
================================================================================
DAG File Processing Stats

File Path                             PID    Runtime      # DAGs    # Errors  Last Runtime    Last Run               Last # of DB Queries
------------------------------------  -----  ---------  --------  ----------  --------------  -------------------  ----------------------
/opt/airflow/dags/hw6_placeholder.py                           1           0  0.18s           2026-03-08T00:10:22                      14
================================================================================
[2026-03-08T00:10:43.062+0000] {manager.py:832} INFO - Searching for files in /opt/airflow/dags
[2026-03-08T00:10:43.076+0000] {manager.py:835} INFO - There are 1 files in /opt/airflow/dags
[2026-03-08T00:11:02.386+0000] {manager.py:1008} INFO - 
================================================================================
DAG File Processing Stats

File Path                             PID    Runtime      # DAGs    # Errors  Last Runtime    Last Run               Last # of DB Queries
------------------------------------  -----  ---------  --------  ----------  --------------  -------------------  ----------------------
/opt/airflow/dags/hw6_placeholder.py                           1           0  0.17s           2026-03-08T00:10:53                      14
================================================================================
[2026-03-08T00:11:32.806+0000] {manager.py:1008} INFO - 
================================================================================
DAG File Processing Stats

File Path                             PID    Runtime      # DAGs    # Errors  Last Runtime    Last Run               Last # of DB Queries
------------------------------------  -----  ---------  --------  ----------  --------------  -------------------  ----------------------
/opt/airflow/dags/hw6_placeholder.py                           1           0  0.19s           2026-03-08T00:11:23                      14
================================================================================
[2026-03-08T00:12:03.243+0000] {manager.py:1008} INFO - 
================================================================================
DAG File Processing Stats

File Path                             PID    Runtime      # DAGs    # Errors  Last Runtime    Last Run               Last # of DB Queries
------------------------------------  -----  ---------  --------  ----------  --------------  -------------------  ----------------------
/opt/airflow/dags/hw6_placeholder.py                           1           0  0.18s           2026-03-08T00:11:54                      14
================================================================================
[2026-03-08T00:12:33.654+0000] {manager.py:1008} INFO - 
================================================================================
DAG File Processing Stats

File Path                             PID    Runtime      # DAGs    # Errors  Last Runtime    Last Run               Last # of DB Queries
------------------------------------  -----  ---------  --------  ----------  --------------  -------------------  ----------------------
/opt/airflow/dags/hw6_placeholder.py                           1           0  0.16s           2026-03-08T00:12:24                      14
================================================================================
[2026-03-08T00:13:04.086+0000] {manager.py:1008} INFO - 
================================================================================
DAG File Processing Stats

File Path                             PID    Runtime      # DAGs    # Errors  Last Runtime    Last Run               Last # of DB Queries
------------------------------------  -----  ---------  --------  ----------  --------------  -------------------  ----------------------
/opt/airflow/dags/hw6_placeholder.py                           1           0  0.17s           2026-03-08T00:12:55                      14
================================================================================
[2026-03-08T00:13:34.558+0000] {manager.py:1008} INFO - 
================================================================================
DAG File Processing Stats

File Path                             PID    Runtime      # DAGs    # Errors  Last Runtime    Last Run               Last # of DB Queries
------------------------------------  -----  ---------  --------  ----------  --------------  -------------------  ----------------------
/opt/airflow/dags/hw6_placeholder.py                           1           0  0.26s           2026-03-08T00:13:25                      14
================================================================================
[2026-03-08T00:14:05.105+0000] {manager.py:1008} INFO - 
================================================================================
DAG File Processing Stats

File Path                             PID    Runtime      # DAGs    # Errors  Last Runtime    Last Run               Last # of DB Queries
------------------------------------  -----  ---------  --------  ----------  --------------  -------------------  ----------------------
/opt/airflow/dags/hw6_placeholder.py                           1           0  0.17s           2026-03-08T00:13:56                      14
================================================================================
[2026-03-08T00:14:35.542+0000] {manager.py:1008} INFO - 
================================================================================
DAG File Processing Stats

File Path                             PID    Runtime      # DAGs    # Errors  Last Runtime    Last Run               Last # of DB Queries
------------------------------------  -----  ---------  --------  ----------  --------------  -------------------  ----------------------
/opt/airflow/dags/hw6_placeholder.py                           1           0  0.16s           2026-03-08T00:14:26                      14
================================================================================
[2026-03-08T00:15:05.983+0000] {manager.py:1008} INFO - 
================================================================================
DAG File Processing Stats

File Path                             PID    Runtime      # DAGs    # Errors  Last Runtime    Last Run               Last # of DB Queries
------------------------------------  -----  ---------  --------  ----------  --------------  -------------------  ----------------------
/opt/airflow/dags/hw6_placeholder.py                           1           0  0.21s           2026-03-08T00:14:57                      14
================================================================================
[2026-03-08T00:15:36.461+0000] {manager.py:1008} INFO - 
================================================================================
DAG File Processing Stats

File Path                             PID    Runtime      # DAGs    # Errors  Last Runtime    Last Run               Last # of DB Queries
------------------------------------  -----  ---------  --------  ----------  --------------  -------------------  ----------------------
/opt/airflow/dags/hw6_placeholder.py                           1           0  0.17s           2026-03-08T00:15:27                      14
================================================================================
[2026-03-08T00:15:43.559+0000] {manager.py:832} INFO - Searching for files in /opt/airflow/dags
[2026-03-08T00:15:43.568+0000] {manager.py:835} INFO - There are 1 files in /opt/airflow/dags
[2026-03-08T00:16:06.950+0000] {manager.py:1008} INFO - 
================================================================================
DAG File Processing Stats

File Path                             PID    Runtime      # DAGs    # Errors  Last Runtime    Last Run               Last # of DB Queries
------------------------------------  -----  ---------  --------  ----------  --------------  -------------------  ----------------------
/opt/airflow/dags/hw6_placeholder.py                           1           0  0.16s           2026-03-08T00:15:57                      14
================================================================================
[2026-03-08T00:16:37.350+0000] {manager.py:1008} INFO - 
================================================================================
DAG File Processing Stats

File Path                             PID    Runtime      # DAGs    # Errors  Last Runtime    Last Run               Last # of DB Queries
------------------------------------  -----  ---------  --------  ----------  --------------  -------------------  ----------------------
/opt/airflow/dags/hw6_placeholder.py                           1           0  0.13s           2026-03-08T00:16:28                      14
================================================================================
[2026-03-08T00:17:07.778+0000] {manager.py:1008} INFO - 
================================================================================
DAG File Processing Stats

File Path                             PID    Runtime      # DAGs    # Errors  Last Runtime    Last Run               Last # of DB Queries
------------------------------------  -----  ---------  --------  ----------  --------------  -------------------  ----------------------
/opt/airflow/dags/hw6_placeholder.py                           1           0  0.17s           2026-03-08T00:16:58                      14
================================================================================
[2026-03-08T00:17:38.205+0000] {manager.py:1008} INFO - 
================================================================================
DAG File Processing Stats

File Path                             PID    Runtime      # DAGs    # Errors  Last Runtime    Last Run               Last # of DB Queries
------------------------------------  -----  ---------  --------  ----------  --------------  -------------------  ----------------------
/opt/airflow/dags/hw6_placeholder.py                           1           0  0.15s           2026-03-08T00:17:29                      14
================================================================================
[2026-03-08T00:18:08.670+0000] {manager.py:1008} INFO - 
================================================================================
DAG File Processing Stats

File Path                             PID    Runtime      # DAGs    # Errors  Last Runtime    Last Run               Last # of DB Queries
------------------------------------  -----  ---------  --------  ----------  --------------  -------------------  ----------------------
/opt/airflow/dags/hw6_placeholder.py                           1           0  0.18s           2026-03-08T00:17:59                      14
================================================================================
[2026-03-08T00:18:39.126+0000] {manager.py:1008} INFO - 
================================================================================
DAG File Processing Stats

File Path                             PID    Runtime      # DAGs    # Errors  Last Runtime    Last Run               Last # of DB Queries
------------------------------------  -----  ---------  --------  ----------  --------------  -------------------  ----------------------
/opt/airflow/dags/hw6_placeholder.py                           1           0  0.20s           2026-03-08T00:18:30                      14
================================================================================
[2026-03-08T00:19:09.611+0000] {manager.py:1008} INFO - 
================================================================================
DAG File Processing Stats

File Path                             PID    Runtime      # DAGs    # Errors  Last Runtime    Last Run               Last # of DB Queries
------------------------------------  -----  ---------  --------  ----------  --------------  -------------------  ----------------------
/opt/airflow/dags/hw6_placeholder.py                           1           0  0.19s           2026-03-08T00:19:00                      14
================================================================================
[2026-03-08T00:19:40.012+0000] {manager.py:1008} INFO - 
================================================================================
DAG File Processing Stats

File Path                             PID    Runtime      # DAGs    # Errors  Last Runtime    Last Run               Last # of DB Queries
------------------------------------  -----  ---------  --------  ----------  --------------  -------------------  ----------------------
/opt/airflow/dags/hw6_placeholder.py                           1           0  0.21s           2026-03-08T00:19:31                      14
================================================================================
[2026-03-08T00:20:10.527+0000] {manager.py:1008} INFO - 
================================================================================
DAG File Processing Stats

File Path                             PID    Runtime      # DAGs    # Errors  Last Runtime    Last Run               Last # of DB Queries
------------------------------------  -----  ---------  --------  ----------  --------------  -------------------  ----------------------
/opt/airflow/dags/hw6_placeholder.py                           1           0  0.18s           2026-03-08T00:20:01                      14
================================================================================
[2026-03-08T00:20:40.937+0000] {manager.py:1008} INFO - 
================================================================================
DAG File Processing Stats

File Path                             PID    Runtime      # DAGs    # Errors  Last Runtime    Last Run               Last # of DB Queries
------------------------------------  -----  ---------  --------  ----------  --------------  -------------------  ----------------------
/opt/airflow/dags/hw6_placeholder.py                           1           0  0.21s           2026-03-08T00:20:31                      14
================================================================================
[2026-03-08T00:20:43.969+0000] {manager.py:832} INFO - Searching for files in /opt/airflow/dags
[2026-03-08T00:20:43.982+0000] {manager.py:835} INFO - There are 1 files in /opt/airflow/dags
[2026-03-08T00:21:11.424+0000] {manager.py:1008} INFO - 
================================================================================
DAG File Processing Stats

File Path                             PID    Runtime      # DAGs    # Errors  Last Runtime    Last Run               Last # of DB Queries
------------------------------------  -----  ---------  --------  ----------  --------------  -------------------  ----------------------
/opt/airflow/dags/hw6_placeholder.py                           1           0  0.18s           2026-03-08T00:21:02                      14
================================================================================
[2026-03-08T00:21:41.862+0000] {manager.py:1008} INFO - 
================================================================================
DAG File Processing Stats

File Path                             PID    Runtime      # DAGs    # Errors  Last Runtime    Last Run               Last # of DB Queries
------------------------------------  -----  ---------  --------  ----------  --------------  -------------------  ----------------------
/opt/airflow/dags/hw6_placeholder.py                           1           0  0.18s           2026-03-08T00:21:32                      14
================================================================================
[2026-03-08T00:22:12.322+0000] {manager.py:1008} INFO - 
================================================================================
DAG File Processing Stats

File Path                             PID    Runtime      # DAGs    # Errors  Last Runtime    Last Run               Last # of DB Queries
------------------------------------  -----  ---------  --------  ----------  --------------  -------------------  ----------------------
/opt/airflow/dags/hw6_placeholder.py                           1           0  0.19s           2026-03-08T00:22:03                      14
================================================================================
[2026-03-08T00:22:42.850+0000] {manager.py:1008} INFO - 
================================================================================
DAG File Processing Stats

File Path                             PID    Runtime      # DAGs    # Errors  Last Runtime    Last Run               Last # of DB Queries
------------------------------------  -----  ---------  --------  ----------  --------------  -------------------  ----------------------
/opt/airflow/dags/hw6_placeholder.py                           1           0  0.18s           2026-03-08T00:22:33                      14
================================================================================
[2026-03-08T00:23:13.223+0000] {manager.py:1008} INFO - 
================================================================================
DAG File Processing Stats

File Path                             PID    Runtime      # DAGs    # Errors  Last Runtime    Last Run               Last # of DB Queries
------------------------------------  -----  ---------  --------  ----------  --------------  -------------------  ----------------------
/opt/airflow/dags/hw6_placeholder.py                           1           0  0.20s           2026-03-08T00:23:04                      14
================================================================================
[2026-03-08T00:23:43.584+0000] {manager.py:1008} INFO - 
================================================================================
DAG File Processing Stats

File Path                             PID    Runtime      # DAGs    # Errors  Last Runtime    Last Run               Last # of DB Queries
------------------------------------  -----  ---------  --------  ----------  --------------  -------------------  ----------------------
/opt/airflow/dags/hw6_placeholder.py                           1           0  0.14s           2026-03-08T00:23:34                      14
================================================================================
[2026-03-08T00:24:13.987+0000] {manager.py:1008} INFO - 
================================================================================
DAG File Processing Stats

File Path                             PID    Runtime      # DAGs    # Errors  Last Runtime    Last Run               Last # of DB Queries
------------------------------------  -----  ---------  --------  ----------  --------------  -------------------  ----------------------
/opt/airflow/dags/hw6_placeholder.py                           1           0  0.16s           2026-03-08T00:24:04                      14
================================================================================
[2026-03-08T00:24:44.429+0000] {manager.py:1008} INFO - 
================================================================================
DAG File Processing Stats

File Path                             PID    Runtime      # DAGs    # Errors  Last Runtime    Last Run               Last # of DB Queries
------------------------------------  -----  ---------  --------  ----------  --------------  -------------------  ----------------------
/opt/airflow/dags/hw6_placeholder.py                           1           0  0.16s           2026-03-08T00:24:35                      14
================================================================================
[2026-03-08T00:25:14.836+0000] {manager.py:1008} INFO - 
================================================================================
DAG File Processing Stats

File Path                             PID    Runtime      # DAGs    # Errors  Last Runtime    Last Run               Last # of DB Queries
------------------------------------  -----  ---------  --------  ----------  --------------  -------------------  ----------------------
/opt/airflow/dags/hw6_placeholder.py                           1           0  0.16s           2026-03-08T00:25:05                      14
================================================================================
[2026-03-08T00:25:44.234+0000] {manager.py:832} INFO - Searching for files in /opt/airflow/dags
[2026-03-08T00:25:44.246+0000] {manager.py:835} INFO - There are 1 files in /opt/airflow/dags
[2026-03-08T00:25:45.275+0000] {manager.py:1008} INFO - 
================================================================================
DAG File Processing Stats

File Path                             PID    Runtime      # DAGs    # Errors  Last Runtime    Last Run               Last # of DB Queries
------------------------------------  -----  ---------  --------  ----------  --------------  -------------------  ----------------------
/opt/airflow/dags/hw6_placeholder.py                           1           0  0.18s           2026-03-08T00:25:36                      14
================================================================================
[2026-03-08T00:26:15.726+0000] {manager.py:1008} INFO - 
================================================================================
DAG File Processing Stats

File Path                             PID    Runtime      # DAGs    # Errors  Last Runtime    Last Run               Last # of DB Queries
------------------------------------  -----  ---------  --------  ----------  --------------  -------------------  ----------------------
/opt/airflow/dags/hw6_placeholder.py                           1           0  0.19s           2026-03-08T00:26:06                      14
================================================================================
