[2026-03-07T23:20:39.726+0000] {processor.py:186} INFO - Started process (PID=452) to work on /opt/airflow/dags/hw6_placeholder.py
[2026-03-07T23:20:39.727+0000] {processor.py:914} INFO - Processing file /opt/airflow/dags/hw6_placeholder.py for tasks to queue
[2026-03-07T23:20:39.728+0000] {logging_mixin.py:190} INFO - [2026-03-07T23:20:39.728+0000] {dagbag.py:587} INFO - Filling up the DagBag from /opt/airflow/dags/hw6_placeholder.py
[2026-03-07T23:20:39.751+0000] {processor.py:925} INFO - DAG(s) 'weather_ETL_incremental' retrieved from /opt/airflow/dags/hw6_placeholder.py
[2026-03-07T23:20:39.822+0000] {logging_mixin.py:190} INFO - [2026-03-07T23:20:39.822+0000] {override.py:1900} INFO - Created Permission View: can read on DAG:weather_ETL_incremental
[2026-03-07T23:20:39.853+0000] {logging_mixin.py:190} INFO - [2026-03-07T23:20:39.853+0000] {override.py:1900} INFO - Created Permission View: can delete on DAG:weather_ETL_incremental
[2026-03-07T23:20:39.857+0000] {logging_mixin.py:190} INFO - [2026-03-07T23:20:39.857+0000] {override.py:1900} INFO - Created Permission View: can edit on DAG:weather_ETL_incremental
[2026-03-07T23:20:39.862+0000] {logging_mixin.py:190} INFO - [2026-03-07T23:20:39.861+0000] {override.py:1900} INFO - Created Permission View: menu access on DAG Run:weather_ETL_incremental
[2026-03-07T23:20:39.869+0000] {logging_mixin.py:190} INFO - [2026-03-07T23:20:39.869+0000] {override.py:1900} INFO - Created Permission View: can read on DAG Run:weather_ETL_incremental
[2026-03-07T23:20:39.872+0000] {logging_mixin.py:190} INFO - [2026-03-07T23:20:39.872+0000] {override.py:1900} INFO - Created Permission View: can create on DAG Run:weather_ETL_incremental
[2026-03-07T23:20:39.874+0000] {logging_mixin.py:190} INFO - [2026-03-07T23:20:39.874+0000] {override.py:1900} INFO - Created Permission View: can delete on DAG Run:weather_ETL_incremental
[2026-03-07T23:20:39.876+0000] {logging_mixin.py:190} INFO - [2026-03-07T23:20:39.875+0000] {dag.py:3229} INFO - Sync 1 DAGs
[2026-03-07T23:20:39.883+0000] {logging_mixin.py:190} INFO - [2026-03-07T23:20:39.883+0000] {dag.py:3252} INFO - Creating ORM DAG for weather_ETL_incremental
[2026-03-07T23:20:39.890+0000] {logging_mixin.py:190} INFO - [2026-03-07T23:20:39.889+0000] {dag.py:4156} INFO - Setting next_dagrun for weather_ETL_incremental to 2026-03-06 03:30:00+00:00, run_after=2026-03-07 03:30:00+00:00
[2026-03-07T23:20:39.898+0000] {processor.py:208} INFO - Processing /opt/airflow/dags/hw6_placeholder.py took 0.175 seconds
[2026-03-07T23:21:10.114+0000] {processor.py:186} INFO - Started process (PID=468) to work on /opt/airflow/dags/hw6_placeholder.py
[2026-03-07T23:21:10.116+0000] {processor.py:914} INFO - Processing file /opt/airflow/dags/hw6_placeholder.py for tasks to queue
[2026-03-07T23:21:10.120+0000] {logging_mixin.py:190} INFO - [2026-03-07T23:21:10.120+0000] {dagbag.py:587} INFO - Filling up the DagBag from /opt/airflow/dags/hw6_placeholder.py
[2026-03-07T23:21:10.155+0000] {processor.py:925} INFO - DAG(s) 'weather_ETL_incremental' retrieved from /opt/airflow/dags/hw6_placeholder.py
[2026-03-07T23:21:10.176+0000] {logging_mixin.py:190} INFO - [2026-03-07T23:21:10.176+0000] {dag.py:3229} INFO - Sync 1 DAGs
[2026-03-07T23:21:10.192+0000] {logging_mixin.py:190} INFO - [2026-03-07T23:21:10.192+0000] {dag.py:4156} INFO - Setting next_dagrun for weather_ETL_incremental to 2026-03-06 03:30:00+00:00, run_after=2026-03-07 03:30:00+00:00
[2026-03-07T23:21:10.201+0000] {processor.py:208} INFO - Processing /opt/airflow/dags/hw6_placeholder.py took 0.098 seconds
[2026-03-07T23:21:40.598+0000] {processor.py:186} INFO - Started process (PID=479) to work on /opt/airflow/dags/hw6_placeholder.py
[2026-03-07T23:21:40.600+0000] {processor.py:914} INFO - Processing file /opt/airflow/dags/hw6_placeholder.py for tasks to queue
[2026-03-07T23:21:40.609+0000] {logging_mixin.py:190} INFO - [2026-03-07T23:21:40.608+0000] {dagbag.py:587} INFO - Filling up the DagBag from /opt/airflow/dags/hw6_placeholder.py
[2026-03-07T23:21:40.638+0000] {processor.py:925} INFO - DAG(s) 'weather_ETL_incremental' retrieved from /opt/airflow/dags/hw6_placeholder.py
[2026-03-07T23:21:40.654+0000] {logging_mixin.py:190} INFO - [2026-03-07T23:21:40.653+0000] {dag.py:3229} INFO - Sync 1 DAGs
[2026-03-07T23:21:40.668+0000] {logging_mixin.py:190} INFO - [2026-03-07T23:21:40.668+0000] {dag.py:4156} INFO - Setting next_dagrun for weather_ETL_incremental to 2026-03-06 03:30:00+00:00, run_after=2026-03-07 03:30:00+00:00
[2026-03-07T23:21:40.677+0000] {processor.py:208} INFO - Processing /opt/airflow/dags/hw6_placeholder.py took 0.087 seconds
[2026-03-07T23:22:11.116+0000] {processor.py:186} INFO - Started process (PID=490) to work on /opt/airflow/dags/hw6_placeholder.py
[2026-03-07T23:22:11.117+0000] {processor.py:914} INFO - Processing file /opt/airflow/dags/hw6_placeholder.py for tasks to queue
[2026-03-07T23:22:11.121+0000] {logging_mixin.py:190} INFO - [2026-03-07T23:22:11.120+0000] {dagbag.py:587} INFO - Filling up the DagBag from /opt/airflow/dags/hw6_placeholder.py
[2026-03-07T23:22:11.156+0000] {processor.py:925} INFO - DAG(s) 'weather_ETL_incremental' retrieved from /opt/airflow/dags/hw6_placeholder.py
[2026-03-07T23:22:11.180+0000] {logging_mixin.py:190} INFO - [2026-03-07T23:22:11.180+0000] {dag.py:3229} INFO - Sync 1 DAGs
[2026-03-07T23:22:11.201+0000] {logging_mixin.py:190} INFO - [2026-03-07T23:22:11.200+0000] {dag.py:4156} INFO - Setting next_dagrun for weather_ETL_incremental to 2026-03-06 03:30:00+00:00, run_after=2026-03-07 03:30:00+00:00
[2026-03-07T23:22:11.216+0000] {processor.py:208} INFO - Processing /opt/airflow/dags/hw6_placeholder.py took 0.113 seconds
[2026-03-07T23:22:41.557+0000] {processor.py:186} INFO - Started process (PID=501) to work on /opt/airflow/dags/hw6_placeholder.py
[2026-03-07T23:22:41.558+0000] {processor.py:914} INFO - Processing file /opt/airflow/dags/hw6_placeholder.py for tasks to queue
[2026-03-07T23:22:41.562+0000] {logging_mixin.py:190} INFO - [2026-03-07T23:22:41.562+0000] {dagbag.py:587} INFO - Filling up the DagBag from /opt/airflow/dags/hw6_placeholder.py
[2026-03-07T23:22:41.598+0000] {processor.py:925} INFO - DAG(s) 'weather_ETL_incremental' retrieved from /opt/airflow/dags/hw6_placeholder.py
[2026-03-07T23:22:41.611+0000] {logging_mixin.py:190} INFO - [2026-03-07T23:22:41.611+0000] {dag.py:3229} INFO - Sync 1 DAGs
[2026-03-07T23:22:41.630+0000] {logging_mixin.py:190} INFO - [2026-03-07T23:22:41.629+0000] {dag.py:4156} INFO - Setting next_dagrun for weather_ETL_incremental to 2026-03-06 03:30:00+00:00, run_after=2026-03-07 03:30:00+00:00
[2026-03-07T23:22:41.639+0000] {processor.py:208} INFO - Processing /opt/airflow/dags/hw6_placeholder.py took 0.093 seconds
[2026-03-07T23:23:11.983+0000] {processor.py:186} INFO - Started process (PID=512) to work on /opt/airflow/dags/hw6_placeholder.py
[2026-03-07T23:23:11.989+0000] {processor.py:914} INFO - Processing file /opt/airflow/dags/hw6_placeholder.py for tasks to queue
[2026-03-07T23:23:11.996+0000] {logging_mixin.py:190} INFO - [2026-03-07T23:23:11.995+0000] {dagbag.py:587} INFO - Filling up the DagBag from /opt/airflow/dags/hw6_placeholder.py
[2026-03-07T23:23:12.042+0000] {processor.py:925} INFO - DAG(s) 'weather_ETL_incremental' retrieved from /opt/airflow/dags/hw6_placeholder.py
[2026-03-07T23:23:12.055+0000] {logging_mixin.py:190} INFO - [2026-03-07T23:23:12.055+0000] {dag.py:3229} INFO - Sync 1 DAGs
[2026-03-07T23:23:12.070+0000] {logging_mixin.py:190} INFO - [2026-03-07T23:23:12.070+0000] {dag.py:4156} INFO - Setting next_dagrun for weather_ETL_incremental to 2026-03-06 03:30:00+00:00, run_after=2026-03-07 03:30:00+00:00
[2026-03-07T23:23:12.082+0000] {processor.py:208} INFO - Processing /opt/airflow/dags/hw6_placeholder.py took 0.110 seconds
[2026-03-07T23:23:42.437+0000] {processor.py:186} INFO - Started process (PID=523) to work on /opt/airflow/dags/hw6_placeholder.py
[2026-03-07T23:23:42.442+0000] {processor.py:914} INFO - Processing file /opt/airflow/dags/hw6_placeholder.py for tasks to queue
[2026-03-07T23:23:42.448+0000] {logging_mixin.py:190} INFO - [2026-03-07T23:23:42.447+0000] {dagbag.py:587} INFO - Filling up the DagBag from /opt/airflow/dags/hw6_placeholder.py
[2026-03-07T23:23:42.479+0000] {processor.py:925} INFO - DAG(s) 'weather_ETL_incremental' retrieved from /opt/airflow/dags/hw6_placeholder.py
[2026-03-07T23:23:42.494+0000] {logging_mixin.py:190} INFO - [2026-03-07T23:23:42.493+0000] {dag.py:3229} INFO - Sync 1 DAGs
[2026-03-07T23:23:42.509+0000] {logging_mixin.py:190} INFO - [2026-03-07T23:23:42.508+0000] {dag.py:4156} INFO - Setting next_dagrun for weather_ETL_incremental to 2026-03-06 03:30:00+00:00, run_after=2026-03-07 03:30:00+00:00
[2026-03-07T23:23:42.517+0000] {processor.py:208} INFO - Processing /opt/airflow/dags/hw6_placeholder.py took 0.093 seconds
[2026-03-07T23:24:12.809+0000] {processor.py:186} INFO - Started process (PID=544) to work on /opt/airflow/dags/hw6_placeholder.py
[2026-03-07T23:24:12.810+0000] {processor.py:914} INFO - Processing file /opt/airflow/dags/hw6_placeholder.py for tasks to queue
[2026-03-07T23:24:12.819+0000] {logging_mixin.py:190} INFO - [2026-03-07T23:24:12.818+0000] {dagbag.py:587} INFO - Filling up the DagBag from /opt/airflow/dags/hw6_placeholder.py
[2026-03-07T23:24:12.883+0000] {processor.py:925} INFO - DAG(s) 'weather_ETL_incremental' retrieved from /opt/airflow/dags/hw6_placeholder.py
[2026-03-07T23:24:12.904+0000] {logging_mixin.py:190} INFO - [2026-03-07T23:24:12.903+0000] {dag.py:3229} INFO - Sync 1 DAGs
[2026-03-07T23:24:12.937+0000] {processor.py:208} INFO - Processing /opt/airflow/dags/hw6_placeholder.py took 0.134 seconds
[2026-03-07T23:24:43.210+0000] {processor.py:186} INFO - Started process (PID=565) to work on /opt/airflow/dags/hw6_placeholder.py
[2026-03-07T23:24:43.211+0000] {processor.py:914} INFO - Processing file /opt/airflow/dags/hw6_placeholder.py for tasks to queue
[2026-03-07T23:24:43.216+0000] {logging_mixin.py:190} INFO - [2026-03-07T23:24:43.214+0000] {dagbag.py:587} INFO - Filling up the DagBag from /opt/airflow/dags/hw6_placeholder.py
[2026-03-07T23:24:43.252+0000] {processor.py:925} INFO - DAG(s) 'weather_ETL_incremental' retrieved from /opt/airflow/dags/hw6_placeholder.py
[2026-03-07T23:24:43.268+0000] {logging_mixin.py:190} INFO - [2026-03-07T23:24:43.268+0000] {dag.py:3229} INFO - Sync 1 DAGs
[2026-03-07T23:24:43.286+0000] {logging_mixin.py:190} INFO - [2026-03-07T23:24:43.286+0000] {dag.py:4156} INFO - Setting next_dagrun for weather_ETL_incremental to 2026-03-07 03:30:00+00:00, run_after=2026-03-08 03:30:00+00:00
[2026-03-07T23:24:43.296+0000] {processor.py:208} INFO - Processing /opt/airflow/dags/hw6_placeholder.py took 0.099 seconds
[2026-03-07T23:25:13.601+0000] {processor.py:186} INFO - Started process (PID=576) to work on /opt/airflow/dags/hw6_placeholder.py
[2026-03-07T23:25:13.603+0000] {processor.py:914} INFO - Processing file /opt/airflow/dags/hw6_placeholder.py for tasks to queue
[2026-03-07T23:25:13.607+0000] {logging_mixin.py:190} INFO - [2026-03-07T23:25:13.607+0000] {dagbag.py:587} INFO - Filling up the DagBag from /opt/airflow/dags/hw6_placeholder.py
[2026-03-07T23:25:13.667+0000] {processor.py:925} INFO - DAG(s) 'weather_ETL_incremental' retrieved from /opt/airflow/dags/hw6_placeholder.py
[2026-03-07T23:25:13.694+0000] {logging_mixin.py:190} INFO - [2026-03-07T23:25:13.693+0000] {dag.py:3229} INFO - Sync 1 DAGs
[2026-03-07T23:25:13.718+0000] {logging_mixin.py:190} INFO - [2026-03-07T23:25:13.718+0000] {dag.py:4156} INFO - Setting next_dagrun for weather_ETL_incremental to 2026-03-07 03:30:00+00:00, run_after=2026-03-08 03:30:00+00:00
[2026-03-07T23:25:13.734+0000] {processor.py:208} INFO - Processing /opt/airflow/dags/hw6_placeholder.py took 0.142 seconds
[2026-03-07T23:25:44.004+0000] {processor.py:186} INFO - Started process (PID=587) to work on /opt/airflow/dags/hw6_placeholder.py
[2026-03-07T23:25:44.005+0000] {processor.py:914} INFO - Processing file /opt/airflow/dags/hw6_placeholder.py for tasks to queue
[2026-03-07T23:25:44.008+0000] {logging_mixin.py:190} INFO - [2026-03-07T23:25:44.007+0000] {dagbag.py:587} INFO - Filling up the DagBag from /opt/airflow/dags/hw6_placeholder.py
[2026-03-07T23:25:44.053+0000] {processor.py:925} INFO - DAG(s) 'weather_ETL_incremental' retrieved from /opt/airflow/dags/hw6_placeholder.py
[2026-03-07T23:25:44.068+0000] {logging_mixin.py:190} INFO - [2026-03-07T23:25:44.068+0000] {dag.py:3229} INFO - Sync 1 DAGs
[2026-03-07T23:25:44.083+0000] {logging_mixin.py:190} INFO - [2026-03-07T23:25:44.082+0000] {dag.py:4156} INFO - Setting next_dagrun for weather_ETL_incremental to 2026-03-07 03:30:00+00:00, run_after=2026-03-08 03:30:00+00:00
[2026-03-07T23:25:44.092+0000] {processor.py:208} INFO - Processing /opt/airflow/dags/hw6_placeholder.py took 0.096 seconds
[2026-03-07T23:26:14.588+0000] {processor.py:186} INFO - Started process (PID=598) to work on /opt/airflow/dags/hw6_placeholder.py
[2026-03-07T23:26:14.590+0000] {processor.py:914} INFO - Processing file /opt/airflow/dags/hw6_placeholder.py for tasks to queue
[2026-03-07T23:26:14.593+0000] {logging_mixin.py:190} INFO - [2026-03-07T23:26:14.593+0000] {dagbag.py:587} INFO - Filling up the DagBag from /opt/airflow/dags/hw6_placeholder.py
[2026-03-07T23:26:14.635+0000] {processor.py:925} INFO - DAG(s) 'weather_ETL_incremental' retrieved from /opt/airflow/dags/hw6_placeholder.py
[2026-03-07T23:26:14.652+0000] {logging_mixin.py:190} INFO - [2026-03-07T23:26:14.651+0000] {dag.py:3229} INFO - Sync 1 DAGs
[2026-03-07T23:26:14.671+0000] {logging_mixin.py:190} INFO - [2026-03-07T23:26:14.671+0000] {dag.py:4156} INFO - Setting next_dagrun for weather_ETL_incremental to 2026-03-07 03:30:00+00:00, run_after=2026-03-08 03:30:00+00:00
[2026-03-07T23:26:14.684+0000] {processor.py:208} INFO - Processing /opt/airflow/dags/hw6_placeholder.py took 0.105 seconds
[2026-03-07T23:26:45.038+0000] {processor.py:186} INFO - Started process (PID=609) to work on /opt/airflow/dags/hw6_placeholder.py
[2026-03-07T23:26:45.041+0000] {processor.py:914} INFO - Processing file /opt/airflow/dags/hw6_placeholder.py for tasks to queue
[2026-03-07T23:26:45.045+0000] {logging_mixin.py:190} INFO - [2026-03-07T23:26:45.045+0000] {dagbag.py:587} INFO - Filling up the DagBag from /opt/airflow/dags/hw6_placeholder.py
[2026-03-07T23:26:45.083+0000] {processor.py:925} INFO - DAG(s) 'weather_ETL_incremental' retrieved from /opt/airflow/dags/hw6_placeholder.py
[2026-03-07T23:26:45.102+0000] {logging_mixin.py:190} INFO - [2026-03-07T23:26:45.102+0000] {dag.py:3229} INFO - Sync 1 DAGs
[2026-03-07T23:26:45.118+0000] {logging_mixin.py:190} INFO - [2026-03-07T23:26:45.118+0000] {dag.py:4156} INFO - Setting next_dagrun for weather_ETL_incremental to 2026-03-07 03:30:00+00:00, run_after=2026-03-08 03:30:00+00:00
[2026-03-07T23:26:45.128+0000] {processor.py:208} INFO - Processing /opt/airflow/dags/hw6_placeholder.py took 0.099 seconds
[2026-03-07T23:27:15.461+0000] {processor.py:186} INFO - Started process (PID=620) to work on /opt/airflow/dags/hw6_placeholder.py
[2026-03-07T23:27:15.462+0000] {processor.py:914} INFO - Processing file /opt/airflow/dags/hw6_placeholder.py for tasks to queue
[2026-03-07T23:27:15.467+0000] {logging_mixin.py:190} INFO - [2026-03-07T23:27:15.466+0000] {dagbag.py:587} INFO - Filling up the DagBag from /opt/airflow/dags/hw6_placeholder.py
[2026-03-07T23:27:15.502+0000] {processor.py:925} INFO - DAG(s) 'weather_ETL_incremental' retrieved from /opt/airflow/dags/hw6_placeholder.py
[2026-03-07T23:27:15.515+0000] {logging_mixin.py:190} INFO - [2026-03-07T23:27:15.514+0000] {dag.py:3229} INFO - Sync 1 DAGs
[2026-03-07T23:27:15.528+0000] {logging_mixin.py:190} INFO - [2026-03-07T23:27:15.528+0000] {dag.py:4156} INFO - Setting next_dagrun for weather_ETL_incremental to 2026-03-07 03:30:00+00:00, run_after=2026-03-08 03:30:00+00:00
[2026-03-07T23:27:15.540+0000] {processor.py:208} INFO - Processing /opt/airflow/dags/hw6_placeholder.py took 0.090 seconds
[2026-03-07T23:27:45.832+0000] {processor.py:186} INFO - Started process (PID=631) to work on /opt/airflow/dags/hw6_placeholder.py
[2026-03-07T23:27:45.833+0000] {processor.py:914} INFO - Processing file /opt/airflow/dags/hw6_placeholder.py for tasks to queue
[2026-03-07T23:27:45.836+0000] {logging_mixin.py:190} INFO - [2026-03-07T23:27:45.835+0000] {dagbag.py:587} INFO - Filling up the DagBag from /opt/airflow/dags/hw6_placeholder.py
[2026-03-07T23:27:45.860+0000] {processor.py:925} INFO - DAG(s) 'weather_ETL_incremental' retrieved from /opt/airflow/dags/hw6_placeholder.py
[2026-03-07T23:27:45.873+0000] {logging_mixin.py:190} INFO - [2026-03-07T23:27:45.872+0000] {dag.py:3229} INFO - Sync 1 DAGs
[2026-03-07T23:27:45.888+0000] {logging_mixin.py:190} INFO - [2026-03-07T23:27:45.887+0000] {dag.py:4156} INFO - Setting next_dagrun for weather_ETL_incremental to 2026-03-07 03:30:00+00:00, run_after=2026-03-08 03:30:00+00:00
[2026-03-07T23:27:45.897+0000] {processor.py:208} INFO - Processing /opt/airflow/dags/hw6_placeholder.py took 0.073 seconds
[2026-03-07T23:28:16.210+0000] {processor.py:186} INFO - Started process (PID=642) to work on /opt/airflow/dags/hw6_placeholder.py
[2026-03-07T23:28:16.211+0000] {processor.py:914} INFO - Processing file /opt/airflow/dags/hw6_placeholder.py for tasks to queue
[2026-03-07T23:28:16.216+0000] {logging_mixin.py:190} INFO - [2026-03-07T23:28:16.216+0000] {dagbag.py:587} INFO - Filling up the DagBag from /opt/airflow/dags/hw6_placeholder.py
[2026-03-07T23:28:16.251+0000] {processor.py:925} INFO - DAG(s) 'weather_ETL_incremental' retrieved from /opt/airflow/dags/hw6_placeholder.py
[2026-03-07T23:28:16.264+0000] {logging_mixin.py:190} INFO - [2026-03-07T23:28:16.264+0000] {dag.py:3229} INFO - Sync 1 DAGs
[2026-03-07T23:28:16.280+0000] {logging_mixin.py:190} INFO - [2026-03-07T23:28:16.280+0000] {dag.py:4156} INFO - Setting next_dagrun for weather_ETL_incremental to 2026-03-07 03:30:00+00:00, run_after=2026-03-08 03:30:00+00:00
[2026-03-07T23:28:16.290+0000] {processor.py:208} INFO - Processing /opt/airflow/dags/hw6_placeholder.py took 0.092 seconds
[2026-03-07T23:28:46.612+0000] {processor.py:186} INFO - Started process (PID=653) to work on /opt/airflow/dags/hw6_placeholder.py
[2026-03-07T23:28:46.613+0000] {processor.py:914} INFO - Processing file /opt/airflow/dags/hw6_placeholder.py for tasks to queue
[2026-03-07T23:28:46.622+0000] {logging_mixin.py:190} INFO - [2026-03-07T23:28:46.621+0000] {dagbag.py:587} INFO - Filling up the DagBag from /opt/airflow/dags/hw6_placeholder.py
[2026-03-07T23:28:46.663+0000] {processor.py:925} INFO - DAG(s) 'weather_ETL_incremental' retrieved from /opt/airflow/dags/hw6_placeholder.py
[2026-03-07T23:28:46.685+0000] {logging_mixin.py:190} INFO - [2026-03-07T23:28:46.685+0000] {dag.py:3229} INFO - Sync 1 DAGs
[2026-03-07T23:28:46.704+0000] {logging_mixin.py:190} INFO - [2026-03-07T23:28:46.704+0000] {dag.py:4156} INFO - Setting next_dagrun for weather_ETL_incremental to 2026-03-07 03:30:00+00:00, run_after=2026-03-08 03:30:00+00:00
[2026-03-07T23:28:46.714+0000] {processor.py:208} INFO - Processing /opt/airflow/dags/hw6_placeholder.py took 0.114 seconds
[2026-03-07T23:29:17.004+0000] {processor.py:186} INFO - Started process (PID=664) to work on /opt/airflow/dags/hw6_placeholder.py
[2026-03-07T23:29:17.007+0000] {processor.py:914} INFO - Processing file /opt/airflow/dags/hw6_placeholder.py for tasks to queue
[2026-03-07T23:29:17.011+0000] {logging_mixin.py:190} INFO - [2026-03-07T23:29:17.011+0000] {dagbag.py:587} INFO - Filling up the DagBag from /opt/airflow/dags/hw6_placeholder.py
[2026-03-07T23:29:17.063+0000] {processor.py:925} INFO - DAG(s) 'weather_ETL_incremental' retrieved from /opt/airflow/dags/hw6_placeholder.py
[2026-03-07T23:29:17.085+0000] {logging_mixin.py:190} INFO - [2026-03-07T23:29:17.084+0000] {dag.py:3229} INFO - Sync 1 DAGs
[2026-03-07T23:29:17.104+0000] {logging_mixin.py:190} INFO - [2026-03-07T23:29:17.103+0000] {dag.py:4156} INFO - Setting next_dagrun for weather_ETL_incremental to 2026-03-07 03:30:00+00:00, run_after=2026-03-08 03:30:00+00:00
[2026-03-07T23:29:17.115+0000] {processor.py:208} INFO - Processing /opt/airflow/dags/hw6_placeholder.py took 0.123 seconds
[2026-03-07T23:29:47.452+0000] {processor.py:186} INFO - Started process (PID=675) to work on /opt/airflow/dags/hw6_placeholder.py
[2026-03-07T23:29:47.457+0000] {processor.py:914} INFO - Processing file /opt/airflow/dags/hw6_placeholder.py for tasks to queue
[2026-03-07T23:29:47.462+0000] {logging_mixin.py:190} INFO - [2026-03-07T23:29:47.461+0000] {dagbag.py:587} INFO - Filling up the DagBag from /opt/airflow/dags/hw6_placeholder.py
[2026-03-07T23:29:47.499+0000] {processor.py:925} INFO - DAG(s) 'weather_ETL_incremental' retrieved from /opt/airflow/dags/hw6_placeholder.py
[2026-03-07T23:29:47.514+0000] {logging_mixin.py:190} INFO - [2026-03-07T23:29:47.514+0000] {dag.py:3229} INFO - Sync 1 DAGs
[2026-03-07T23:29:47.535+0000] {logging_mixin.py:190} INFO - [2026-03-07T23:29:47.535+0000] {dag.py:4156} INFO - Setting next_dagrun for weather_ETL_incremental to 2026-03-07 03:30:00+00:00, run_after=2026-03-08 03:30:00+00:00
[2026-03-07T23:29:47.544+0000] {processor.py:208} INFO - Processing /opt/airflow/dags/hw6_placeholder.py took 0.106 seconds
[2026-03-07T23:29:56.599+0000] {processor.py:186} INFO - Started process (PID=680) to work on /opt/airflow/dags/hw6_placeholder.py
[2026-03-07T23:29:56.600+0000] {processor.py:914} INFO - Processing file /opt/airflow/dags/hw6_placeholder.py for tasks to queue
[2026-03-07T23:29:56.603+0000] {logging_mixin.py:190} INFO - [2026-03-07T23:29:56.602+0000] {dagbag.py:587} INFO - Filling up the DagBag from /opt/airflow/dags/hw6_placeholder.py
[2026-03-07T23:29:56.640+0000] {processor.py:925} INFO - DAG(s) 'weather_ETL_incremental' retrieved from /opt/airflow/dags/hw6_placeholder.py
[2026-03-07T23:29:56.650+0000] {logging_mixin.py:190} INFO - [2026-03-07T23:29:56.649+0000] {dag.py:3229} INFO - Sync 1 DAGs
[2026-03-07T23:29:56.662+0000] {logging_mixin.py:190} INFO - [2026-03-07T23:29:56.662+0000] {dag.py:4156} INFO - Setting next_dagrun for weather_ETL_incremental to 2026-03-07 03:30:00+00:00, run_after=2026-03-08 03:30:00+00:00
[2026-03-07T23:29:56.672+0000] {processor.py:208} INFO - Processing /opt/airflow/dags/hw6_placeholder.py took 0.080 seconds
[2026-03-07T23:30:27.186+0000] {processor.py:186} INFO - Started process (PID=701) to work on /opt/airflow/dags/hw6_placeholder.py
[2026-03-07T23:30:27.188+0000] {processor.py:914} INFO - Processing file /opt/airflow/dags/hw6_placeholder.py for tasks to queue
[2026-03-07T23:30:27.194+0000] {logging_mixin.py:190} INFO - [2026-03-07T23:30:27.193+0000] {dagbag.py:587} INFO - Filling up the DagBag from /opt/airflow/dags/hw6_placeholder.py
[2026-03-07T23:30:27.239+0000] {processor.py:925} INFO - DAG(s) 'weather_ETL_incremental' retrieved from /opt/airflow/dags/hw6_placeholder.py
[2026-03-07T23:30:27.256+0000] {logging_mixin.py:190} INFO - [2026-03-07T23:30:27.256+0000] {dag.py:3229} INFO - Sync 1 DAGs
[2026-03-07T23:30:27.276+0000] {logging_mixin.py:190} INFO - [2026-03-07T23:30:27.276+0000] {dag.py:4156} INFO - Setting next_dagrun for weather_ETL_incremental to 2026-03-07 03:30:00+00:00, run_after=2026-03-08 03:30:00+00:00
[2026-03-07T23:30:27.288+0000] {processor.py:208} INFO - Processing /opt/airflow/dags/hw6_placeholder.py took 0.118 seconds
[2026-03-07T23:30:57.647+0000] {processor.py:186} INFO - Started process (PID=712) to work on /opt/airflow/dags/hw6_placeholder.py
[2026-03-07T23:30:57.648+0000] {processor.py:914} INFO - Processing file /opt/airflow/dags/hw6_placeholder.py for tasks to queue
[2026-03-07T23:30:57.657+0000] {logging_mixin.py:190} INFO - [2026-03-07T23:30:57.656+0000] {dagbag.py:587} INFO - Filling up the DagBag from /opt/airflow/dags/hw6_placeholder.py
[2026-03-07T23:30:57.695+0000] {processor.py:925} INFO - DAG(s) 'weather_ETL_incremental' retrieved from /opt/airflow/dags/hw6_placeholder.py
[2026-03-07T23:30:57.716+0000] {logging_mixin.py:190} INFO - [2026-03-07T23:30:57.716+0000] {dag.py:3229} INFO - Sync 1 DAGs
[2026-03-07T23:30:57.732+0000] {logging_mixin.py:190} INFO - [2026-03-07T23:30:57.732+0000] {dag.py:4156} INFO - Setting next_dagrun for weather_ETL_incremental to 2026-03-07 03:30:00+00:00, run_after=2026-03-08 03:30:00+00:00
[2026-03-07T23:30:57.742+0000] {processor.py:208} INFO - Processing /opt/airflow/dags/hw6_placeholder.py took 0.107 seconds
[2026-03-07T23:31:28.032+0000] {processor.py:186} INFO - Started process (PID=723) to work on /opt/airflow/dags/hw6_placeholder.py
[2026-03-07T23:31:28.034+0000] {processor.py:914} INFO - Processing file /opt/airflow/dags/hw6_placeholder.py for tasks to queue
[2026-03-07T23:31:28.040+0000] {logging_mixin.py:190} INFO - [2026-03-07T23:31:28.039+0000] {dagbag.py:587} INFO - Filling up the DagBag from /opt/airflow/dags/hw6_placeholder.py
[2026-03-07T23:31:28.079+0000] {processor.py:925} INFO - DAG(s) 'weather_ETL_incremental' retrieved from /opt/airflow/dags/hw6_placeholder.py
[2026-03-07T23:31:28.097+0000] {logging_mixin.py:190} INFO - [2026-03-07T23:31:28.097+0000] {dag.py:3229} INFO - Sync 1 DAGs
[2026-03-07T23:31:28.116+0000] {logging_mixin.py:190} INFO - [2026-03-07T23:31:28.116+0000] {dag.py:4156} INFO - Setting next_dagrun for weather_ETL_incremental to 2026-03-07 03:30:00+00:00, run_after=2026-03-08 03:30:00+00:00
[2026-03-07T23:31:28.127+0000] {processor.py:208} INFO - Processing /opt/airflow/dags/hw6_placeholder.py took 0.108 seconds
[2026-03-07T23:31:58.415+0000] {processor.py:186} INFO - Started process (PID=734) to work on /opt/airflow/dags/hw6_placeholder.py
[2026-03-07T23:31:58.416+0000] {processor.py:914} INFO - Processing file /opt/airflow/dags/hw6_placeholder.py for tasks to queue
[2026-03-07T23:31:58.421+0000] {logging_mixin.py:190} INFO - [2026-03-07T23:31:58.420+0000] {dagbag.py:587} INFO - Filling up the DagBag from /opt/airflow/dags/hw6_placeholder.py
[2026-03-07T23:31:58.463+0000] {processor.py:925} INFO - DAG(s) 'weather_ETL_incremental' retrieved from /opt/airflow/dags/hw6_placeholder.py
[2026-03-07T23:31:58.480+0000] {logging_mixin.py:190} INFO - [2026-03-07T23:31:58.479+0000] {dag.py:3229} INFO - Sync 1 DAGs
[2026-03-07T23:31:58.503+0000] {logging_mixin.py:190} INFO - [2026-03-07T23:31:58.503+0000] {dag.py:4156} INFO - Setting next_dagrun for weather_ETL_incremental to 2026-03-07 03:30:00+00:00, run_after=2026-03-08 03:30:00+00:00
[2026-03-07T23:31:58.514+0000] {processor.py:208} INFO - Processing /opt/airflow/dags/hw6_placeholder.py took 0.110 seconds
[2026-03-07T23:32:28.876+0000] {processor.py:186} INFO - Started process (PID=745) to work on /opt/airflow/dags/hw6_placeholder.py
[2026-03-07T23:32:28.878+0000] {processor.py:914} INFO - Processing file /opt/airflow/dags/hw6_placeholder.py for tasks to queue
[2026-03-07T23:32:28.895+0000] {logging_mixin.py:190} INFO - [2026-03-07T23:32:28.894+0000] {dagbag.py:587} INFO - Filling up the DagBag from /opt/airflow/dags/hw6_placeholder.py
[2026-03-07T23:32:28.973+0000] {processor.py:925} INFO - DAG(s) 'weather_ETL_incremental' retrieved from /opt/airflow/dags/hw6_placeholder.py
[2026-03-07T23:32:28.992+0000] {logging_mixin.py:190} INFO - [2026-03-07T23:32:28.992+0000] {dag.py:3229} INFO - Sync 1 DAGs
[2026-03-07T23:32:29.016+0000] {logging_mixin.py:190} INFO - [2026-03-07T23:32:29.015+0000] {dag.py:4156} INFO - Setting next_dagrun for weather_ETL_incremental to 2026-03-07 03:30:00+00:00, run_after=2026-03-08 03:30:00+00:00
[2026-03-07T23:32:29.029+0000] {processor.py:208} INFO - Processing /opt/airflow/dags/hw6_placeholder.py took 0.171 seconds
[2026-03-07T23:32:59.348+0000] {processor.py:186} INFO - Started process (PID=756) to work on /opt/airflow/dags/hw6_placeholder.py
[2026-03-07T23:32:59.352+0000] {processor.py:914} INFO - Processing file /opt/airflow/dags/hw6_placeholder.py for tasks to queue
[2026-03-07T23:32:59.357+0000] {logging_mixin.py:190} INFO - [2026-03-07T23:32:59.357+0000] {dagbag.py:587} INFO - Filling up the DagBag from /opt/airflow/dags/hw6_placeholder.py
[2026-03-07T23:32:59.418+0000] {processor.py:925} INFO - DAG(s) 'weather_ETL_incremental' retrieved from /opt/airflow/dags/hw6_placeholder.py
[2026-03-07T23:32:59.438+0000] {logging_mixin.py:190} INFO - [2026-03-07T23:32:59.437+0000] {dag.py:3229} INFO - Sync 1 DAGs
[2026-03-07T23:32:59.463+0000] {logging_mixin.py:190} INFO - [2026-03-07T23:32:59.463+0000] {dag.py:4156} INFO - Setting next_dagrun for weather_ETL_incremental to 2026-03-07 03:30:00+00:00, run_after=2026-03-08 03:30:00+00:00
[2026-03-07T23:32:59.473+0000] {processor.py:208} INFO - Processing /opt/airflow/dags/hw6_placeholder.py took 0.136 seconds
[2026-03-07T23:33:29.852+0000] {processor.py:186} INFO - Started process (PID=767) to work on /opt/airflow/dags/hw6_placeholder.py
[2026-03-07T23:33:29.854+0000] {processor.py:914} INFO - Processing file /opt/airflow/dags/hw6_placeholder.py for tasks to queue
[2026-03-07T23:33:29.863+0000] {logging_mixin.py:190} INFO - [2026-03-07T23:33:29.863+0000] {dagbag.py:587} INFO - Filling up the DagBag from /opt/airflow/dags/hw6_placeholder.py
[2026-03-07T23:33:29.933+0000] {processor.py:925} INFO - DAG(s) 'weather_ETL_incremental' retrieved from /opt/airflow/dags/hw6_placeholder.py
[2026-03-07T23:33:29.963+0000] {logging_mixin.py:190} INFO - [2026-03-07T23:33:29.963+0000] {dag.py:3229} INFO - Sync 1 DAGs
[2026-03-07T23:33:29.986+0000] {logging_mixin.py:190} INFO - [2026-03-07T23:33:29.986+0000] {dag.py:4156} INFO - Setting next_dagrun for weather_ETL_incremental to 2026-03-07 03:30:00+00:00, run_after=2026-03-08 03:30:00+00:00
[2026-03-07T23:33:30.000+0000] {processor.py:208} INFO - Processing /opt/airflow/dags/hw6_placeholder.py took 0.163 seconds
[2026-03-07T23:34:00.272+0000] {processor.py:186} INFO - Started process (PID=784) to work on /opt/airflow/dags/hw6_placeholder.py
[2026-03-07T23:34:00.274+0000] {processor.py:914} INFO - Processing file /opt/airflow/dags/hw6_placeholder.py for tasks to queue
[2026-03-07T23:34:00.283+0000] {logging_mixin.py:190} INFO - [2026-03-07T23:34:00.282+0000] {dagbag.py:587} INFO - Filling up the DagBag from /opt/airflow/dags/hw6_placeholder.py
[2026-03-07T23:34:00.332+0000] {processor.py:925} INFO - DAG(s) 'weather_ETL_incremental' retrieved from /opt/airflow/dags/hw6_placeholder.py
[2026-03-07T23:34:00.352+0000] {logging_mixin.py:190} INFO - [2026-03-07T23:34:00.352+0000] {dag.py:3229} INFO - Sync 1 DAGs
[2026-03-07T23:34:00.371+0000] {logging_mixin.py:190} INFO - [2026-03-07T23:34:00.371+0000] {dag.py:4156} INFO - Setting next_dagrun for weather_ETL_incremental to 2026-03-07 03:30:00+00:00, run_after=2026-03-08 03:30:00+00:00
[2026-03-07T23:34:00.382+0000] {processor.py:208} INFO - Processing /opt/airflow/dags/hw6_placeholder.py took 0.126 seconds
[2026-03-07T23:34:30.809+0000] {processor.py:186} INFO - Started process (PID=794) to work on /opt/airflow/dags/hw6_placeholder.py
[2026-03-07T23:34:30.811+0000] {processor.py:914} INFO - Processing file /opt/airflow/dags/hw6_placeholder.py for tasks to queue
[2026-03-07T23:34:30.822+0000] {logging_mixin.py:190} INFO - [2026-03-07T23:34:30.821+0000] {dagbag.py:587} INFO - Filling up the DagBag from /opt/airflow/dags/hw6_placeholder.py
[2026-03-07T23:34:30.862+0000] {processor.py:925} INFO - DAG(s) 'weather_ETL_incremental' retrieved from /opt/airflow/dags/hw6_placeholder.py
[2026-03-07T23:34:30.877+0000] {logging_mixin.py:190} INFO - [2026-03-07T23:34:30.876+0000] {dag.py:3229} INFO - Sync 1 DAGs
[2026-03-07T23:34:30.896+0000] {logging_mixin.py:190} INFO - [2026-03-07T23:34:30.896+0000] {dag.py:4156} INFO - Setting next_dagrun for weather_ETL_incremental to 2026-03-07 03:30:00+00:00, run_after=2026-03-08 03:30:00+00:00
[2026-03-07T23:34:30.906+0000] {processor.py:208} INFO - Processing /opt/airflow/dags/hw6_placeholder.py took 0.107 seconds
[2026-03-07T23:35:01.242+0000] {processor.py:186} INFO - Started process (PID=806) to work on /opt/airflow/dags/hw6_placeholder.py
[2026-03-07T23:35:01.243+0000] {processor.py:914} INFO - Processing file /opt/airflow/dags/hw6_placeholder.py for tasks to queue
[2026-03-07T23:35:01.253+0000] {logging_mixin.py:190} INFO - [2026-03-07T23:35:01.248+0000] {dagbag.py:587} INFO - Filling up the DagBag from /opt/airflow/dags/hw6_placeholder.py
[2026-03-07T23:35:01.294+0000] {processor.py:925} INFO - DAG(s) 'weather_ETL_incremental' retrieved from /opt/airflow/dags/hw6_placeholder.py
[2026-03-07T23:35:01.310+0000] {logging_mixin.py:190} INFO - [2026-03-07T23:35:01.310+0000] {dag.py:3229} INFO - Sync 1 DAGs
[2026-03-07T23:35:01.329+0000] {logging_mixin.py:190} INFO - [2026-03-07T23:35:01.329+0000] {dag.py:4156} INFO - Setting next_dagrun for weather_ETL_incremental to 2026-03-07 03:30:00+00:00, run_after=2026-03-08 03:30:00+00:00
[2026-03-07T23:35:01.340+0000] {processor.py:208} INFO - Processing /opt/airflow/dags/hw6_placeholder.py took 0.111 seconds
[2026-03-07T23:35:31.688+0000] {processor.py:186} INFO - Started process (PID=817) to work on /opt/airflow/dags/hw6_placeholder.py
[2026-03-07T23:35:31.690+0000] {processor.py:914} INFO - Processing file /opt/airflow/dags/hw6_placeholder.py for tasks to queue
[2026-03-07T23:35:31.695+0000] {logging_mixin.py:190} INFO - [2026-03-07T23:35:31.695+0000] {dagbag.py:587} INFO - Filling up the DagBag from /opt/airflow/dags/hw6_placeholder.py
[2026-03-07T23:35:31.737+0000] {processor.py:925} INFO - DAG(s) 'weather_ETL_incremental' retrieved from /opt/airflow/dags/hw6_placeholder.py
[2026-03-07T23:35:31.754+0000] {logging_mixin.py:190} INFO - [2026-03-07T23:35:31.753+0000] {dag.py:3229} INFO - Sync 1 DAGs
[2026-03-07T23:35:31.769+0000] {logging_mixin.py:190} INFO - [2026-03-07T23:35:31.769+0000] {dag.py:4156} INFO - Setting next_dagrun for weather_ETL_incremental to 2026-03-07 03:30:00+00:00, run_after=2026-03-08 03:30:00+00:00
[2026-03-07T23:35:31.780+0000] {processor.py:208} INFO - Processing /opt/airflow/dags/hw6_placeholder.py took 0.103 seconds
[2026-03-07T23:36:02.093+0000] {processor.py:186} INFO - Started process (PID=828) to work on /opt/airflow/dags/hw6_placeholder.py
[2026-03-07T23:36:02.095+0000] {processor.py:914} INFO - Processing file /opt/airflow/dags/hw6_placeholder.py for tasks to queue
[2026-03-07T23:36:02.103+0000] {logging_mixin.py:190} INFO - [2026-03-07T23:36:02.102+0000] {dagbag.py:587} INFO - Filling up the DagBag from /opt/airflow/dags/hw6_placeholder.py
[2026-03-07T23:36:02.149+0000] {processor.py:925} INFO - DAG(s) 'weather_ETL_incremental' retrieved from /opt/airflow/dags/hw6_placeholder.py
[2026-03-07T23:36:02.166+0000] {logging_mixin.py:190} INFO - [2026-03-07T23:36:02.166+0000] {dag.py:3229} INFO - Sync 1 DAGs
[2026-03-07T23:36:02.183+0000] {logging_mixin.py:190} INFO - [2026-03-07T23:36:02.182+0000] {dag.py:4156} INFO - Setting next_dagrun for weather_ETL_incremental to 2026-03-07 03:30:00+00:00, run_after=2026-03-08 03:30:00+00:00
[2026-03-07T23:36:02.198+0000] {processor.py:208} INFO - Processing /opt/airflow/dags/hw6_placeholder.py took 0.118 seconds
[2026-03-07T23:36:32.460+0000] {processor.py:186} INFO - Started process (PID=839) to work on /opt/airflow/dags/hw6_placeholder.py
[2026-03-07T23:36:32.461+0000] {processor.py:914} INFO - Processing file /opt/airflow/dags/hw6_placeholder.py for tasks to queue
[2026-03-07T23:36:32.464+0000] {logging_mixin.py:190} INFO - [2026-03-07T23:36:32.464+0000] {dagbag.py:587} INFO - Filling up the DagBag from /opt/airflow/dags/hw6_placeholder.py
[2026-03-07T23:36:32.492+0000] {processor.py:925} INFO - DAG(s) 'weather_ETL_incremental' retrieved from /opt/airflow/dags/hw6_placeholder.py
[2026-03-07T23:36:32.507+0000] {logging_mixin.py:190} INFO - [2026-03-07T23:36:32.507+0000] {dag.py:3229} INFO - Sync 1 DAGs
[2026-03-07T23:36:32.520+0000] {logging_mixin.py:190} INFO - [2026-03-07T23:36:32.520+0000] {dag.py:4156} INFO - Setting next_dagrun for weather_ETL_incremental to 2026-03-07 03:30:00+00:00, run_after=2026-03-08 03:30:00+00:00
[2026-03-07T23:36:32.528+0000] {processor.py:208} INFO - Processing /opt/airflow/dags/hw6_placeholder.py took 0.076 seconds
[2026-03-07T23:37:03.030+0000] {processor.py:186} INFO - Started process (PID=850) to work on /opt/airflow/dags/hw6_placeholder.py
[2026-03-07T23:37:03.032+0000] {processor.py:914} INFO - Processing file /opt/airflow/dags/hw6_placeholder.py for tasks to queue
[2026-03-07T23:37:03.039+0000] {logging_mixin.py:190} INFO - [2026-03-07T23:37:03.038+0000] {dagbag.py:587} INFO - Filling up the DagBag from /opt/airflow/dags/hw6_placeholder.py
[2026-03-07T23:37:03.073+0000] {processor.py:925} INFO - DAG(s) 'weather_ETL_incremental' retrieved from /opt/airflow/dags/hw6_placeholder.py
[2026-03-07T23:37:03.094+0000] {logging_mixin.py:190} INFO - [2026-03-07T23:37:03.093+0000] {dag.py:3229} INFO - Sync 1 DAGs
[2026-03-07T23:37:03.122+0000] {logging_mixin.py:190} INFO - [2026-03-07T23:37:03.122+0000] {dag.py:4156} INFO - Setting next_dagrun for weather_ETL_incremental to 2026-03-07 03:30:00+00:00, run_after=2026-03-08 03:30:00+00:00
[2026-03-07T23:37:03.137+0000] {processor.py:208} INFO - Processing /opt/airflow/dags/hw6_placeholder.py took 0.116 seconds
[2026-03-07T23:37:13.242+0000] {processor.py:186} INFO - Started process (PID=855) to work on /opt/airflow/dags/hw6_placeholder.py
[2026-03-07T23:37:13.250+0000] {processor.py:914} INFO - Processing file /opt/airflow/dags/hw6_placeholder.py for tasks to queue
[2026-03-07T23:37:13.257+0000] {logging_mixin.py:190} INFO - [2026-03-07T23:37:13.256+0000] {dagbag.py:587} INFO - Filling up the DagBag from /opt/airflow/dags/hw6_placeholder.py
[2026-03-07T23:37:13.301+0000] {processor.py:925} INFO - DAG(s) 'weather_ETL_incremental' retrieved from /opt/airflow/dags/hw6_placeholder.py
[2026-03-07T23:37:13.323+0000] {logging_mixin.py:190} INFO - [2026-03-07T23:37:13.322+0000] {dag.py:3229} INFO - Sync 1 DAGs
[2026-03-07T23:37:13.342+0000] {logging_mixin.py:190} INFO - [2026-03-07T23:37:13.342+0000] {dag.py:4156} INFO - Setting next_dagrun for weather_ETL_incremental to 2026-03-07 03:30:00+00:00, run_after=2026-03-08 03:30:00+00:00
[2026-03-07T23:37:13.355+0000] {processor.py:208} INFO - Processing /opt/airflow/dags/hw6_placeholder.py took 0.127 seconds
[2026-03-07T23:37:43.738+0000] {processor.py:186} INFO - Started process (PID=876) to work on /opt/airflow/dags/hw6_placeholder.py
[2026-03-07T23:37:43.740+0000] {processor.py:914} INFO - Processing file /opt/airflow/dags/hw6_placeholder.py for tasks to queue
[2026-03-07T23:37:43.749+0000] {logging_mixin.py:190} INFO - [2026-03-07T23:37:43.749+0000] {dagbag.py:587} INFO - Filling up the DagBag from /opt/airflow/dags/hw6_placeholder.py
[2026-03-07T23:37:43.799+0000] {processor.py:925} INFO - DAG(s) 'weather_ETL_incremental' retrieved from /opt/airflow/dags/hw6_placeholder.py
[2026-03-07T23:37:43.927+0000] {logging_mixin.py:190} INFO - [2026-03-07T23:37:43.922+0000] {dag.py:3229} INFO - Sync 1 DAGs
[2026-03-07T23:37:44.007+0000] {logging_mixin.py:190} INFO - [2026-03-07T23:37:44.007+0000] {dag.py:4156} INFO - Setting next_dagrun for weather_ETL_incremental to 2026-03-07 03:30:00+00:00, run_after=2026-03-08 03:30:00+00:00
[2026-03-07T23:37:44.049+0000] {processor.py:208} INFO - Processing /opt/airflow/dags/hw6_placeholder.py took 0.321 seconds
[2026-03-07T23:38:14.200+0000] {processor.py:186} INFO - Started process (PID=887) to work on /opt/airflow/dags/hw6_placeholder.py
[2026-03-07T23:38:14.205+0000] {processor.py:914} INFO - Processing file /opt/airflow/dags/hw6_placeholder.py for tasks to queue
[2026-03-07T23:38:14.209+0000] {logging_mixin.py:190} INFO - [2026-03-07T23:38:14.208+0000] {dagbag.py:587} INFO - Filling up the DagBag from /opt/airflow/dags/hw6_placeholder.py
[2026-03-07T23:38:14.249+0000] {processor.py:925} INFO - DAG(s) 'weather_ETL_incremental' retrieved from /opt/airflow/dags/hw6_placeholder.py
[2026-03-07T23:38:14.263+0000] {logging_mixin.py:190} INFO - [2026-03-07T23:38:14.263+0000] {dag.py:3229} INFO - Sync 1 DAGs
[2026-03-07T23:38:14.297+0000] {logging_mixin.py:190} INFO - [2026-03-07T23:38:14.296+0000] {dag.py:4156} INFO - Setting next_dagrun for weather_ETL_incremental to 2026-03-07 03:30:00+00:00, run_after=2026-03-08 03:30:00+00:00
[2026-03-07T23:38:14.331+0000] {processor.py:208} INFO - Processing /opt/airflow/dags/hw6_placeholder.py took 0.143 seconds
[2026-03-07T23:38:44.613+0000] {processor.py:186} INFO - Started process (PID=898) to work on /opt/airflow/dags/hw6_placeholder.py
[2026-03-07T23:38:44.615+0000] {processor.py:914} INFO - Processing file /opt/airflow/dags/hw6_placeholder.py for tasks to queue
[2026-03-07T23:38:44.620+0000] {logging_mixin.py:190} INFO - [2026-03-07T23:38:44.619+0000] {dagbag.py:587} INFO - Filling up the DagBag from /opt/airflow/dags/hw6_placeholder.py
[2026-03-07T23:38:44.669+0000] {processor.py:925} INFO - DAG(s) 'weather_ETL_incremental' retrieved from /opt/airflow/dags/hw6_placeholder.py
[2026-03-07T23:38:44.683+0000] {logging_mixin.py:190} INFO - [2026-03-07T23:38:44.683+0000] {dag.py:3229} INFO - Sync 1 DAGs
[2026-03-07T23:38:44.700+0000] {logging_mixin.py:190} INFO - [2026-03-07T23:38:44.700+0000] {dag.py:4156} INFO - Setting next_dagrun for weather_ETL_incremental to 2026-03-07 03:30:00+00:00, run_after=2026-03-08 03:30:00+00:00
[2026-03-07T23:38:44.720+0000] {processor.py:208} INFO - Processing /opt/airflow/dags/hw6_placeholder.py took 0.126 seconds
[2026-03-07T23:39:15.144+0000] {processor.py:186} INFO - Started process (PID=909) to work on /opt/airflow/dags/hw6_placeholder.py
[2026-03-07T23:39:15.146+0000] {processor.py:914} INFO - Processing file /opt/airflow/dags/hw6_placeholder.py for tasks to queue
[2026-03-07T23:39:15.155+0000] {logging_mixin.py:190} INFO - [2026-03-07T23:39:15.154+0000] {dagbag.py:587} INFO - Filling up the DagBag from /opt/airflow/dags/hw6_placeholder.py
[2026-03-07T23:39:15.190+0000] {processor.py:925} INFO - DAG(s) 'weather_ETL_incremental' retrieved from /opt/airflow/dags/hw6_placeholder.py
[2026-03-07T23:39:15.205+0000] {logging_mixin.py:190} INFO - [2026-03-07T23:39:15.205+0000] {dag.py:3229} INFO - Sync 1 DAGs
[2026-03-07T23:39:15.220+0000] {logging_mixin.py:190} INFO - [2026-03-07T23:39:15.220+0000] {dag.py:4156} INFO - Setting next_dagrun for weather_ETL_incremental to 2026-03-07 03:30:00+00:00, run_after=2026-03-08 03:30:00+00:00
[2026-03-07T23:39:15.230+0000] {processor.py:208} INFO - Processing /opt/airflow/dags/hw6_placeholder.py took 0.097 seconds
[2026-03-07T23:39:45.653+0000] {processor.py:186} INFO - Started process (PID=920) to work on /opt/airflow/dags/hw6_placeholder.py
[2026-03-07T23:39:45.655+0000] {processor.py:914} INFO - Processing file /opt/airflow/dags/hw6_placeholder.py for tasks to queue
[2026-03-07T23:39:45.661+0000] {logging_mixin.py:190} INFO - [2026-03-07T23:39:45.660+0000] {dagbag.py:587} INFO - Filling up the DagBag from /opt/airflow/dags/hw6_placeholder.py
[2026-03-07T23:39:45.702+0000] {processor.py:925} INFO - DAG(s) 'weather_ETL_incremental' retrieved from /opt/airflow/dags/hw6_placeholder.py
[2026-03-07T23:39:45.719+0000] {logging_mixin.py:190} INFO - [2026-03-07T23:39:45.718+0000] {dag.py:3229} INFO - Sync 1 DAGs
[2026-03-07T23:39:45.733+0000] {logging_mixin.py:190} INFO - [2026-03-07T23:39:45.733+0000] {dag.py:4156} INFO - Setting next_dagrun for weather_ETL_incremental to 2026-03-07 03:30:00+00:00, run_after=2026-03-08 03:30:00+00:00
[2026-03-07T23:39:45.743+0000] {processor.py:208} INFO - Processing /opt/airflow/dags/hw6_placeholder.py took 0.103 seconds
[2026-03-07T23:40:16.075+0000] {processor.py:186} INFO - Started process (PID=931) to work on /opt/airflow/dags/hw6_placeholder.py
[2026-03-07T23:40:16.077+0000] {processor.py:914} INFO - Processing file /opt/airflow/dags/hw6_placeholder.py for tasks to queue
[2026-03-07T23:40:16.083+0000] {logging_mixin.py:190} INFO - [2026-03-07T23:40:16.082+0000] {dagbag.py:587} INFO - Filling up the DagBag from /opt/airflow/dags/hw6_placeholder.py
[2026-03-07T23:40:16.124+0000] {processor.py:925} INFO - DAG(s) 'weather_ETL_incremental' retrieved from /opt/airflow/dags/hw6_placeholder.py
[2026-03-07T23:40:16.138+0000] {logging_mixin.py:190} INFO - [2026-03-07T23:40:16.138+0000] {dag.py:3229} INFO - Sync 1 DAGs
[2026-03-07T23:40:16.156+0000] {logging_mixin.py:190} INFO - [2026-03-07T23:40:16.156+0000] {dag.py:4156} INFO - Setting next_dagrun for weather_ETL_incremental to 2026-03-07 03:30:00+00:00, run_after=2026-03-08 03:30:00+00:00
[2026-03-07T23:40:16.167+0000] {processor.py:208} INFO - Processing /opt/airflow/dags/hw6_placeholder.py took 0.102 seconds
[2026-03-07T23:40:46.504+0000] {processor.py:186} INFO - Started process (PID=942) to work on /opt/airflow/dags/hw6_placeholder.py
[2026-03-07T23:40:46.506+0000] {processor.py:914} INFO - Processing file /opt/airflow/dags/hw6_placeholder.py for tasks to queue
[2026-03-07T23:40:46.510+0000] {logging_mixin.py:190} INFO - [2026-03-07T23:40:46.510+0000] {dagbag.py:587} INFO - Filling up the DagBag from /opt/airflow/dags/hw6_placeholder.py
[2026-03-07T23:40:46.544+0000] {processor.py:925} INFO - DAG(s) 'weather_ETL_incremental' retrieved from /opt/airflow/dags/hw6_placeholder.py
[2026-03-07T23:40:46.574+0000] {logging_mixin.py:190} INFO - [2026-03-07T23:40:46.572+0000] {dag.py:3229} INFO - Sync 1 DAGs
[2026-03-07T23:40:46.617+0000] {logging_mixin.py:190} INFO - [2026-03-07T23:40:46.617+0000] {dag.py:4156} INFO - Setting next_dagrun for weather_ETL_incremental to 2026-03-07 03:30:00+00:00, run_after=2026-03-08 03:30:00+00:00
[2026-03-07T23:40:46.635+0000] {processor.py:208} INFO - Processing /opt/airflow/dags/hw6_placeholder.py took 0.152 seconds
[2026-03-07T23:41:16.939+0000] {processor.py:186} INFO - Started process (PID=953) to work on /opt/airflow/dags/hw6_placeholder.py
[2026-03-07T23:41:16.942+0000] {processor.py:914} INFO - Processing file /opt/airflow/dags/hw6_placeholder.py for tasks to queue
[2026-03-07T23:41:16.951+0000] {logging_mixin.py:190} INFO - [2026-03-07T23:41:16.950+0000] {dagbag.py:587} INFO - Filling up the DagBag from /opt/airflow/dags/hw6_placeholder.py
[2026-03-07T23:41:16.991+0000] {processor.py:925} INFO - DAG(s) 'weather_ETL_incremental' retrieved from /opt/airflow/dags/hw6_placeholder.py
[2026-03-07T23:41:17.010+0000] {logging_mixin.py:190} INFO - [2026-03-07T23:41:17.010+0000] {dag.py:3229} INFO - Sync 1 DAGs
[2026-03-07T23:41:17.029+0000] {logging_mixin.py:190} INFO - [2026-03-07T23:41:17.029+0000] {dag.py:4156} INFO - Setting next_dagrun for weather_ETL_incremental to 2026-03-07 03:30:00+00:00, run_after=2026-03-08 03:30:00+00:00
[2026-03-07T23:41:17.041+0000] {processor.py:208} INFO - Processing /opt/airflow/dags/hw6_placeholder.py took 0.117 seconds
[2026-03-07T23:41:47.441+0000] {processor.py:186} INFO - Started process (PID=964) to work on /opt/airflow/dags/hw6_placeholder.py
[2026-03-07T23:41:47.443+0000] {processor.py:914} INFO - Processing file /opt/airflow/dags/hw6_placeholder.py for tasks to queue
[2026-03-07T23:41:47.454+0000] {logging_mixin.py:190} INFO - [2026-03-07T23:41:47.453+0000] {dagbag.py:587} INFO - Filling up the DagBag from /opt/airflow/dags/hw6_placeholder.py
[2026-03-07T23:41:47.493+0000] {processor.py:925} INFO - DAG(s) 'weather_ETL_incremental' retrieved from /opt/airflow/dags/hw6_placeholder.py
[2026-03-07T23:41:47.507+0000] {logging_mixin.py:190} INFO - [2026-03-07T23:41:47.507+0000] {dag.py:3229} INFO - Sync 1 DAGs
[2026-03-07T23:41:47.522+0000] {logging_mixin.py:190} INFO - [2026-03-07T23:41:47.522+0000] {dag.py:4156} INFO - Setting next_dagrun for weather_ETL_incremental to 2026-03-07 03:30:00+00:00, run_after=2026-03-08 03:30:00+00:00
[2026-03-07T23:41:47.535+0000] {processor.py:208} INFO - Processing /opt/airflow/dags/hw6_placeholder.py took 0.106 seconds
[2026-03-07T23:42:13.816+0000] {processor.py:186} INFO - Started process (PID=975) to work on /opt/airflow/dags/hw6_placeholder.py
[2026-03-07T23:42:13.818+0000] {processor.py:914} INFO - Processing file /opt/airflow/dags/hw6_placeholder.py for tasks to queue
[2026-03-07T23:42:13.824+0000] {logging_mixin.py:190} INFO - [2026-03-07T23:42:13.822+0000] {dagbag.py:587} INFO - Filling up the DagBag from /opt/airflow/dags/hw6_placeholder.py
[2026-03-07T23:42:13.875+0000] {processor.py:925} INFO - DAG(s) 'weather_ETL_incremental' retrieved from /opt/airflow/dags/hw6_placeholder.py
[2026-03-07T23:42:13.890+0000] {logging_mixin.py:190} INFO - [2026-03-07T23:42:13.889+0000] {dag.py:3229} INFO - Sync 1 DAGs
[2026-03-07T23:42:13.911+0000] {logging_mixin.py:190} INFO - [2026-03-07T23:42:13.911+0000] {dag.py:4156} INFO - Setting next_dagrun for weather_ETL_incremental to 2026-03-07 03:30:00+00:00, run_after=2026-03-08 03:30:00+00:00
[2026-03-07T23:42:13.925+0000] {processor.py:208} INFO - Processing /opt/airflow/dags/hw6_placeholder.py took 0.134 seconds
[2026-03-07T23:42:44.231+0000] {processor.py:186} INFO - Started process (PID=996) to work on /opt/airflow/dags/hw6_placeholder.py
[2026-03-07T23:42:44.232+0000] {processor.py:914} INFO - Processing file /opt/airflow/dags/hw6_placeholder.py for tasks to queue
[2026-03-07T23:42:44.237+0000] {logging_mixin.py:190} INFO - [2026-03-07T23:42:44.237+0000] {dagbag.py:587} INFO - Filling up the DagBag from /opt/airflow/dags/hw6_placeholder.py
[2026-03-07T23:42:44.287+0000] {processor.py:925} INFO - DAG(s) 'weather_ETL_incremental' retrieved from /opt/airflow/dags/hw6_placeholder.py
[2026-03-07T23:42:44.316+0000] {logging_mixin.py:190} INFO - [2026-03-07T23:42:44.315+0000] {dag.py:3229} INFO - Sync 1 DAGs
[2026-03-07T23:42:44.336+0000] {logging_mixin.py:190} INFO - [2026-03-07T23:42:44.336+0000] {dag.py:4156} INFO - Setting next_dagrun for weather_ETL_incremental to 2026-03-07 03:30:00+00:00, run_after=2026-03-08 03:30:00+00:00
[2026-03-07T23:42:44.346+0000] {processor.py:208} INFO - Processing /opt/airflow/dags/hw6_placeholder.py took 0.135 seconds
[2026-03-07T23:43:14.732+0000] {processor.py:186} INFO - Started process (PID=1007) to work on /opt/airflow/dags/hw6_placeholder.py
[2026-03-07T23:43:14.734+0000] {processor.py:914} INFO - Processing file /opt/airflow/dags/hw6_placeholder.py for tasks to queue
[2026-03-07T23:43:14.738+0000] {logging_mixin.py:190} INFO - [2026-03-07T23:43:14.737+0000] {dagbag.py:587} INFO - Filling up the DagBag from /opt/airflow/dags/hw6_placeholder.py
[2026-03-07T23:43:14.770+0000] {processor.py:925} INFO - DAG(s) 'weather_ETL_incremental' retrieved from /opt/airflow/dags/hw6_placeholder.py
[2026-03-07T23:43:14.786+0000] {logging_mixin.py:190} INFO - [2026-03-07T23:43:14.785+0000] {dag.py:3229} INFO - Sync 1 DAGs
[2026-03-07T23:43:14.805+0000] {logging_mixin.py:190} INFO - [2026-03-07T23:43:14.805+0000] {dag.py:4156} INFO - Setting next_dagrun for weather_ETL_incremental to 2026-03-07 03:30:00+00:00, run_after=2026-03-08 03:30:00+00:00
[2026-03-07T23:43:14.817+0000] {processor.py:208} INFO - Processing /opt/airflow/dags/hw6_placeholder.py took 0.094 seconds
[2026-03-07T23:43:45.047+0000] {processor.py:186} INFO - Started process (PID=1019) to work on /opt/airflow/dags/hw6_placeholder.py
[2026-03-07T23:43:45.048+0000] {processor.py:914} INFO - Processing file /opt/airflow/dags/hw6_placeholder.py for tasks to queue
[2026-03-07T23:43:45.052+0000] {logging_mixin.py:190} INFO - [2026-03-07T23:43:45.051+0000] {dagbag.py:587} INFO - Filling up the DagBag from /opt/airflow/dags/hw6_placeholder.py
[2026-03-07T23:43:45.079+0000] {processor.py:925} INFO - DAG(s) 'weather_ETL_incremental' retrieved from /opt/airflow/dags/hw6_placeholder.py
[2026-03-07T23:43:45.091+0000] {logging_mixin.py:190} INFO - [2026-03-07T23:43:45.090+0000] {dag.py:3229} INFO - Sync 1 DAGs
[2026-03-07T23:43:45.107+0000] {logging_mixin.py:190} INFO - [2026-03-07T23:43:45.107+0000] {dag.py:4156} INFO - Setting next_dagrun for weather_ETL_incremental to 2026-03-07 03:30:00+00:00, run_after=2026-03-08 03:30:00+00:00
[2026-03-07T23:43:45.121+0000] {processor.py:208} INFO - Processing /opt/airflow/dags/hw6_placeholder.py took 0.082 seconds
[2026-03-07T23:44:15.487+0000] {processor.py:186} INFO - Started process (PID=1030) to work on /opt/airflow/dags/hw6_placeholder.py
[2026-03-07T23:44:15.488+0000] {processor.py:914} INFO - Processing file /opt/airflow/dags/hw6_placeholder.py for tasks to queue
[2026-03-07T23:44:15.491+0000] {logging_mixin.py:190} INFO - [2026-03-07T23:44:15.491+0000] {dagbag.py:587} INFO - Filling up the DagBag from /opt/airflow/dags/hw6_placeholder.py
[2026-03-07T23:44:15.531+0000] {processor.py:925} INFO - DAG(s) 'weather_ETL_incremental' retrieved from /opt/airflow/dags/hw6_placeholder.py
[2026-03-07T23:44:15.549+0000] {logging_mixin.py:190} INFO - [2026-03-07T23:44:15.549+0000] {dag.py:3229} INFO - Sync 1 DAGs
[2026-03-07T23:44:15.573+0000] {logging_mixin.py:190} INFO - [2026-03-07T23:44:15.573+0000] {dag.py:4156} INFO - Setting next_dagrun for weather_ETL_incremental to 2026-03-07 03:30:00+00:00, run_after=2026-03-08 03:30:00+00:00
[2026-03-07T23:44:15.586+0000] {processor.py:208} INFO - Processing /opt/airflow/dags/hw6_placeholder.py took 0.107 seconds
[2026-03-07T23:44:45.915+0000] {processor.py:186} INFO - Started process (PID=1041) to work on /opt/airflow/dags/hw6_placeholder.py
[2026-03-07T23:44:45.916+0000] {processor.py:914} INFO - Processing file /opt/airflow/dags/hw6_placeholder.py for tasks to queue
[2026-03-07T23:44:45.920+0000] {logging_mixin.py:190} INFO - [2026-03-07T23:44:45.919+0000] {dagbag.py:587} INFO - Filling up the DagBag from /opt/airflow/dags/hw6_placeholder.py
[2026-03-07T23:44:45.948+0000] {processor.py:925} INFO - DAG(s) 'weather_ETL_incremental' retrieved from /opt/airflow/dags/hw6_placeholder.py
[2026-03-07T23:44:45.968+0000] {logging_mixin.py:190} INFO - [2026-03-07T23:44:45.967+0000] {dag.py:3229} INFO - Sync 1 DAGs
[2026-03-07T23:44:45.993+0000] {logging_mixin.py:190} INFO - [2026-03-07T23:44:45.992+0000] {dag.py:4156} INFO - Setting next_dagrun for weather_ETL_incremental to 2026-03-07 03:30:00+00:00, run_after=2026-03-08 03:30:00+00:00
[2026-03-07T23:44:46.004+0000] {processor.py:208} INFO - Processing /opt/airflow/dags/hw6_placeholder.py took 0.098 seconds
[2026-03-07T23:45:16.331+0000] {processor.py:186} INFO - Started process (PID=1052) to work on /opt/airflow/dags/hw6_placeholder.py
[2026-03-07T23:45:16.332+0000] {processor.py:914} INFO - Processing file /opt/airflow/dags/hw6_placeholder.py for tasks to queue
[2026-03-07T23:45:16.339+0000] {logging_mixin.py:190} INFO - [2026-03-07T23:45:16.339+0000] {dagbag.py:587} INFO - Filling up the DagBag from /opt/airflow/dags/hw6_placeholder.py
[2026-03-07T23:45:16.375+0000] {processor.py:925} INFO - DAG(s) 'weather_ETL_incremental' retrieved from /opt/airflow/dags/hw6_placeholder.py
[2026-03-07T23:45:16.393+0000] {logging_mixin.py:190} INFO - [2026-03-07T23:45:16.393+0000] {dag.py:3229} INFO - Sync 1 DAGs
[2026-03-07T23:45:16.417+0000] {logging_mixin.py:190} INFO - [2026-03-07T23:45:16.417+0000] {dag.py:4156} INFO - Setting next_dagrun for weather_ETL_incremental to 2026-03-07 03:30:00+00:00, run_after=2026-03-08 03:30:00+00:00
[2026-03-07T23:45:16.431+0000] {processor.py:208} INFO - Processing /opt/airflow/dags/hw6_placeholder.py took 0.110 seconds
[2026-03-07T23:45:46.786+0000] {processor.py:186} INFO - Started process (PID=1063) to work on /opt/airflow/dags/hw6_placeholder.py
[2026-03-07T23:45:46.788+0000] {processor.py:914} INFO - Processing file /opt/airflow/dags/hw6_placeholder.py for tasks to queue
[2026-03-07T23:45:46.794+0000] {logging_mixin.py:190} INFO - [2026-03-07T23:45:46.793+0000] {dagbag.py:587} INFO - Filling up the DagBag from /opt/airflow/dags/hw6_placeholder.py
[2026-03-07T23:45:46.836+0000] {processor.py:925} INFO - DAG(s) 'weather_ETL_incremental' retrieved from /opt/airflow/dags/hw6_placeholder.py
[2026-03-07T23:45:46.851+0000] {logging_mixin.py:190} INFO - [2026-03-07T23:45:46.851+0000] {dag.py:3229} INFO - Sync 1 DAGs
[2026-03-07T23:45:46.875+0000] {logging_mixin.py:190} INFO - [2026-03-07T23:45:46.875+0000] {dag.py:4156} INFO - Setting next_dagrun for weather_ETL_incremental to 2026-03-07 03:30:00+00:00, run_after=2026-03-08 03:30:00+00:00
[2026-03-07T23:45:46.890+0000] {processor.py:208} INFO - Processing /opt/airflow/dags/hw6_placeholder.py took 0.112 seconds
[2026-03-07T23:46:17.215+0000] {processor.py:186} INFO - Started process (PID=1074) to work on /opt/airflow/dags/hw6_placeholder.py
[2026-03-07T23:46:17.216+0000] {processor.py:914} INFO - Processing file /opt/airflow/dags/hw6_placeholder.py for tasks to queue
[2026-03-07T23:46:17.221+0000] {logging_mixin.py:190} INFO - [2026-03-07T23:46:17.220+0000] {dagbag.py:587} INFO - Filling up the DagBag from /opt/airflow/dags/hw6_placeholder.py
[2026-03-07T23:46:17.251+0000] {processor.py:925} INFO - DAG(s) 'weather_ETL_incremental' retrieved from /opt/airflow/dags/hw6_placeholder.py
[2026-03-07T23:46:17.265+0000] {logging_mixin.py:190} INFO - [2026-03-07T23:46:17.265+0000] {dag.py:3229} INFO - Sync 1 DAGs
[2026-03-07T23:46:17.287+0000] {logging_mixin.py:190} INFO - [2026-03-07T23:46:17.287+0000] {dag.py:4156} INFO - Setting next_dagrun for weather_ETL_incremental to 2026-03-07 03:30:00+00:00, run_after=2026-03-08 03:30:00+00:00
[2026-03-07T23:46:17.299+0000] {processor.py:208} INFO - Processing /opt/airflow/dags/hw6_placeholder.py took 0.099 seconds
[2026-03-07T23:46:47.639+0000] {processor.py:186} INFO - Started process (PID=1085) to work on /opt/airflow/dags/hw6_placeholder.py
[2026-03-07T23:46:47.641+0000] {processor.py:914} INFO - Processing file /opt/airflow/dags/hw6_placeholder.py for tasks to queue
[2026-03-07T23:46:47.645+0000] {logging_mixin.py:190} INFO - [2026-03-07T23:46:47.644+0000] {dagbag.py:587} INFO - Filling up the DagBag from /opt/airflow/dags/hw6_placeholder.py
[2026-03-07T23:46:47.682+0000] {processor.py:925} INFO - DAG(s) 'weather_ETL_incremental' retrieved from /opt/airflow/dags/hw6_placeholder.py
[2026-03-07T23:46:47.696+0000] {logging_mixin.py:190} INFO - [2026-03-07T23:46:47.696+0000] {dag.py:3229} INFO - Sync 1 DAGs
[2026-03-07T23:46:47.723+0000] {logging_mixin.py:190} INFO - [2026-03-07T23:46:47.723+0000] {dag.py:4156} INFO - Setting next_dagrun for weather_ETL_incremental to 2026-03-07 03:30:00+00:00, run_after=2026-03-08 03:30:00+00:00
[2026-03-07T23:46:47.735+0000] {processor.py:208} INFO - Processing /opt/airflow/dags/hw6_placeholder.py took 0.107 seconds
[2026-03-07T23:47:18.044+0000] {processor.py:186} INFO - Started process (PID=1096) to work on /opt/airflow/dags/hw6_placeholder.py
[2026-03-07T23:47:18.046+0000] {processor.py:914} INFO - Processing file /opt/airflow/dags/hw6_placeholder.py for tasks to queue
[2026-03-07T23:47:18.052+0000] {logging_mixin.py:190} INFO - [2026-03-07T23:47:18.051+0000] {dagbag.py:587} INFO - Filling up the DagBag from /opt/airflow/dags/hw6_placeholder.py
[2026-03-07T23:47:18.084+0000] {processor.py:925} INFO - DAG(s) 'weather_ETL_incremental' retrieved from /opt/airflow/dags/hw6_placeholder.py
[2026-03-07T23:47:18.103+0000] {logging_mixin.py:190} INFO - [2026-03-07T23:47:18.103+0000] {dag.py:3229} INFO - Sync 1 DAGs
[2026-03-07T23:47:18.128+0000] {logging_mixin.py:190} INFO - [2026-03-07T23:47:18.128+0000] {dag.py:4156} INFO - Setting next_dagrun for weather_ETL_incremental to 2026-03-07 03:30:00+00:00, run_after=2026-03-08 03:30:00+00:00
[2026-03-07T23:47:18.144+0000] {processor.py:208} INFO - Processing /opt/airflow/dags/hw6_placeholder.py took 0.111 seconds
[2026-03-07T23:47:48.447+0000] {processor.py:186} INFO - Started process (PID=1107) to work on /opt/airflow/dags/hw6_placeholder.py
[2026-03-07T23:47:48.449+0000] {processor.py:914} INFO - Processing file /opt/airflow/dags/hw6_placeholder.py for tasks to queue
[2026-03-07T23:47:48.454+0000] {logging_mixin.py:190} INFO - [2026-03-07T23:47:48.453+0000] {dagbag.py:587} INFO - Filling up the DagBag from /opt/airflow/dags/hw6_placeholder.py
[2026-03-07T23:47:48.489+0000] {processor.py:925} INFO - DAG(s) 'weather_ETL_incremental' retrieved from /opt/airflow/dags/hw6_placeholder.py
[2026-03-07T23:47:48.502+0000] {logging_mixin.py:190} INFO - [2026-03-07T23:47:48.502+0000] {dag.py:3229} INFO - Sync 1 DAGs
[2026-03-07T23:47:48.526+0000] {logging_mixin.py:190} INFO - [2026-03-07T23:47:48.526+0000] {dag.py:4156} INFO - Setting next_dagrun for weather_ETL_incremental to 2026-03-07 03:30:00+00:00, run_after=2026-03-08 03:30:00+00:00
[2026-03-07T23:47:48.539+0000] {processor.py:208} INFO - Processing /opt/airflow/dags/hw6_placeholder.py took 0.104 seconds
[2026-03-07T23:48:18.888+0000] {processor.py:186} INFO - Started process (PID=1118) to work on /opt/airflow/dags/hw6_placeholder.py
[2026-03-07T23:48:18.891+0000] {processor.py:914} INFO - Processing file /opt/airflow/dags/hw6_placeholder.py for tasks to queue
[2026-03-07T23:48:18.897+0000] {logging_mixin.py:190} INFO - [2026-03-07T23:48:18.897+0000] {dagbag.py:587} INFO - Filling up the DagBag from /opt/airflow/dags/hw6_placeholder.py
[2026-03-07T23:48:18.943+0000] {processor.py:925} INFO - DAG(s) 'weather_ETL_incremental' retrieved from /opt/airflow/dags/hw6_placeholder.py
[2026-03-07T23:48:18.958+0000] {logging_mixin.py:190} INFO - [2026-03-07T23:48:18.958+0000] {dag.py:3229} INFO - Sync 1 DAGs
[2026-03-07T23:48:18.975+0000] {logging_mixin.py:190} INFO - [2026-03-07T23:48:18.975+0000] {dag.py:4156} INFO - Setting next_dagrun for weather_ETL_incremental to 2026-03-07 03:30:00+00:00, run_after=2026-03-08 03:30:00+00:00
[2026-03-07T23:48:18.992+0000] {processor.py:208} INFO - Processing /opt/airflow/dags/hw6_placeholder.py took 0.123 seconds
[2026-03-07T23:48:43.386+0000] {processor.py:186} INFO - Started process (PID=1129) to work on /opt/airflow/dags/hw6_placeholder.py
[2026-03-07T23:48:43.388+0000] {processor.py:914} INFO - Processing file /opt/airflow/dags/hw6_placeholder.py for tasks to queue
[2026-03-07T23:48:43.393+0000] {logging_mixin.py:190} INFO - [2026-03-07T23:48:43.392+0000] {dagbag.py:587} INFO - Filling up the DagBag from /opt/airflow/dags/hw6_placeholder.py
[2026-03-07T23:48:43.445+0000] {processor.py:925} INFO - DAG(s) 'weather_ETL_incremental' retrieved from /opt/airflow/dags/hw6_placeholder.py
[2026-03-07T23:48:43.475+0000] {logging_mixin.py:190} INFO - [2026-03-07T23:48:43.474+0000] {dag.py:3229} INFO - Sync 1 DAGs
[2026-03-07T23:48:43.504+0000] {logging_mixin.py:190} INFO - [2026-03-07T23:48:43.504+0000] {dag.py:4156} INFO - Setting next_dagrun for weather_ETL_incremental to 2026-03-07 03:30:00+00:00, run_after=2026-03-08 03:30:00+00:00
[2026-03-07T23:48:43.519+0000] {processor.py:208} INFO - Processing /opt/airflow/dags/hw6_placeholder.py took 0.147 seconds
[2026-03-07T23:49:13.813+0000] {processor.py:186} INFO - Started process (PID=1140) to work on /opt/airflow/dags/hw6_placeholder.py
[2026-03-07T23:49:13.815+0000] {processor.py:914} INFO - Processing file /opt/airflow/dags/hw6_placeholder.py for tasks to queue
[2026-03-07T23:49:13.821+0000] {logging_mixin.py:190} INFO - [2026-03-07T23:49:13.819+0000] {dagbag.py:587} INFO - Filling up the DagBag from /opt/airflow/dags/hw6_placeholder.py
[2026-03-07T23:49:13.862+0000] {processor.py:925} INFO - DAG(s) 'weather_ETL_incremental' retrieved from /opt/airflow/dags/hw6_placeholder.py
[2026-03-07T23:49:13.885+0000] {logging_mixin.py:190} INFO - [2026-03-07T23:49:13.884+0000] {dag.py:3229} INFO - Sync 1 DAGs
[2026-03-07T23:49:13.917+0000] {logging_mixin.py:190} INFO - [2026-03-07T23:49:13.917+0000] {dag.py:4156} INFO - Setting next_dagrun for weather_ETL_incremental to 2026-03-07 03:30:00+00:00, run_after=2026-03-08 03:30:00+00:00
[2026-03-07T23:49:13.937+0000] {processor.py:208} INFO - Processing /opt/airflow/dags/hw6_placeholder.py took 0.137 seconds
[2026-03-07T23:49:44.209+0000] {processor.py:186} INFO - Started process (PID=1150) to work on /opt/airflow/dags/hw6_placeholder.py
[2026-03-07T23:49:44.211+0000] {processor.py:914} INFO - Processing file /opt/airflow/dags/hw6_placeholder.py for tasks to queue
[2026-03-07T23:49:44.220+0000] {logging_mixin.py:190} INFO - [2026-03-07T23:49:44.217+0000] {dagbag.py:587} INFO - Filling up the DagBag from /opt/airflow/dags/hw6_placeholder.py
[2026-03-07T23:49:44.250+0000] {processor.py:925} INFO - DAG(s) 'weather_ETL_incremental' retrieved from /opt/airflow/dags/hw6_placeholder.py
[2026-03-07T23:49:44.274+0000] {logging_mixin.py:190} INFO - [2026-03-07T23:49:44.273+0000] {dag.py:3229} INFO - Sync 1 DAGs
[2026-03-07T23:49:44.296+0000] {logging_mixin.py:190} INFO - [2026-03-07T23:49:44.296+0000] {dag.py:4156} INFO - Setting next_dagrun for weather_ETL_incremental to 2026-03-07 03:30:00+00:00, run_after=2026-03-08 03:30:00+00:00
[2026-03-07T23:49:44.313+0000] {processor.py:208} INFO - Processing /opt/airflow/dags/hw6_placeholder.py took 0.114 seconds
[2026-03-07T23:50:14.835+0000] {processor.py:186} INFO - Started process (PID=1161) to work on /opt/airflow/dags/hw6_placeholder.py
[2026-03-07T23:50:14.839+0000] {processor.py:914} INFO - Processing file /opt/airflow/dags/hw6_placeholder.py for tasks to queue
[2026-03-07T23:50:14.863+0000] {logging_mixin.py:190} INFO - [2026-03-07T23:50:14.861+0000] {dagbag.py:587} INFO - Filling up the DagBag from /opt/airflow/dags/hw6_placeholder.py
[2026-03-07T23:50:14.956+0000] {processor.py:925} INFO - DAG(s) 'weather_ETL_incremental' retrieved from /opt/airflow/dags/hw6_placeholder.py
[2026-03-07T23:50:15.021+0000] {logging_mixin.py:190} INFO - [2026-03-07T23:50:15.013+0000] {dag.py:3229} INFO - Sync 1 DAGs
[2026-03-07T23:50:15.080+0000] {logging_mixin.py:190} INFO - [2026-03-07T23:50:15.080+0000] {dag.py:4156} INFO - Setting next_dagrun for weather_ETL_incremental to 2026-03-07 03:30:00+00:00, run_after=2026-03-08 03:30:00+00:00
[2026-03-07T23:50:15.133+0000] {processor.py:208} INFO - Processing /opt/airflow/dags/hw6_placeholder.py took 0.326 seconds
[2026-03-07T23:50:31.068+0000] {processor.py:186} INFO - Started process (PID=1166) to work on /opt/airflow/dags/hw6_placeholder.py
[2026-03-07T23:50:31.069+0000] {processor.py:914} INFO - Processing file /opt/airflow/dags/hw6_placeholder.py for tasks to queue
[2026-03-07T23:50:31.077+0000] {logging_mixin.py:190} INFO - [2026-03-07T23:50:31.077+0000] {dagbag.py:587} INFO - Filling up the DagBag from /opt/airflow/dags/hw6_placeholder.py
[2026-03-07T23:50:31.130+0000] {processor.py:925} INFO - DAG(s) 'weather_ETL_incremental' retrieved from /opt/airflow/dags/hw6_placeholder.py
[2026-03-07T23:50:31.146+0000] {logging_mixin.py:190} INFO - [2026-03-07T23:50:31.145+0000] {dag.py:3229} INFO - Sync 1 DAGs
[2026-03-07T23:50:31.162+0000] {logging_mixin.py:190} INFO - [2026-03-07T23:50:31.162+0000] {dag.py:4156} INFO - Setting next_dagrun for weather_ETL_incremental to 2026-03-07 03:30:00+00:00, run_after=2026-03-08 03:30:00+00:00
[2026-03-07T23:50:31.175+0000] {processor.py:208} INFO - Processing /opt/airflow/dags/hw6_placeholder.py took 0.120 seconds
[2026-03-07T23:51:01.525+0000] {processor.py:186} INFO - Started process (PID=1190) to work on /opt/airflow/dags/hw6_placeholder.py
[2026-03-07T23:51:01.529+0000] {processor.py:914} INFO - Processing file /opt/airflow/dags/hw6_placeholder.py for tasks to queue
[2026-03-07T23:51:01.537+0000] {logging_mixin.py:190} INFO - [2026-03-07T23:51:01.536+0000] {dagbag.py:587} INFO - Filling up the DagBag from /opt/airflow/dags/hw6_placeholder.py
[2026-03-07T23:51:01.583+0000] {processor.py:925} INFO - DAG(s) 'weather_ETL_incremental' retrieved from /opt/airflow/dags/hw6_placeholder.py
[2026-03-07T23:51:01.605+0000] {logging_mixin.py:190} INFO - [2026-03-07T23:51:01.605+0000] {dag.py:3229} INFO - Sync 1 DAGs
[2026-03-07T23:51:01.631+0000] {logging_mixin.py:190} INFO - [2026-03-07T23:51:01.630+0000] {dag.py:4156} INFO - Setting next_dagrun for weather_ETL_incremental to 2026-03-07 03:30:00+00:00, run_after=2026-03-08 03:30:00+00:00
[2026-03-07T23:51:01.641+0000] {processor.py:208} INFO - Processing /opt/airflow/dags/hw6_placeholder.py took 0.134 seconds
[2026-03-07T23:51:31.923+0000] {processor.py:186} INFO - Started process (PID=1224) to work on /opt/airflow/dags/hw6_placeholder.py
[2026-03-07T23:51:31.925+0000] {processor.py:914} INFO - Processing file /opt/airflow/dags/hw6_placeholder.py for tasks to queue
[2026-03-07T23:51:31.934+0000] {logging_mixin.py:190} INFO - [2026-03-07T23:51:31.932+0000] {dagbag.py:587} INFO - Filling up the DagBag from /opt/airflow/dags/hw6_placeholder.py
[2026-03-07T23:51:31.974+0000] {processor.py:925} INFO - DAG(s) 'weather_ETL_incremental' retrieved from /opt/airflow/dags/hw6_placeholder.py
[2026-03-07T23:51:31.992+0000] {logging_mixin.py:190} INFO - [2026-03-07T23:51:31.991+0000] {dag.py:3229} INFO - Sync 1 DAGs
[2026-03-07T23:51:32.031+0000] {processor.py:208} INFO - Processing /opt/airflow/dags/hw6_placeholder.py took 0.119 seconds
[2026-03-07T23:52:02.313+0000] {processor.py:186} INFO - Started process (PID=1246) to work on /opt/airflow/dags/hw6_placeholder.py
[2026-03-07T23:52:02.316+0000] {processor.py:914} INFO - Processing file /opt/airflow/dags/hw6_placeholder.py for tasks to queue
[2026-03-07T23:52:02.332+0000] {logging_mixin.py:190} INFO - [2026-03-07T23:52:02.331+0000] {dagbag.py:587} INFO - Filling up the DagBag from /opt/airflow/dags/hw6_placeholder.py
[2026-03-07T23:52:02.377+0000] {processor.py:925} INFO - DAG(s) 'weather_ETL_incremental' retrieved from /opt/airflow/dags/hw6_placeholder.py
[2026-03-07T23:52:02.397+0000] {logging_mixin.py:190} INFO - [2026-03-07T23:52:02.397+0000] {dag.py:3229} INFO - Sync 1 DAGs
[2026-03-07T23:52:02.414+0000] {logging_mixin.py:190} INFO - [2026-03-07T23:52:02.413+0000] {dag.py:4156} INFO - Setting next_dagrun for weather_ETL_incremental to 2026-03-07 03:30:00+00:00, run_after=2026-03-08 03:30:00+00:00
[2026-03-07T23:52:02.432+0000] {processor.py:208} INFO - Processing /opt/airflow/dags/hw6_placeholder.py took 0.131 seconds
[2026-03-07T23:52:32.815+0000] {processor.py:186} INFO - Started process (PID=1257) to work on /opt/airflow/dags/hw6_placeholder.py
[2026-03-07T23:52:32.818+0000] {processor.py:914} INFO - Processing file /opt/airflow/dags/hw6_placeholder.py for tasks to queue
[2026-03-07T23:52:32.829+0000] {logging_mixin.py:190} INFO - [2026-03-07T23:52:32.825+0000] {dagbag.py:587} INFO - Filling up the DagBag from /opt/airflow/dags/hw6_placeholder.py
[2026-03-07T23:52:32.873+0000] {processor.py:925} INFO - DAG(s) 'weather_ETL_incremental' retrieved from /opt/airflow/dags/hw6_placeholder.py
[2026-03-07T23:52:32.890+0000] {logging_mixin.py:190} INFO - [2026-03-07T23:52:32.890+0000] {dag.py:3229} INFO - Sync 1 DAGs
[2026-03-07T23:52:32.906+0000] {logging_mixin.py:190} INFO - [2026-03-07T23:52:32.906+0000] {dag.py:4156} INFO - Setting next_dagrun for weather_ETL_incremental to 2026-03-07 03:30:00+00:00, run_after=2026-03-08 03:30:00+00:00
[2026-03-07T23:52:32.916+0000] {processor.py:208} INFO - Processing /opt/airflow/dags/hw6_placeholder.py took 0.113 seconds
[2026-03-07T23:53:03.272+0000] {processor.py:186} INFO - Started process (PID=1268) to work on /opt/airflow/dags/hw6_placeholder.py
[2026-03-07T23:53:03.273+0000] {processor.py:914} INFO - Processing file /opt/airflow/dags/hw6_placeholder.py for tasks to queue
[2026-03-07T23:53:03.282+0000] {logging_mixin.py:190} INFO - [2026-03-07T23:53:03.281+0000] {dagbag.py:587} INFO - Filling up the DagBag from /opt/airflow/dags/hw6_placeholder.py
[2026-03-07T23:53:03.330+0000] {processor.py:925} INFO - DAG(s) 'weather_ETL_incremental' retrieved from /opt/airflow/dags/hw6_placeholder.py
[2026-03-07T23:53:03.347+0000] {logging_mixin.py:190} INFO - [2026-03-07T23:53:03.347+0000] {dag.py:3229} INFO - Sync 1 DAGs
[2026-03-07T23:53:03.363+0000] {logging_mixin.py:190} INFO - [2026-03-07T23:53:03.363+0000] {dag.py:4156} INFO - Setting next_dagrun for weather_ETL_incremental to 2026-03-07 03:30:00+00:00, run_after=2026-03-08 03:30:00+00:00
[2026-03-07T23:53:03.373+0000] {processor.py:208} INFO - Processing /opt/airflow/dags/hw6_placeholder.py took 0.115 seconds
[2026-03-07T23:53:33.628+0000] {processor.py:186} INFO - Started process (PID=1279) to work on /opt/airflow/dags/hw6_placeholder.py
[2026-03-07T23:53:33.629+0000] {processor.py:914} INFO - Processing file /opt/airflow/dags/hw6_placeholder.py for tasks to queue
[2026-03-07T23:53:33.636+0000] {logging_mixin.py:190} INFO - [2026-03-07T23:53:33.635+0000] {dagbag.py:587} INFO - Filling up the DagBag from /opt/airflow/dags/hw6_placeholder.py
[2026-03-07T23:53:33.666+0000] {processor.py:925} INFO - DAG(s) 'weather_ETL_incremental' retrieved from /opt/airflow/dags/hw6_placeholder.py
[2026-03-07T23:53:33.678+0000] {logging_mixin.py:190} INFO - [2026-03-07T23:53:33.677+0000] {dag.py:3229} INFO - Sync 1 DAGs
[2026-03-07T23:53:33.692+0000] {logging_mixin.py:190} INFO - [2026-03-07T23:53:33.692+0000] {dag.py:4156} INFO - Setting next_dagrun for weather_ETL_incremental to 2026-03-07 03:30:00+00:00, run_after=2026-03-08 03:30:00+00:00
[2026-03-07T23:53:33.701+0000] {processor.py:208} INFO - Processing /opt/airflow/dags/hw6_placeholder.py took 0.083 seconds
[2026-03-07T23:54:04.106+0000] {processor.py:186} INFO - Started process (PID=1290) to work on /opt/airflow/dags/hw6_placeholder.py
[2026-03-07T23:54:04.108+0000] {processor.py:914} INFO - Processing file /opt/airflow/dags/hw6_placeholder.py for tasks to queue
[2026-03-07T23:54:04.111+0000] {logging_mixin.py:190} INFO - [2026-03-07T23:54:04.111+0000] {dagbag.py:587} INFO - Filling up the DagBag from /opt/airflow/dags/hw6_placeholder.py
[2026-03-07T23:54:04.151+0000] {processor.py:925} INFO - DAG(s) 'weather_ETL_incremental' retrieved from /opt/airflow/dags/hw6_placeholder.py
[2026-03-07T23:54:04.165+0000] {logging_mixin.py:190} INFO - [2026-03-07T23:54:04.165+0000] {dag.py:3229} INFO - Sync 1 DAGs
[2026-03-07T23:54:04.181+0000] {logging_mixin.py:190} INFO - [2026-03-07T23:54:04.181+0000] {dag.py:4156} INFO - Setting next_dagrun for weather_ETL_incremental to 2026-03-07 03:30:00+00:00, run_after=2026-03-08 03:30:00+00:00
[2026-03-07T23:54:04.191+0000] {processor.py:208} INFO - Processing /opt/airflow/dags/hw6_placeholder.py took 0.098 seconds
[2026-03-07T23:54:08.263+0000] {processor.py:186} INFO - Started process (PID=1301) to work on /opt/airflow/dags/hw6_placeholder.py
[2026-03-07T23:54:08.265+0000] {processor.py:914} INFO - Processing file /opt/airflow/dags/hw6_placeholder.py for tasks to queue
[2026-03-07T23:54:08.270+0000] {logging_mixin.py:190} INFO - [2026-03-07T23:54:08.269+0000] {dagbag.py:587} INFO - Filling up the DagBag from /opt/airflow/dags/hw6_placeholder.py
[2026-03-07T23:54:08.348+0000] {processor.py:925} INFO - DAG(s) 'weather_ETL_incremental' retrieved from /opt/airflow/dags/hw6_placeholder.py
[2026-03-07T23:54:08.363+0000] {logging_mixin.py:190} INFO - [2026-03-07T23:54:08.362+0000] {dag.py:3229} INFO - Sync 1 DAGs
[2026-03-07T23:54:08.379+0000] {logging_mixin.py:190} INFO - [2026-03-07T23:54:08.379+0000] {dag.py:4156} INFO - Setting next_dagrun for weather_ETL_incremental to 2026-03-07 03:30:00+00:00, run_after=2026-03-08 03:30:00+00:00
[2026-03-07T23:54:08.391+0000] {processor.py:208} INFO - Processing /opt/airflow/dags/hw6_placeholder.py took 0.140 seconds
[2026-03-07T23:54:38.711+0000] {processor.py:186} INFO - Started process (PID=1312) to work on /opt/airflow/dags/hw6_placeholder.py
[2026-03-07T23:54:38.714+0000] {processor.py:914} INFO - Processing file /opt/airflow/dags/hw6_placeholder.py for tasks to queue
[2026-03-07T23:54:38.723+0000] {logging_mixin.py:190} INFO - [2026-03-07T23:54:38.722+0000] {dagbag.py:587} INFO - Filling up the DagBag from /opt/airflow/dags/hw6_placeholder.py
[2026-03-07T23:54:38.758+0000] {processor.py:925} INFO - DAG(s) 'weather_ETL_incremental' retrieved from /opt/airflow/dags/hw6_placeholder.py
[2026-03-07T23:54:38.771+0000] {logging_mixin.py:190} INFO - [2026-03-07T23:54:38.771+0000] {dag.py:3229} INFO - Sync 1 DAGs
[2026-03-07T23:54:38.785+0000] {logging_mixin.py:190} INFO - [2026-03-07T23:54:38.785+0000] {dag.py:4156} INFO - Setting next_dagrun for weather_ETL_incremental to 2026-03-07 03:30:00+00:00, run_after=2026-03-08 03:30:00+00:00
[2026-03-07T23:54:38.794+0000] {processor.py:208} INFO - Processing /opt/airflow/dags/hw6_placeholder.py took 0.099 seconds
[2026-03-07T23:55:09.147+0000] {processor.py:186} INFO - Started process (PID=1323) to work on /opt/airflow/dags/hw6_placeholder.py
[2026-03-07T23:55:09.149+0000] {processor.py:914} INFO - Processing file /opt/airflow/dags/hw6_placeholder.py for tasks to queue
[2026-03-07T23:55:09.161+0000] {logging_mixin.py:190} INFO - [2026-03-07T23:55:09.160+0000] {dagbag.py:587} INFO - Filling up the DagBag from /opt/airflow/dags/hw6_placeholder.py
[2026-03-07T23:55:09.205+0000] {processor.py:925} INFO - DAG(s) 'weather_ETL_incremental' retrieved from /opt/airflow/dags/hw6_placeholder.py
[2026-03-07T23:55:09.219+0000] {logging_mixin.py:190} INFO - [2026-03-07T23:55:09.218+0000] {dag.py:3229} INFO - Sync 1 DAGs
[2026-03-07T23:55:09.237+0000] {logging_mixin.py:190} INFO - [2026-03-07T23:55:09.237+0000] {dag.py:4156} INFO - Setting next_dagrun for weather_ETL_incremental to 2026-03-07 03:30:00+00:00, run_after=2026-03-08 03:30:00+00:00
[2026-03-07T23:55:09.249+0000] {processor.py:208} INFO - Processing /opt/airflow/dags/hw6_placeholder.py took 0.110 seconds
[2026-03-07T23:55:39.608+0000] {processor.py:186} INFO - Started process (PID=1334) to work on /opt/airflow/dags/hw6_placeholder.py
[2026-03-07T23:55:39.610+0000] {processor.py:914} INFO - Processing file /opt/airflow/dags/hw6_placeholder.py for tasks to queue
[2026-03-07T23:55:39.621+0000] {logging_mixin.py:190} INFO - [2026-03-07T23:55:39.620+0000] {dagbag.py:587} INFO - Filling up the DagBag from /opt/airflow/dags/hw6_placeholder.py
[2026-03-07T23:55:39.659+0000] {processor.py:925} INFO - DAG(s) 'weather_ETL_incremental' retrieved from /opt/airflow/dags/hw6_placeholder.py
[2026-03-07T23:55:39.683+0000] {logging_mixin.py:190} INFO - [2026-03-07T23:55:39.682+0000] {dag.py:3229} INFO - Sync 1 DAGs
[2026-03-07T23:55:39.700+0000] {logging_mixin.py:190} INFO - [2026-03-07T23:55:39.700+0000] {dag.py:4156} INFO - Setting next_dagrun for weather_ETL_incremental to 2026-03-07 03:30:00+00:00, run_after=2026-03-08 03:30:00+00:00
[2026-03-07T23:55:39.711+0000] {processor.py:208} INFO - Processing /opt/airflow/dags/hw6_placeholder.py took 0.114 seconds
[2026-03-07T23:56:10.023+0000] {processor.py:186} INFO - Started process (PID=1345) to work on /opt/airflow/dags/hw6_placeholder.py
[2026-03-07T23:56:10.025+0000] {processor.py:914} INFO - Processing file /opt/airflow/dags/hw6_placeholder.py for tasks to queue
[2026-03-07T23:56:10.033+0000] {logging_mixin.py:190} INFO - [2026-03-07T23:56:10.032+0000] {dagbag.py:587} INFO - Filling up the DagBag from /opt/airflow/dags/hw6_placeholder.py
[2026-03-07T23:56:10.066+0000] {processor.py:925} INFO - DAG(s) 'weather_ETL_incremental' retrieved from /opt/airflow/dags/hw6_placeholder.py
[2026-03-07T23:56:10.084+0000] {logging_mixin.py:190} INFO - [2026-03-07T23:56:10.084+0000] {dag.py:3229} INFO - Sync 1 DAGs
[2026-03-07T23:56:10.098+0000] {logging_mixin.py:190} INFO - [2026-03-07T23:56:10.098+0000] {dag.py:4156} INFO - Setting next_dagrun for weather_ETL_incremental to 2026-03-07 03:30:00+00:00, run_after=2026-03-08 03:30:00+00:00
[2026-03-07T23:56:10.108+0000] {processor.py:208} INFO - Processing /opt/airflow/dags/hw6_placeholder.py took 0.093 seconds
[2026-03-07T23:56:40.433+0000] {processor.py:186} INFO - Started process (PID=1356) to work on /opt/airflow/dags/hw6_placeholder.py
[2026-03-07T23:56:40.437+0000] {processor.py:914} INFO - Processing file /opt/airflow/dags/hw6_placeholder.py for tasks to queue
[2026-03-07T23:56:40.443+0000] {logging_mixin.py:190} INFO - [2026-03-07T23:56:40.442+0000] {dagbag.py:587} INFO - Filling up the DagBag from /opt/airflow/dags/hw6_placeholder.py
[2026-03-07T23:56:40.481+0000] {processor.py:925} INFO - DAG(s) 'weather_ETL_incremental' retrieved from /opt/airflow/dags/hw6_placeholder.py
[2026-03-07T23:56:40.497+0000] {logging_mixin.py:190} INFO - [2026-03-07T23:56:40.497+0000] {dag.py:3229} INFO - Sync 1 DAGs
[2026-03-07T23:56:40.520+0000] {logging_mixin.py:190} INFO - [2026-03-07T23:56:40.520+0000] {dag.py:4156} INFO - Setting next_dagrun for weather_ETL_incremental to 2026-03-07 03:30:00+00:00, run_after=2026-03-08 03:30:00+00:00
[2026-03-07T23:56:40.531+0000] {processor.py:208} INFO - Processing /opt/airflow/dags/hw6_placeholder.py took 0.104 seconds
[2026-03-07T23:57:10.843+0000] {processor.py:186} INFO - Started process (PID=1367) to work on /opt/airflow/dags/hw6_placeholder.py
[2026-03-07T23:57:10.845+0000] {processor.py:914} INFO - Processing file /opt/airflow/dags/hw6_placeholder.py for tasks to queue
[2026-03-07T23:57:10.850+0000] {logging_mixin.py:190} INFO - [2026-03-07T23:57:10.849+0000] {dagbag.py:587} INFO - Filling up the DagBag from /opt/airflow/dags/hw6_placeholder.py
[2026-03-07T23:57:10.892+0000] {processor.py:925} INFO - DAG(s) 'weather_ETL_incremental' retrieved from /opt/airflow/dags/hw6_placeholder.py
[2026-03-07T23:57:10.912+0000] {logging_mixin.py:190} INFO - [2026-03-07T23:57:10.912+0000] {dag.py:3229} INFO - Sync 1 DAGs
[2026-03-07T23:57:10.926+0000] {logging_mixin.py:190} INFO - [2026-03-07T23:57:10.926+0000] {dag.py:4156} INFO - Setting next_dagrun for weather_ETL_incremental to 2026-03-07 03:30:00+00:00, run_after=2026-03-08 03:30:00+00:00
[2026-03-07T23:57:10.938+0000] {processor.py:208} INFO - Processing /opt/airflow/dags/hw6_placeholder.py took 0.112 seconds
[2026-03-07T23:57:41.331+0000] {processor.py:186} INFO - Started process (PID=1378) to work on /opt/airflow/dags/hw6_placeholder.py
[2026-03-07T23:57:41.333+0000] {processor.py:914} INFO - Processing file /opt/airflow/dags/hw6_placeholder.py for tasks to queue
[2026-03-07T23:57:41.339+0000] {logging_mixin.py:190} INFO - [2026-03-07T23:57:41.338+0000] {dagbag.py:587} INFO - Filling up the DagBag from /opt/airflow/dags/hw6_placeholder.py
[2026-03-07T23:57:41.380+0000] {processor.py:925} INFO - DAG(s) 'weather_ETL_incremental' retrieved from /opt/airflow/dags/hw6_placeholder.py
[2026-03-07T23:57:41.395+0000] {logging_mixin.py:190} INFO - [2026-03-07T23:57:41.394+0000] {dag.py:3229} INFO - Sync 1 DAGs
[2026-03-07T23:57:41.412+0000] {logging_mixin.py:190} INFO - [2026-03-07T23:57:41.412+0000] {dag.py:4156} INFO - Setting next_dagrun for weather_ETL_incremental to 2026-03-07 03:30:00+00:00, run_after=2026-03-08 03:30:00+00:00
[2026-03-07T23:57:41.421+0000] {processor.py:208} INFO - Processing /opt/airflow/dags/hw6_placeholder.py took 0.102 seconds
[2026-03-07T23:58:11.759+0000] {processor.py:186} INFO - Started process (PID=1389) to work on /opt/airflow/dags/hw6_placeholder.py
[2026-03-07T23:58:11.760+0000] {processor.py:914} INFO - Processing file /opt/airflow/dags/hw6_placeholder.py for tasks to queue
[2026-03-07T23:58:11.765+0000] {logging_mixin.py:190} INFO - [2026-03-07T23:58:11.765+0000] {dagbag.py:587} INFO - Filling up the DagBag from /opt/airflow/dags/hw6_placeholder.py
[2026-03-07T23:58:11.809+0000] {processor.py:925} INFO - DAG(s) 'weather_ETL_incremental' retrieved from /opt/airflow/dags/hw6_placeholder.py
[2026-03-07T23:58:11.827+0000] {logging_mixin.py:190} INFO - [2026-03-07T23:58:11.826+0000] {dag.py:3229} INFO - Sync 1 DAGs
[2026-03-07T23:58:11.841+0000] {logging_mixin.py:190} INFO - [2026-03-07T23:58:11.841+0000] {dag.py:4156} INFO - Setting next_dagrun for weather_ETL_incremental to 2026-03-07 03:30:00+00:00, run_after=2026-03-08 03:30:00+00:00
[2026-03-07T23:58:11.852+0000] {processor.py:208} INFO - Processing /opt/airflow/dags/hw6_placeholder.py took 0.109 seconds
[2026-03-07T23:58:42.182+0000] {processor.py:186} INFO - Started process (PID=1400) to work on /opt/airflow/dags/hw6_placeholder.py
[2026-03-07T23:58:42.185+0000] {processor.py:914} INFO - Processing file /opt/airflow/dags/hw6_placeholder.py for tasks to queue
[2026-03-07T23:58:42.192+0000] {logging_mixin.py:190} INFO - [2026-03-07T23:58:42.191+0000] {dagbag.py:587} INFO - Filling up the DagBag from /opt/airflow/dags/hw6_placeholder.py
[2026-03-07T23:58:42.235+0000] {processor.py:925} INFO - DAG(s) 'weather_ETL_incremental' retrieved from /opt/airflow/dags/hw6_placeholder.py
[2026-03-07T23:58:42.250+0000] {logging_mixin.py:190} INFO - [2026-03-07T23:58:42.250+0000] {dag.py:3229} INFO - Sync 1 DAGs
[2026-03-07T23:58:42.268+0000] {logging_mixin.py:190} INFO - [2026-03-07T23:58:42.268+0000] {dag.py:4156} INFO - Setting next_dagrun for weather_ETL_incremental to 2026-03-07 03:30:00+00:00, run_after=2026-03-08 03:30:00+00:00
[2026-03-07T23:58:42.278+0000] {processor.py:208} INFO - Processing /opt/airflow/dags/hw6_placeholder.py took 0.110 seconds
[2026-03-07T23:59:12.672+0000] {processor.py:186} INFO - Started process (PID=1422) to work on /opt/airflow/dags/hw6_placeholder.py
[2026-03-07T23:59:12.675+0000] {processor.py:914} INFO - Processing file /opt/airflow/dags/hw6_placeholder.py for tasks to queue
[2026-03-07T23:59:12.680+0000] {logging_mixin.py:190} INFO - [2026-03-07T23:59:12.679+0000] {dagbag.py:587} INFO - Filling up the DagBag from /opt/airflow/dags/hw6_placeholder.py
[2026-03-07T23:59:12.718+0000] {processor.py:925} INFO - DAG(s) 'weather_ETL_incremental' retrieved from /opt/airflow/dags/hw6_placeholder.py
[2026-03-07T23:59:12.731+0000] {logging_mixin.py:190} INFO - [2026-03-07T23:59:12.730+0000] {dag.py:3229} INFO - Sync 1 DAGs
[2026-03-07T23:59:12.746+0000] {logging_mixin.py:190} INFO - [2026-03-07T23:59:12.746+0000] {dag.py:4156} INFO - Setting next_dagrun for weather_ETL_incremental to 2026-03-07 03:30:00+00:00, run_after=2026-03-08 03:30:00+00:00
[2026-03-07T23:59:12.758+0000] {processor.py:208} INFO - Processing /opt/airflow/dags/hw6_placeholder.py took 0.099 seconds
[2026-03-07T23:59:43.058+0000] {processor.py:186} INFO - Started process (PID=1433) to work on /opt/airflow/dags/hw6_placeholder.py
[2026-03-07T23:59:43.061+0000] {processor.py:914} INFO - Processing file /opt/airflow/dags/hw6_placeholder.py for tasks to queue
[2026-03-07T23:59:43.071+0000] {logging_mixin.py:190} INFO - [2026-03-07T23:59:43.068+0000] {dagbag.py:587} INFO - Filling up the DagBag from /opt/airflow/dags/hw6_placeholder.py
[2026-03-07T23:59:43.101+0000] {processor.py:925} INFO - DAG(s) 'weather_ETL_incremental' retrieved from /opt/airflow/dags/hw6_placeholder.py
[2026-03-07T23:59:43.119+0000] {logging_mixin.py:190} INFO - [2026-03-07T23:59:43.119+0000] {dag.py:3229} INFO - Sync 1 DAGs
[2026-03-07T23:59:43.138+0000] {logging_mixin.py:190} INFO - [2026-03-07T23:59:43.138+0000] {dag.py:4156} INFO - Setting next_dagrun for weather_ETL_incremental to 2026-03-07 03:30:00+00:00, run_after=2026-03-08 03:30:00+00:00
[2026-03-07T23:59:43.151+0000] {processor.py:208} INFO - Processing /opt/airflow/dags/hw6_placeholder.py took 0.103 seconds
