[2026-03-07T23:37:34.323+0000] {local_task_job_runner.py:123} INFO - ::group::Pre task execution logs
[2026-03-07T23:37:34.332+0000] {taskinstance.py:2612} INFO - Dependencies all met for dep_context=non-requeueable deps ti=<TaskInstance: weather_ETL_incremental.load manual__2026-03-07T23:37:28.984446+00:00 [queued]>
[2026-03-07T23:37:34.335+0000] {taskinstance.py:2612} INFO - Dependencies all met for dep_context=requeueable deps ti=<TaskInstance: weather_ETL_incremental.load manual__2026-03-07T23:37:28.984446+00:00 [queued]>
[2026-03-07T23:37:34.336+0000] {taskinstance.py:2865} INFO - Starting attempt 1 of 1
[2026-03-07T23:37:34.341+0000] {taskinstance.py:2888} INFO - Executing <Task(_PythonDecoratedOperator): load> on 2026-03-07 23:37:28.984446+00:00
[2026-03-07T23:37:34.351+0000] {logging_mixin.py:190} WARNING - /home/***/.local/lib/python3.12/site-packages/***/task/task_runner/standard_task_runner.py:70 DeprecationWarning: This process (pid=871) is multi-threaded, use of fork() may lead to deadlocks in the child.
[2026-03-07T23:37:34.352+0000] {standard_task_runner.py:72} INFO - Started process 874 to run task
[2026-03-07T23:37:34.351+0000] {standard_task_runner.py:104} INFO - Running: ['***', 'tasks', 'run', 'weather_ETL_incremental', 'load', 'manual__2026-03-07T23:37:28.984446+00:00', '--job-id', '9', '--raw', '--subdir', 'DAGS_FOLDER/hw6_placeholder.py', '--cfg-path', '/tmp/tmp907hsyrz']
[2026-03-07T23:37:34.353+0000] {standard_task_runner.py:105} INFO - Job 9: Subtask load
[2026-03-07T23:37:34.378+0000] {task_command.py:467} INFO - Running <TaskInstance: weather_ETL_incremental.load manual__2026-03-07T23:37:28.984446+00:00 [running]> on host 24e32a6f0b7c
[2026-03-07T23:37:34.475+0000] {taskinstance.py:3131} INFO - Exporting env vars: AIRFLOW_CTX_DAG_OWNER='***' AIRFLOW_CTX_DAG_ID='weather_ETL_incremental' AIRFLOW_CTX_TASK_ID='load' AIRFLOW_CTX_EXECUTION_DATE='2026-03-07T23:37:28.984446+00:00' AIRFLOW_CTX_TRY_NUMBER='1' AIRFLOW_CTX_DAG_RUN_ID='manual__2026-03-07T23:37:28.984446+00:00'
[2026-03-07T23:37:34.477+0000] {taskinstance.py:731} INFO - ::endgroup::
[2026-03-07T23:37:34.488+0000] {logging_mixin.py:190} INFO - ========= Updating 2026-03-07's data ===========
[2026-03-07T23:37:34.499+0000] {base.py:84} INFO - Retrieving connection 'snowflake_conn'
[2026-03-07T23:37:34.501+0000] {connection.py:413} INFO - Snowflake Connector for Python Version: 3.12.1, Python Version: 3.12.5, Platform: Linux-6.12.68-linuxkit-aarch64-with-glibc2.36
[2026-03-07T23:37:34.502+0000] {connection.py:1196} INFO - Connecting to GLOBAL Snowflake domain
[2026-03-07T23:37:34.502+0000] {connection.py:1277} INFO - This connection is in OCSP Fail Open Mode. TLS Certificates would be checked for validity and revocation status. Any other Certificate Revocation related exceptions or OCSP Responder failures would be disregarded in favor of connectivity.
[2026-03-07T23:37:35.672+0000] {cursor.py:1156} INFO - Number of results in first chunk: 1
[2026-03-07T23:37:35.809+0000] {cursor.py:1156} INFO - Number of results in first chunk: 1
[2026-03-07T23:37:36.907+0000] {cursor.py:1156} INFO - Number of results in first chunk: 1
[2026-03-07T23:37:37.116+0000] {cursor.py:1156} INFO - Number of results in first chunk: 1
[2026-03-07T23:37:38.120+0000] {cursor.py:1156} INFO - Number of results in first chunk: 1
[2026-03-07T23:37:38.121+0000] {logging_mixin.py:190} INFO - 002003 (02000): 01c2e0e9-0308-0542-001b-e5430031c19e: SQL compilation error:
Stage 'USER_DB_FOX.RAW."TEMP_STAGE_weather_data_incremental"' does not exist or not authorized.
[2026-03-07T23:37:38.125+0000] {taskinstance.py:3310} ERROR - Task failed with exception
Traceback (most recent call last):
  File "/home/airflow/.local/lib/python3.12/site-packages/airflow/models/taskinstance.py", line 767, in _execute_task
    result = _execute_callable(context=context, **execute_callable_kwargs)
             ^^^^^^^^^^^^^^^^^^^^^^^^^^^^^^^^^^^^^^^^^^^^^^^^^^^^^^^^^^^^^
  File "/home/airflow/.local/lib/python3.12/site-packages/airflow/models/taskinstance.py", line 733, in _execute_callable
    return ExecutionCallableRunner(
           ^^^^^^^^^^^^^^^^^^^^^^^^
  File "/home/airflow/.local/lib/python3.12/site-packages/airflow/utils/operator_helpers.py", line 252, in run
    return self.func(*args, **kwargs)
           ^^^^^^^^^^^^^^^^^^^^^^^^^^
  File "/home/airflow/.local/lib/python3.12/site-packages/airflow/models/baseoperator.py", line 406, in wrapper
    return func(self, *args, **kwargs)
           ^^^^^^^^^^^^^^^^^^^^^^^^^^^
  File "/home/airflow/.local/lib/python3.12/site-packages/airflow/decorators/base.py", line 266, in execute
    return_value = super().execute(context)
                   ^^^^^^^^^^^^^^^^^^^^^^^^
  File "/home/airflow/.local/lib/python3.12/site-packages/airflow/models/baseoperator.py", line 406, in wrapper
    return func(self, *args, **kwargs)
           ^^^^^^^^^^^^^^^^^^^^^^^^^^^
  File "/home/airflow/.local/lib/python3.12/site-packages/airflow/operators/python.py", line 238, in execute
    return_value = self.execute_callable()
                   ^^^^^^^^^^^^^^^^^^^^^^^
  File "/home/airflow/.local/lib/python3.12/site-packages/airflow/operators/python.py", line 256, in execute_callable
    return runner.run(*self.op_args, **self.op_kwargs)
           ^^^^^^^^^^^^^^^^^^^^^^^^^^^^^^^^^^^^^^^^^^^
  File "/home/airflow/.local/lib/python3.12/site-packages/airflow/utils/operator_helpers.py", line 252, in run
    return self.func(*args, **kwargs)
           ^^^^^^^^^^^^^^^^^^^^^^^^^^
  File "/opt/airflow/dags/hw6_placeholder.py", line 155, in load
    raise e
  File "/opt/airflow/dags/hw6_placeholder.py", line 150, in load
    populate_table_via_stage(cur, database, schema, target_table, file_path)
  File "/opt/airflow/dags/hw6_placeholder.py", line 102, in populate_table_via_stage
    cur.execute(f"PUT 'file://{file_path}' @\"{stage_name}\" AUTO_COMPRESS=TRUE")
  File "/home/airflow/.local/lib/python3.12/site-packages/snowflake/connector/cursor.py", line 1087, in execute
    Error.errorhandler_wrapper(self.connection, self, error_class, errvalue)
  File "/home/airflow/.local/lib/python3.12/site-packages/snowflake/connector/errors.py", line 284, in errorhandler_wrapper
    handed_over = Error.hand_to_other_handler(
                  ^^^^^^^^^^^^^^^^^^^^^^^^^^^^
  File "/home/airflow/.local/lib/python3.12/site-packages/snowflake/connector/errors.py", line 339, in hand_to_other_handler
    cursor.errorhandler(connection, cursor, error_class, error_value)
  File "/home/airflow/.local/lib/python3.12/site-packages/snowflake/connector/errors.py", line 215, in default_errorhandler
    raise error_class(
snowflake.connector.errors.ProgrammingError: 002003 (02000): 01c2e0e9-0308-0542-001b-e5430031c19e: SQL compilation error:
Stage 'USER_DB_FOX.RAW."TEMP_STAGE_weather_data_incremental"' does not exist or not authorized.
[2026-03-07T23:37:38.163+0000] {taskinstance.py:1225} INFO - Marking task as FAILED. dag_id=weather_ETL_incremental, task_id=load, run_id=manual__2026-03-07T23:37:28.984446+00:00, execution_date=20260307T233728, start_date=20260307T233734, end_date=20260307T233738
[2026-03-07T23:37:38.191+0000] {taskinstance.py:340} INFO - ::group::Post task execution logs
[2026-03-07T23:37:38.192+0000] {standard_task_runner.py:124} ERROR - Failed to execute job 9 for task load (002003 (02000): 01c2e0e9-0308-0542-001b-e5430031c19e: SQL compilation error:
Stage 'USER_DB_FOX.RAW."TEMP_STAGE_weather_data_incremental"' does not exist or not authorized.; 874)
Traceback (most recent call last):
  File "/home/airflow/.local/lib/python3.12/site-packages/airflow/task/task_runner/standard_task_runner.py", line 117, in _start_by_fork
    ret = args.func(args, dag=self.dag)
          ^^^^^^^^^^^^^^^^^^^^^^^^^^^^^
  File "/home/airflow/.local/lib/python3.12/site-packages/airflow/cli/cli_config.py", line 49, in command
    return func(*args, **kwargs)
           ^^^^^^^^^^^^^^^^^^^^^
  File "/home/airflow/.local/lib/python3.12/site-packages/airflow/utils/cli.py", line 115, in wrapper
    return f(*args, **kwargs)
           ^^^^^^^^^^^^^^^^^^
  File "/home/airflow/.local/lib/python3.12/site-packages/airflow/cli/commands/task_command.py", line 483, in task_run
    task_return_code = _run_task_by_selected_method(args, _dag, ti)
                       ^^^^^^^^^^^^^^^^^^^^^^^^^^^^^^^^^^^^^^^^^^^^
  File "/home/airflow/.local/lib/python3.12/site-packages/airflow/cli/commands/task_command.py", line 256, in _run_task_by_selected_method
    return _run_raw_task(args, ti)
           ^^^^^^^^^^^^^^^^^^^^^^^
  File "/home/airflow/.local/lib/python3.12/site-packages/airflow/cli/commands/task_command.py", line 341, in _run_raw_task
    return ti._run_raw_task(
           ^^^^^^^^^^^^^^^^^
  File "/home/airflow/.local/lib/python3.12/site-packages/airflow/utils/session.py", line 97, in wrapper
    return func(*args, session=session, **kwargs)
           ^^^^^^^^^^^^^^^^^^^^^^^^^^^^^^^^^^^^^^
  File "/home/airflow/.local/lib/python3.12/site-packages/airflow/models/taskinstance.py", line 3004, in _run_raw_task
    return _run_raw_task(
           ^^^^^^^^^^^^^^
  File "/home/airflow/.local/lib/python3.12/site-packages/airflow/models/taskinstance.py", line 273, in _run_raw_task
    TaskInstance._execute_task_with_callbacks(
  File "/home/airflow/.local/lib/python3.12/site-packages/airflow/models/taskinstance.py", line 3158, in _execute_task_with_callbacks
    result = self._execute_task(context, task_orig)
             ^^^^^^^^^^^^^^^^^^^^^^^^^^^^^^^^^^^^^^
  File "/home/airflow/.local/lib/python3.12/site-packages/airflow/models/taskinstance.py", line 3182, in _execute_task
    return _execute_task(self, context, task_orig)
           ^^^^^^^^^^^^^^^^^^^^^^^^^^^^^^^^^^^^^^^
  File "/home/airflow/.local/lib/python3.12/site-packages/airflow/models/taskinstance.py", line 767, in _execute_task
    result = _execute_callable(context=context, **execute_callable_kwargs)
             ^^^^^^^^^^^^^^^^^^^^^^^^^^^^^^^^^^^^^^^^^^^^^^^^^^^^^^^^^^^^^
  File "/home/airflow/.local/lib/python3.12/site-packages/airflow/models/taskinstance.py", line 733, in _execute_callable
    return ExecutionCallableRunner(
           ^^^^^^^^^^^^^^^^^^^^^^^^
  File "/home/airflow/.local/lib/python3.12/site-packages/airflow/utils/operator_helpers.py", line 252, in run
    return self.func(*args, **kwargs)
           ^^^^^^^^^^^^^^^^^^^^^^^^^^
  File "/home/airflow/.local/lib/python3.12/site-packages/airflow/models/baseoperator.py", line 406, in wrapper
    return func(self, *args, **kwargs)
           ^^^^^^^^^^^^^^^^^^^^^^^^^^^
  File "/home/airflow/.local/lib/python3.12/site-packages/airflow/decorators/base.py", line 266, in execute
    return_value = super().execute(context)
                   ^^^^^^^^^^^^^^^^^^^^^^^^
  File "/home/airflow/.local/lib/python3.12/site-packages/airflow/models/baseoperator.py", line 406, in wrapper
    return func(self, *args, **kwargs)
           ^^^^^^^^^^^^^^^^^^^^^^^^^^^
  File "/home/airflow/.local/lib/python3.12/site-packages/airflow/operators/python.py", line 238, in execute
    return_value = self.execute_callable()
                   ^^^^^^^^^^^^^^^^^^^^^^^
  File "/home/airflow/.local/lib/python3.12/site-packages/airflow/operators/python.py", line 256, in execute_callable
    return runner.run(*self.op_args, **self.op_kwargs)
           ^^^^^^^^^^^^^^^^^^^^^^^^^^^^^^^^^^^^^^^^^^^
  File "/home/airflow/.local/lib/python3.12/site-packages/airflow/utils/operator_helpers.py", line 252, in run
    return self.func(*args, **kwargs)
           ^^^^^^^^^^^^^^^^^^^^^^^^^^
  File "/opt/airflow/dags/hw6_placeholder.py", line 155, in load
    raise e
  File "/opt/airflow/dags/hw6_placeholder.py", line 150, in load
    populate_table_via_stage(cur, database, schema, target_table, file_path)
  File "/opt/airflow/dags/hw6_placeholder.py", line 102, in populate_table_via_stage
    cur.execute(f"PUT 'file://{file_path}' @\"{stage_name}\" AUTO_COMPRESS=TRUE")
  File "/home/airflow/.local/lib/python3.12/site-packages/snowflake/connector/cursor.py", line 1087, in execute
    Error.errorhandler_wrapper(self.connection, self, error_class, errvalue)
  File "/home/airflow/.local/lib/python3.12/site-packages/snowflake/connector/errors.py", line 284, in errorhandler_wrapper
    handed_over = Error.hand_to_other_handler(
                  ^^^^^^^^^^^^^^^^^^^^^^^^^^^^
  File "/home/airflow/.local/lib/python3.12/site-packages/snowflake/connector/errors.py", line 339, in hand_to_other_handler
    cursor.errorhandler(connection, cursor, error_class, error_value)
  File "/home/airflow/.local/lib/python3.12/site-packages/snowflake/connector/errors.py", line 215, in default_errorhandler
    raise error_class(
snowflake.connector.errors.ProgrammingError: 002003 (02000): 01c2e0e9-0308-0542-001b-e5430031c19e: SQL compilation error:
Stage 'USER_DB_FOX.RAW."TEMP_STAGE_weather_data_incremental"' does not exist or not authorized.
[2026-03-07T23:37:38.270+0000] {local_task_job_runner.py:266} INFO - Task exited with return code 1
[2026-03-07T23:37:38.322+0000] {taskinstance.py:3900} INFO - 0 downstream tasks scheduled from follow-on schedule check
[2026-03-07T23:37:38.323+0000] {local_task_job_runner.py:245} INFO - ::endgroup::
